STIME          TIME             UID   PID D    BLOCK   SIZE       COMM PATHNAME
447402543408   447402543674     501 12245 R 32376690   4096 Google_Chrome ??/LevelDB/000870.log
447402566505   447402566735     501 12245 R 32353813   4096 Google_Chrome ??/Extension_State/004551.log
447403411363   447403411569     501 12245 R 49287084   4096 Google_Chrome ??/js/d78540c4e43cbfe6_0
447403411870   447403412188     501 12245 R 21518282   4096 Google_Chrome ??/js/d78540c4e43cbfe6_0
447403411909   447403412873     501 12245 R 49287021 258048 Google_Chrome ??/js/d78540c4e43cbfe6_0
447403514391   447403514589     501 12245 R 49287162   4096 Google_Chrome ??/js/502a3edb0524aa20_0
447403514919   447403515147     501 12245 R 18366707   4096 Google_Chrome ??/js/502a3edb0524aa20_0
447403514968   447403515781     501 12245 R 49287113 200704 Google_Chrome ??/js/502a3edb0524aa20_0
447403662768   447403662968     501 12245 W 32625876  28672 Google_Chrome ??/Default/Network_Action_Predictor-journal
447403663239   447403663367     501 12245 W 32625876   4096 Google_Chrome ??/Default/Network_Action_Predictor-journal
447403668941   447403669013     501 12245 W 30455366   4096 Google_Chrome ??/Default/Network_Action_Predictor
447403668985   447403669070     501 12245 W 30455378   4096 Google_Chrome ??/Default/Network_Action_Predictor
447403669910   447403669986     501 12245 W 48975681   4096 Google_Chrome ??/Default/Network_Action_Predictor
447403669954   447403670036     501 12245 W 48979782   4096 Google_Chrome ??/Default/Network_Action_Predictor
447403669988   447403670079     501 12245 W 30455430   4096 Google_Chrome ??/Default/Network_Action_Predictor
447403670518   447403670601     501 12245 W 18954550   4096 Google_Chrome ??/Default/Network_Action_Predictor
447403671433   447403671515     501 12245 W 48959744   4096 Google_Chrome ??/Default/Network_Action_Predictor
447403671714   447403671796     501 12245 W 30455489   4096 Google_Chrome ??/Default/Network_Action_Predictor
447403671759   447403671867     501 12245 W 48981945   4096 Google_Chrome ??/Default/Network_Action_Predictor
447403671796   447403671919     501 12245 W 48981837   4096 Google_Chrome ??/Default/Network_Action_Predictor
447403672804   447403672891     501 12245 W 18960428   4096 Google_Chrome ??/Default/Network_Action_Predictor
447403673677   447403673766     501 12245 W 18953176   4096 Google_Chrome ??/Default/Network_Action_Predictor
447403673944   447403674028     501 12245 W 30455583   4096 Google_Chrome ??/Default/Network_Action_Predictor
447403674244   447403674325     501 12245 W 18953322   4096 Google_Chrome ??/Default/Network_Action_Predictor
447403675033   447403675119     501 12245 W 57820874   4096 Google_Chrome ??/Default/Network_Action_Predictor
447403675085   447403675247     501 12245 W 30455636   4096 Google_Chrome ??/Default/Network_Action_Predictor
447403675222   447403675360     501 12245 W 30455637   4096 Google_Chrome ??/Default/Network_Action_Predictor
447403675356   447403675460     501 12245 W 48980931   4096 Google_Chrome ??/Default/Network_Action_Predictor
447403676194   447403676279     501 12245 W 18952935   4096 Google_Chrome ??/Default/Network_Action_Predictor
447403676472   447403676555     501 12245 W 30455772   4096 Google_Chrome ??/Default/Network_Action_Predictor
447403677119   447403677213     501 12245 W 57821288   4096 Google_Chrome ??/Default/Network_Action_Predictor
447403677170   447403677291     501 12245 W 18941383   4096 Google_Chrome ??/Default/Network_Action_Predictor
447403678064   447403678166     501 12245 W 48967173   4096 Google_Chrome ??/Default/Network_Action_Predictor
447403678148   447403678288     501 12245 W 30455925   4096 Google_Chrome ??/Default/Network_Action_Predictor
447403679100   447403679191     501 12245 W 57821845   4096 Google_Chrome ??/Default/Network_Action_Predictor
447403679176   447403679311     501 12245 W 48980663   4096 Google_Chrome ??/Default/Network_Action_Predictor
447403679316   447403679408     501 12245 W 57821887   4096 Google_Chrome ??/Default/Network_Action_Predictor
447403965404   447403965665     501 12245 R 49302094   4096 Google_Chrome ??/js/eaa7631c1bb1ceec_0
447403974850   447403975107     501 12245 R 26466878   4096 Google_Chrome ??/js/a229784d70cdadfb_0
447403979546   447403979854     501 12245 R 25528891   4096 Google_Chrome ??/js/a229784d70cdadfb_0
447403979620   447403980571     501 12245 R 26466317 258048 Google_Chrome ??/js/a229784d70cdadfb_0
447403979741   447403981947     501 12245 R 26466380 524288 Google_Chrome ??/js/a229784d70cdadfb_0
447403979912   447403982991     501 12245 R 26466508 524288 Google_Chrome ??/js/a229784d70cdadfb_0
447403980067   447403984010     501 12245 R 26466636 524288 Google_Chrome ??/js/a229784d70cdadfb_0
447403980257   447403984879     501 12245 R 26466764 466944 Google_Chrome ??/js/a229784d70cdadfb_0
447404013374   447404013618     501 12245 R 25246198   4096 Google_Chrome ??/Default/History-journal
447404013625   447404013749     501 12245 W 32515337  12288 Google_Chrome ??/Default/Shortcuts-journal
447404014451   447404014568     501 12245 W 32515337   4096 Google_Chrome ??/Default/Shortcuts-journal
447404016285   447404016388     501 12245 W 28735626   4096 Google_Chrome ??/Default/Shortcuts
447404016366   447404016510     501 12245 W 28735636   4096 Google_Chrome ??/Default/Shortcuts
447404059782   447404059913     501 12245 W 49302094   4096 Google_Chrome ??/js/eaa7631c1bb1ceec_0
447404060403   447404060535     501 12245 W 49302094   4096 Google_Chrome ??/js/eaa7631c1bb1ceec_0
447404062502   447404062635     501 12245 W 49302094   4096 Google_Chrome ??/js/eaa7631c1bb1ceec_0
447404062981   447404063068     501 12245 W 49302094   4096 Google_Chrome ??/js/eaa7631c1bb1ceec_0
447404072712   447404072877     501 12245 W 49302094   4096 Google_Chrome ??/js/eaa7631c1bb1ceec_0
447404074173   447404074338     501 12245 W 49302094   4096 Google_Chrome ??/js/eaa7631c1bb1ceec_0
447404083596   447404083746     501 12245 W 49302094   4096 Google_Chrome ??/js/eaa7631c1bb1ceec_0
447404084322   447404084448     501 12245 W 49302094   4096 Google_Chrome ??/js/eaa7631c1bb1ceec_0
447404206354   447404207304     501 12245 R 38429888 262144 Google_Chrome ??/GENERATED/commons.js
447404207341   447404208850     501 12245 R 38429952 524288 Google_Chrome ??/GENERATED/commons.js
447404207480   447404209894     501 12245 R 38430080 524288 Google_Chrome ??/GENERATED/commons.js
447404207633   447404210773     501 12245 R 38430208 524288 Google_Chrome ??/GENERATED/commons.js
447404207868   447404211314     501 12245 R 38430336 294912 Google_Chrome ??/GENERATED/commons.js
447404240751   447404240991     501 12245 R 30787913   4096 Google_Chrome ??/Default/Current_Session
447405972331   447405972524     501 12245 R 50726451   4096 Google_Chrome ??/icons/abp-16.png
447405972924   447405973118     501 12245 R 50726453   4096 Google_Chrome ??/icons/abp-32.png
447406061262   447406062188     501 12245 R 38432475 262144 Google_Chrome ??/GENERATED/hotel.js
447406061359   447406062311     501 12245 R 38432539  77824 Google_Chrome ??/GENERATED/hotel.js
447406063281   447406064361     501 12245 R 38432265 262144 Google_Chrome ??/GENERATED/dewey.js
447406063398   447406064381     501 12245 R 38432329  28672 Google_Chrome ??/GENERATED/dewey.js
447406066300   447406067010     501 12245 R 38434714 139264 Google_Chrome ??/GENERATED/watch.js
447408864572   447408864813     501 12245 R 26466951   4096 Google_Chrome ??/js/3895f7180b5b64bc_0
447408865183   447408865447     501 12245 R 25529373   4096 Google_Chrome ??/js/3895f7180b5b64bc_0
447408865231   447408866103     501 12245 R 26466893 237568 Google_Chrome ??/js/3895f7180b5b64bc_0
447408996322   447408996693     501 12245 R 37265997   4096 Google_Chrome ??/js/9540d7061e95c4c4_0
447408996997   447408997251     501 12245 R 18431516   4096 Google_Chrome ??/js/9540d7061e95c4c4_0
447408997048   447408997907     501 12245 R 37265948 200704 Google_Chrome ??/js/9540d7061e95c4c4_0
447409040173   447409040402     501 12245 R 36712937   4096 Google_Chrome ??/cfhdojbkjhnklbpkdaibdccddilifddb/LOG
447409095760   447409098061     501 12245 W 32625916 1048576 Google_Chrome ??/cfhdojbkjhnklbpkdaibdccddilifddb/057867.ldb
447409095911   447409100152     501 12245 W 32626172 1048576 Google_Chrome ??/cfhdojbkjhnklbpkdaibdccddilifddb/057867.ldb
447409098195   447409102250     501 12245 W 32626428 1048576 Google_Chrome ??/cfhdojbkjhnklbpkdaibdccddilifddb/057867.ldb
447409100240   447409104205     501 12245 W 32626684 864256 Google_Chrome ??/cfhdojbkjhnklbpkdaibdccddilifddb/057867.ldb
447409141843   447409142083     501 12245 R  3526155   4096 Google_Chrome ??/cfhdojbkjhnklbpkdaibdccddilifddb/MANIFEST-039721
447409148356   447409152515     501 12245 R 32511870   4096 Google_Chrome ??/js/4022fca350ac7c7c_0
447409153126   447409153686     501 12245 R 18461688   4096 Google_Chrome ??/js/4022fca350ac7c7c_0
447409153163   447409153753     501 12245 R 32511868   8192 Google_Chrome ??/js/4022fca350ac7c7c_0
447409154361   447409154462     501 12245 W  3526155   4096 Google_Chrome ??/cfhdojbkjhnklbpkdaibdccddilifddb/MANIFEST-039721
447409183044   447409183973     501 12245 R 26588921 262144 Google_Chrome ??/cfhdojbkjhnklbpkdaibdccddilifddb/057863.ldb
447409279261   447409281592     501 12245 W 32627084 1048576 Google_Chrome ??/cfhdojbkjhnklbpkdaibdccddilifddb/057868.ldb
447409279401   447409283702     501 12245 W 32627340 1048576 Google_Chrome ??/cfhdojbkjhnklbpkdaibdccddilifddb/057868.ldb
447409281678   447409285831     501 12245 W 32627596 1048576 Google_Chrome ??/cfhdojbkjhnklbpkdaibdccddilifddb/057868.ldb
447409283785   447409288039     501 12245 W 32627852 864256 Google_Chrome ??/cfhdojbkjhnklbpkdaibdccddilifddb/057868.ldb
447409311665   447409311918     501 12245 R 18954903   4096 Google_Chrome ??/leveldb/086264.log
447409311741   447409312004     501 12245 R 25574951   4096 Google_Chrome ??/cfhdojbkjhnklbpkdaibdccddilifddb/057859.ldb
447409312764   447409312869     501 12245 W 32628063   4096 Google_Chrome ??/cfhdojbkjhnklbpkdaibdccddilifddb/057869.ldb
447409340390   447409340457     501 12245 W  3526155   4096 Google_Chrome ??/cfhdojbkjhnklbpkdaibdccddilifddb/MANIFEST-039721
447409887169   447409887687     501 12245 R 32376691   4096 Google_Chrome ??/LevelDB/000870.log
447409889335   447409889618     501 12245 R 32353828   4096 Google_Chrome ??/Extension_State/004551.log
447412258208   447412258456     501 12245 R 32628111   4096 Google_Chrome ??/Default/History-journal
447412545637   447412545915     501 12245 W 32628144  69632 Google_Chrome ??/Chrome/.com.google.Chrome.krL4Ea
447412645475   447412646064     501 12245 W 32628161 212992 Google_Chrome ??/Default/.com.google.Chrome.S73oMo
447414090265   447414090535     501 12245 W 32628111  16384 Google_Chrome ??/Default/History-journal
447414090681   447414091094     501 12245 R 32574471   4096 Google_Chrome ??/Default/History-journal
447414091262   447414091432     501 12245 W 32574471   4096 Google_Chrome ??/Default/History-journal
447414095650   447414095774     501 12245 W 46753869   8192 Google_Chrome ??/Default/History
447414096513   447414096608     501 12245 W 18947193   4096 Google_Chrome ??/Default/History
447414096835   447414096931     501 12245 W 30455151   4096 Google_Chrome ??/Default/History
447414097603   447414097688     501 12245 W 18946269   4096 Google_Chrome ??/Default/History
447414097664   447414097787     501 12245 W 30457416   4096 Google_Chrome ??/Default/History
447414098238   447414098328     501 12245 W 30457820   4096 Google_Chrome ??/Default/History
447414099050   447414099166     501 12245 W 59258867   4096 Google_Chrome ??/Default/History
447414099395   447414099490     501 12245 W 59259062   4096 Google_Chrome ??/Default/History
447414099681   447414099773     501 12245 W 59259400   4096 Google_Chrome ??/Default/History
447414099746   447414099874     501 12245 W 59259500   4096 Google_Chrome ??/Default/History
447414100651   447414100772     501 12245 W 48969113   4096 Google_Chrome ??/Default/History
447414102108   447414102201     501 12245 W 38450465   4096 Google_Chrome ??/Default/History
447414102176   447414102317     501 12245 W 38450485   4096 Google_Chrome ??/Default/History
447414102313   447414102436     501 12245 W 38450490   8192 Google_Chrome ??/Default/History
447414102416   447414102555     501 12245 W 38450496   4096 Google_Chrome ??/Default/History
447414102543   447414102661     501 12245 W 38450503   4096 Google_Chrome ??/Default/History
447414102652   447414102755     501 12245 W 38450505   4096 Google_Chrome ??/Default/History
447414102732   447414102855     501 12245 W 38450510   8192 Google_Chrome ??/Default/History
447414759072   447414759537     501 12245 R 18956694   4096 Google_Chrome ??/Default/Current_Session
447415331939   447415332056     501 12245 R 32628350   4096 Google_Chrome ??/LevelDB/000870.log
447415503332   447415503471     501 12245 R 32353857   4096 Google_Chrome ??/Extension_State/004551.log
447416631108   447416631380     501 12245 R 18954903   4096 Google_Chrome ??/leveldb/086264.log
447417051154   447417051304     501 12245 W 25251972   8192 Google_Chrome ??/Default/Network_Action_Predictor-journal
447417051597   447417051692     501 12245 W 25251972   4096 Google_Chrome ??/Default/Network_Action_Predictor-journal
447417052719   447417052884     501 12245 W 30455366   4096 Google_Chrome ??/Default/Network_Action_Predictor
447417052854   447417053003     501 12245 W 30455374   4096 Google_Chrome ??/Default/Network_Action_Predictor
447417052998   447417053112     501 12245 W 30455384   4096 Google_Chrome ??/Default/Network_Action_Predictor
447417053943   447417054028     501 12245 W 48976034   4096 Google_Chrome ??/Default/Network_Action_Predictor
447417054237   447417054319     501 12245 W 30456203   4096 Google_Chrome ??/Default/Network_Action_Predictor
447417055018   447417055120     501 12245 W 48960142   4096 Google_Chrome ??/Default/Network_Action_Predictor
447417056448   447417056687     501 12245 W 25251988   8192 Google_Chrome ??/Default/Network_Action_Predictor-journal
447417056972   447417057170     501 12245 W 25251988   4096 Google_Chrome ??/Default/Network_Action_Predictor-journal
447417058080   447417058291     501 12245 W 30455366   4096 Google_Chrome ??/Default/Network_Action_Predictor
447417058219   447417058384     501 12245 W 30457597   4096 Google_Chrome ??/Default/Network_Action_Predictor
447417058302   447417058456     501 12245 W 30455557   4096 Google_Chrome ??/Default/Network_Action_Predictor
447417059401   447417059544     501 12245 W 18966687   4096 Google_Chrome ??/Default/Network_Action_Predictor
447417059482   447417059630     501 12245 W 30455760   4096 Google_Chrome ??/Default/Network_Action_Predictor
447417059542   447417059693     501 12245 W 30455852   4096 Google_Chrome ??/Default/Network_Action_Predictor
447417059949   447417060060     501 12245 W 48983374   4096 Google_Chrome ??/Default/Network_Action_Predictor
447422698831   447422699088     501 12245 W 32628473  69632 Google_Chrome ??/Chrome/.com.google.Chrome.cnV5Cf
447423521799   447423522106     501 12245 R 32628356   4096 Google_Chrome ??/LevelDB/000870.log
447424433289   447424433540     501 12245 R 18954903   4096 Google_Chrome ??/leveldb/086264.log
447425144234   447425145938     501 12245 R 32628364   4096 Google_Chrome ??/Default/History-journal
447425146109   447425146284     501 12245 W 32628364   4096 Google_Chrome ??/Default/History-journal
447425146595   447425146726     501 12245 W 59259500   4096 Google_Chrome ??/Default/History
447425146707   447425146871     501 12245 W 38450485   4096 Google_Chrome ??/Default/History
447425146866   447425146986     501 12245 W 38450503   4096 Google_Chrome ??/Default/History
447425146990   447425147091     501 12245 W 38450507   4096 Google_Chrome ??/Default/History
447425147076   447425147219     501 12245 W 38450510   8192 Google_Chrome ??/Default/History
447425295056   447425295511     501 12245 R 32516318   4096 Google_Chrome ??/Default/Current_Session
447427830771   447427831429     501 12245 W 32628570 212992 Google_Chrome ??/Default/.com.google.Chrome.8raFYl
447428556520   447428556827     501 12245 R 32353885   4096 Google_Chrome ??/Extension_State/004551.log
447429156509   447429157227     501 12245 W 32628627 290816 Google_Chrome ??/index-dir/temp-index
447431758071   447431758285     501 12245 R 18956472   4096 Google_Chrome ??/com.google.Chrome.savedState/data.data
447431843605   447431843882     501 12245 R 36713071   4096 Google_Chrome ??/com.google.Chrome.savedState/windows.plist
447431929302   447431929422     501 12245 W 36713071   4096 Google_Chrome ??/com.google.Chrome.savedState/windows.plist
447432013483   447432013679     501 12245 R 38437230   4096 Google_Chrome ??/browser/browseraction-off-19.png
447432017877   447432018194     501 12245 R 38437231   4096 Google_Chrome ??/browser/browseraction-off-38.png
447432794535   447432794814     501 12245 W 32628787  69632 Google_Chrome ??/Chrome/.com.google.Chrome.EgFT1W
447434993832   447434994003     501 12245 R 32628871   4096 Google_Chrome ??/Extension_State/004551.log
447435464140   447435464438     501 12245 R 32628730   4096 Google_Chrome ??/LevelDB/000870.log
447435849032   447435849393     501 12245 R 32628559   4096 Google_Chrome ??/Default/History-journal
447435849534   447435849651     501 12245 W 32628559   4096 Google_Chrome ??/Default/History-journal
447435850018   447435850088     501 12245 W 30455151   4096 Google_Chrome ??/Default/History
447435849977   447435850129     501 12245 W 30455304   4096 Google_Chrome ??/Default/History
447435850071   447435850179     501 12245 W 59259400   4096 Google_Chrome ??/Default/History
447435850194   447435850278     501 12245 W 18940002   4096 Google_Chrome ??/Default/History
447435850246   447435850312     501 12245 W 59259500   4096 Google_Chrome ??/Default/History
447435851106   447435851203     501 12245 W 48958827   4096 Google_Chrome ??/Default/History
447435851751   447435851819     501 12245 W 59259637   4096 Google_Chrome ??/Default/History
447435851792   447435851856     501 12245 W 48969113   4096 Google_Chrome ??/Default/History
447435851872   447435851943     501 12245 W 38450400   4096 Google_Chrome ??/Default/History
447435851915   447435851980     501 12245 W 38450440   4096 Google_Chrome ??/Default/History
447435851950   447435852015     501 12245 W 38450485   4096 Google_Chrome ??/Default/History
447435851991   447435852053     501 12245 W 38450503   4096 Google_Chrome ??/Default/History
447435852030   447435852092     501 12245 W 38450507   4096 Google_Chrome ??/Default/History
447435852069   447435852200     501 12245 W 38450510  12288 Google_Chrome ??/Default/History
447437478577   447437478912     501 12245 R 32516489   4096 Google_Chrome ??/Default/Current_Session
447437910444   447437910654     501 12245 R 18954903   4096 Google_Chrome ??/leveldb/086264.log
447439161022   447439161425     501 12245 W 36713071   4096 Google_Chrome ??/com.google.Chrome.savedState/windows.plist
447439169622   447439170248     501 12245 W 32630761 212992 Google_Chrome ??/Default/.com.google.Chrome.9jEZS8
447440358001   447440359747     501 12245 R 32376904   4096 Google_Chrome ??/Default/Current_Tabs

