STIME          TIME             UID   PID D    BLOCK   SIZE       COMM PATHNAME
514528601850   514528603290     501 50637 W 24453191   8192 Google_Chrome ??/Default/Network_Action_Predictor-journal
514528603526   514528603663     501 50637 W 24453191   4096 Google_Chrome ??/Default/Network_Action_Predictor-journal
514528603940   514528604067     501 50637 W 30455366   4096 Google_Chrome ??/Default/Network_Action_Predictor
514528604009   514528604141     501 50637 W 59273482   4096 Google_Chrome ??/Default/Network_Action_Predictor
514528604103   514528604206     501 50637 W 48980711   4096 Google_Chrome ??/Default/Network_Action_Predictor
514528604166   514528604263     501 50637 W 18949834   4096 Google_Chrome ??/Default/Network_Action_Predictor
514528604233   514528604376     501 50637 W 48969050   4096 Google_Chrome ??/Default/Network_Action_Predictor
514528604363   514528604487     501 50637 W 48976603   4096 Google_Chrome ??/Default/Network_Action_Predictor
514528740044   514528740336     501 50637 R 13090366   4096 Google_Chrome ??/Default/Shortcuts
514528741425   514528741590     501 50637 W 40075942  16384 Google_Chrome ??/Default/Shortcuts-journal
514528741902   514528741989     501 50637 W 40075942   4096 Google_Chrome ??/Default/Shortcuts-journal
514528742164   514528742254     501 50637 W 30457890   4096 Google_Chrome ??/Default/Shortcuts
514528742976   514528743074     501 50637 W 13090366   4096 Google_Chrome ??/Default/Shortcuts
514528743059   514528743192     501 50637 W 13090374   4096 Google_Chrome ??/Default/Shortcuts
514528756464   514528756555     501 50637 W 53334912   4096 Google_Chrome ??/js/8454c39dd2240680_0
514528757656   514528757742     501 50637 W 53334912   4096 Google_Chrome ??/js/8454c39dd2240680_0
514528758022   514528758102     501 50637 W 53334912   4096 Google_Chrome ??/js/8454c39dd2240680_0
514528758335   514528758415     501 50637 W 53334912   4096 Google_Chrome ??/js/8454c39dd2240680_0
514528758710   514528758800     501 50637 W 53334912   4096 Google_Chrome ??/js/8454c39dd2240680_0
514529506794   514529506910     501 50637 W 53334912   4096 Google_Chrome ??/js/8454c39dd2240680_0
514529507246   514529507348     501 50637 W 53334912   4096 Google_Chrome ??/js/8454c39dd2240680_0
514529507672   514529507760     501 50637 W 53334912   4096 Google_Chrome ??/js/8454c39dd2240680_0
514529507998   514529508075     501 50637 W 53334912   4096 Google_Chrome ??/js/8454c39dd2240680_0
514529560568   514529560821     501 50637 R 18954103   4096 Google_Chrome ??/js/6117333e932ad1fa_0
514529562442   514529562716     501 50637 R 36353938   4096 Google_Chrome ??/js/6117333e932ad1fa_0
514529562613   514529562844     501 50637 R 52594878   4096 Google_Chrome ??/js/e1c0105f83d6584a_0
514529565023   514529565248     501 50637 R 18954110   4096 Google_Chrome ??/js/b11e7ba568ca8190_0
514529566749   514529566989     501 50637 R 25660343   4096 Google_Chrome ??/js/e1c0105f83d6584a_0
514529566921   514529567163     501 50637 R 36353939   4096 Google_Chrome ??/js/b11e7ba568ca8190_0
514529566787   514529567289     501 50637 R 52594868  40960 Google_Chrome ??/js/e1c0105f83d6584a_0
514529705586   514529705713     501 50637 W 53334965   4096 Google_Chrome ??/js/55fa218ef1ee7263_0
514529796558   514529796656     501 50637 W 53335012   4096 Google_Chrome ??/js/2486f0ee2ec7bc98_0
514529824639   514529824873     501 50637 R 32510868   4096 Google_Chrome ??/js/feb495d714628f74_0
514529825626   514529825839     501 50637 R 38172797   4096 Google_Chrome ??/js/feb495d714628f74_0
514529825668   514529825942     501 50637 R 32510866   8192 Google_Chrome ??/js/feb495d714628f74_0
514530003451   514530004877     501 50637 W 53334912   4096 Google_Chrome ??/js/8454c39dd2240680_0
514530005558   514530005686     501 50637 W 53334912   4096 Google_Chrome ??/js/8454c39dd2240680_0
514530006602   514530006702     501 50637 W 53334912   4096 Google_Chrome ??/js/8454c39dd2240680_0
514530007024   514530007109     501 50637 W 53334912   4096 Google_Chrome ??/js/8454c39dd2240680_0
514530040236   514530040451     501 50637 R 36354824   4096 Google_Chrome ??/js/19ba51116d6b4f35_0
514530040681   514530040902     501 50637 R 36353940   4096 Google_Chrome ??/js/19ba51116d6b4f35_0
514530040724   514530041044     501 50637 R 36354819  20480 Google_Chrome ??/js/19ba51116d6b4f35_0
514530143598   514530144162     501 50637 R 27798628   8192 Google_Chrome ??/dyld/dyld_shared_cache_x86_64
514530144364   514530144901     501 50637 R 27798537  57344 Google_Chrome ??/dyld/dyld_shared_cache_x86_64
514530145159   514530145492     501 50637 R 56894653  16384 Google_Chrome ??/dyld/dyld_shared_cache_x86_64
514530145622   514530146000     501 50637 R 27798563  32768 Google_Chrome ??/dyld/dyld_shared_cache_x86_64
514530147269   514530147630     501 50637 R 27798557  24576 Google_Chrome ??/dyld/dyld_shared_cache_x86_64
514530148337   514530148729     501 50637 R 27798474  32768 Google_Chrome ??/dyld/dyld_shared_cache_x86_64
514530148874   514530149239     501 50637 R 27798482  32768 Google_Chrome ??/dyld/dyld_shared_cache_x86_64
514530156383   514530156655     501 50637 R 56894421   4096 Google_Chrome ??/dyld/dyld_shared_cache_x86_64
514530539904   514530540219     501 50637 R 41383050  12288 Google_Chrome ??/dyld/dyld_shared_cache_x86_64
514530540574   514530540867     501 50637 R 41383054   8192 Google_Chrome ??/dyld/dyld_shared_cache_x86_64
514530561452   514530561796     501 50637 R 41380102   8192 Google_Chrome ??/dyld/dyld_shared_cache_x86_64
514532472630   514532472738     501 50637 W 53335280   4096 Google_Chrome ??/js/b8a5a1b9db45e0ee_0
514533034574   514533034792     501 50637 R 21341970   4096 Google_Chrome ??/https_www.youtube.com_0.indexeddb.leveldb/CURRENT
514533443189   514533443456     501 50637 W 53335640  45056 Google_Chrome ??/Chrome/.com.google.Chrome.tOoQFP
514536097266   514536097402     501 50637 W 50196896   4096 Google_Chrome ??/VideoDecodeStats/000003.log
514538810136   514538811755     501 50637 W 53335883  24576 Google_Chrome ??/Default/History-journal
514538811960   514538812134     501 50637 W 53335883   4096 Google_Chrome ??/Default/History-journal
514538812410   514538812572     501 50637 W 38450515   4096 Google_Chrome ??/Default/History
514538812521   514538812710     501 50637 W 38450558   4096 Google_Chrome ??/Default/History
514538812706   514538812883     501 50637 W 38450584  12288 Google_Chrome ??/Default/History
514543920015   514543921697     501 50637 W 53336104  45056 Google_Chrome ??/Chrome/.com.google.Chrome.JgWk16
514543959494   514543959925     501 50637 R 47708024  49152 Google_Chrome ??/Resources/chrome_100_percent.pak
514543960209   514543960806     501 50637 R 47708404  86016 Google_Chrome ??/Resources/chrome_200_percent.pak
514545933815   514545935370     501 50637 R 52598475   4096 Google_Chrome ??/com.google.Chrome.savedState/data.data
514548514589   514548516169     501 50637 W 24454573   8192 Google_Chrome ??/Default/Network_Action_Predictor-journal
514548516667   514548516842     501 50637 W 24454573   4096 Google_Chrome ??/Default/Network_Action_Predictor-journal
514548517130   514548517298     501 50637 W 30455366   4096 Google_Chrome ??/Default/Network_Action_Predictor
514548517217   514548517396     501 50637 W 30455374   4096 Google_Chrome ??/Default/Network_Action_Predictor
514548517302   514548517461     501 50637 W 18940701   4096 Google_Chrome ??/Default/Network_Action_Predictor
514548517437   514548517597     501 50637 W 48980711   4096 Google_Chrome ??/Default/Network_Action_Predictor
514548517559   514548517713     501 50637 W 18961389   4096 Google_Chrome ??/Default/Network_Action_Predictor
514548518541   514548518621     501 50637 W 18950245   4096 Google_Chrome ??/Default/Network_Action_Predictor
514548518610   514548518737     501 50637 W 48976606   4096 Google_Chrome ??/Default/Network_Action_Predictor
514548520140   514548520318     501 50637 W 24454575   8192 Google_Chrome ??/Default/Network_Action_Predictor-journal
514548520592   514548520738     501 50637 W 24454575   4096 Google_Chrome ??/Default/Network_Action_Predictor-journal
514548520949   514548521082     501 50637 W 30455366   4096 Google_Chrome ??/Default/Network_Action_Predictor
514548521008   514548521198     501 50637 W 30457597   4096 Google_Chrome ??/Default/Network_Action_Predictor
514548521075   514548521256     501 50637 W 30455557   4096 Google_Chrome ??/Default/Network_Action_Predictor
514548521195   514548521307     501 50637 W 48970739   4096 Google_Chrome ??/Default/Network_Action_Predictor
514548521433   514548521523     501 50637 W 48969648   4096 Google_Chrome ??/Default/Network_Action_Predictor
514548521757   514548521855     501 50637 W 48969163   4096 Google_Chrome ??/Default/Network_Action_Predictor
514549969412   514549970026     501 50637 W 53336217 229376 Google_Chrome ??/Default/.com.google.Chrome.RLXwpN
514553858898   514553861675     501 50637 W 53336736 348160 Google_Chrome ??/index-dir/the-real-index
514558734059   514558735626     501 50637 W 18954193   4096 Google_Chrome ??/Default/QuotaManager-journal
514558736030   514558736208     501 50637 W 18954193   4096 Google_Chrome ??/Default/QuotaManager-journal
514558736430   514558736586     501 50637 W 30457528   4096 Google_Chrome ??/Default/QuotaManager
514558736517   514558736666     501 50637 W 30457529   4096 Google_Chrome ??/Default/QuotaManager
514558736593   514558736801     501 50637 W 48976495   4096 Google_Chrome ??/Default/QuotaManager
514569433852   514569435416     501 50637 R 47860445   4096 Google_Chrome ??/GCM_Store/000003.log
514569435565   514569435656     501 50637 W 47860445   4096 Google_Chrome ??/GCM_Store/000003.log
514579441569   514579443535     501 50637 W 53337536 229376 Google_Chrome ??/Default/.com.google.Chrome.AxnSTj
514579835106   514579835604     501 50637 W 53337592 135168 Google_Chrome ??/Sync_Data/SyncData.sqlite3-journal
514579835892   514579836005     501 50637 W 53337592   4096 Google_Chrome ??/Sync_Data/SyncData.sqlite3-journal
514579836205   514579836395     501 50637 W 50920687  32768 Google_Chrome ??/Sync_Data/SyncData.sqlite3
514579836333   514579836521     501 50637 W 50920725  32768 Google_Chrome ??/Sync_Data/SyncData.sqlite3
514579836288   514579836660     501 50637 W 50920695  65536 Google_Chrome ??/Sync_Data/SyncData.sqlite3
514579872093   514579872452     501 50637 W 53337625  45056 Google_Chrome ??/Chrome/.com.google.Chrome.QIwFQL
514579946382   514579946569     501 50637 W 32514240   4096 Google_Chrome ??/Default/History-journal
514579946794   514579946971     501 50637 W 46753869   8192 Google_Chrome ??/Default/History
514623036577   514623036733     501 50637 W 18954572   4096 Google_Chrome ??/Default/QuotaManager-journal
514623036980   514623037075     501 50637 W 18954572   4096 Google_Chrome ??/Default/QuotaManager-journal
514623037213   514623037313     501 50637 W 30457528   4096 Google_Chrome ??/Default/QuotaManager
514623037254   514623037363     501 50637 W 30457529   4096 Google_Chrome ??/Default/QuotaManager
514623037317   514623037417     501 50637 W 48976495   4096 Google_Chrome ??/Default/QuotaManager
514624218845   514624220251     501 50637 W 50196896   4096 Google_Chrome ??/VideoDecodeStats/000003.log
514624952262   514624954015     501 50637 R 52598476   4096 Google_Chrome ??/com.google.Chrome.savedState/windows.plist
514624954372   514624954546     501 50637 W 52598476   4096 Google_Chrome ??/com.google.Chrome.savedState/windows.plist
514626366838   514626368561     501 50637 R 52597192   4096 Google_Chrome ??/Default/Current Tabs


