STIME          TIME             UID   PID D    BLOCK   SIZE       COMM PATHNAME
453168301853   453168303738     501 25888 W 33576649 212992 Google_Chrome ??/Default/.com.google.Chrome.vrMiO7
453168313574   453168313844     501 25888 W 33576701  45056 Google_Chrome ??/Chrome/.com.google.Chrome.jVQcza
453169378399   453169380105     501 25888 R 47779698   4096 Google_Chrome ??/Resources/icudtl.dat
453169380270   453169380776     501 25888 R 47779738   8192 Google_Chrome ??/Resources/icudtl.dat
453169380944   453169381563     501 25888 R 47779875  36864 Google_Chrome ??/Resources/icudtl.dat
453169381728   453169382279     501 25888 R 47779996  20480 Google_Chrome ??/Resources/icudtl.dat
453169382450   453169383003     501 25888 R 47779965  28672 Google_Chrome ??/Resources/icudtl.dat
453169383183   453169383895     501 25888 R 47779677  73728 Google_Chrome ??/Resources/icudtl.dat
453169574424   453169574977     501 25888 R 21225097  57344 Google_Chrome ??/dyld/dyld_shared_cache_x86_64
453169587763   453169588342     501 25888 R 41758645  36864 Google_Chrome ??/Fonts/PingFang.ttc
453169588581   453169589138     501 25888 R 41758660  40960 Google_Chrome ??/Fonts/PingFang.ttc
453169589304   453169589873     501 25888 R 41758675  53248 Google_Chrome ??/Fonts/PingFang.ttc
453169589964   453169590522     501 25888 R 41758878  53248 Google_Chrome ??/Fonts/PingFang.ttc
453169595396   453169595651     501 25888 R 49593181   4096 Google_Chrome ??/Default/Favicons
453173893037   453173893574     501 25888 R 27169902   4096 Google_Chrome ??/Default/Favicons
453174166691   453174167016     501 25888 R 47659597   8192 Google_Chrome ??/A/Google_Chrome_Framework
453174167484   453174167729     501 25888 R 26153617   4096 Google_Chrome ??/Default/Favicons
453174369684   453174369890     501 25888 R 47664434   4096 Google_Chrome ??/A/Google_Chrome_Framework
453174685402   453174685643     501 25888 R 49302094   4096 Google_Chrome ??/js/eaa7631c1bb1ceec_0
453174717287   453174717530     501 25888 R 26466878   4096 Google_Chrome ??/js/a229784d70cdadfb_0
453174718328   453174718586     501 25888 R 25528891   4096 Google_Chrome ??/js/a229784d70cdadfb_0
453174718364   453174719381     501 25888 R 26466317 258048 Google_Chrome ??/js/a229784d70cdadfb_0
453174718459   453174720759     501 25888 R 26466380 524288 Google_Chrome ??/js/a229784d70cdadfb_0
453174718568   453174721744     501 25888 R 26466508 524288 Google_Chrome ??/js/a229784d70cdadfb_0
453174718668   453174722850     501 25888 R 26466636 524288 Google_Chrome ??/js/a229784d70cdadfb_0
453174718765   453174723671     501 25888 R 26466764 466944 Google_Chrome ??/js/a229784d70cdadfb_0
453175586783   453175587383     501 25888 W 33576770  61440 Google_Chrome ??/Default/Network_Action_Predictor-journal
453175587712   453175587846     501 25888 W 33576770   4096 Google_Chrome ??/Default/Network_Action_Predictor-journal
453175588640   453175588869     501 25888 R 30455517   4096 Google_Chrome ??/Default/Network_Action_Predictor
453175589026   453175589264     501 25888 R 30455547   4096 Google_Chrome ??/Default/Network_Action_Predictor
453175589483   453175589741     501 25888 R 30455578   4096 Google_Chrome ??/Default/Network_Action_Predictor
453175590240   453175590491     501 25888 R 48964058   4096 Google_Chrome ??/Default/Network_Action_Predictor
453175591021   453175591234     501 25888 R 30455811   4096 Google_Chrome ??/Default/Network_Action_Predictor
453175592514   453175592767     501 25888 R 30457606   4096 Google_Chrome ??/Default/Network_Action_Predictor
453175593330   453175593446     501 25888 W 30455366   4096 Google_Chrome ??/Default/Network_Action_Predictor
453175593411   453175593591     501 25888 W 30455369   4096 Google_Chrome ??/Default/Network_Action_Predictor
453175593579   453175593749     501 25888 W 30455377   4096 Google_Chrome ??/Default/Network_Action_Predictor
453175593710   453175593888     501 25888 W 30455378   4096 Google_Chrome ??/Default/Network_Action_Predictor
453175593881   453175594023     501 25888 W 30455388   4096 Google_Chrome ??/Default/Network_Action_Predictor
453175594004   453175594149     501 25888 W 30455396   4096 Google_Chrome ??/Default/Network_Action_Predictor
453175594136   453175594276     501 25888 W 30455400   4096 Google_Chrome ??/Default/Network_Action_Predictor
453175595074   453175595171     501 25888 W 48958603   4096 Google_Chrome ??/Default/Network_Action_Predictor
453175595151   453175595301     501 25888 W 30455412   4096 Google_Chrome ??/Default/Network_Action_Predictor
453175595283   453175595452     501 25888 W 30455414   4096 Google_Chrome ??/Default/Network_Action_Predictor
453175595405   453175595560     501 25888 W 30455416   4096 Google_Chrome ??/Default/Network_Action_Predictor
453175595468   453175595595     501 25888 W 30455448   4096 Google_Chrome ??/Default/Network_Action_Predictor
453175596266   453175596360     501 25888 W 48962320   4096 Google_Chrome ??/Default/Network_Action_Predictor
453175596331   453175596414     501 25888 W 48959744   4096 Google_Chrome ??/Default/Network_Action_Predictor
453175597175   453175597275     501 25888 W 48976591   4096 Google_Chrome ??/Default/Network_Action_Predictor
453175598054   453175598157     501 25888 W 18950527   4096 Google_Chrome ??/Default/Network_Action_Predictor
453175598138   453175598292     501 25888 W 30455480   4096 Google_Chrome ??/Default/Network_Action_Predictor
453175598264   453175598420     501 25888 W 30455489   4096 Google_Chrome ??/Default/Network_Action_Predictor
453175598405   453175598537     501 25888 W 48981945   4096 Google_Chrome ??/Default/Network_Action_Predictor
453175598517   453175598669     501 25888 W 57820790   4096 Google_Chrome ??/Default/Network_Action_Predictor
453175598642   453175598790     501 25888 W 30455515   4096 Google_Chrome ??/Default/Network_Action_Predictor
453175598770   453175598904     501 25888 W 30455517   4096 Google_Chrome ??/Default/Network_Action_Predictor
453175598891   453175599023     501 25888 W 18960428   4096 Google_Chrome ??/Default/Network_Action_Predictor
453175599135   453175599228     501 25888 W 30455547   4096 Google_Chrome ??/Default/Network_Action_Predictor
453175599956   453175600060     501 25888 W 48975168   4096 Google_Chrome ??/Default/Network_Action_Predictor
453175600030   453175600186     501 25888 W 30455558   4096 Google_Chrome ??/Default/Network_Action_Predictor
453175600911   453175601006     501 25888 W 18953176   4096 Google_Chrome ??/Default/Network_Action_Predictor
453175601716   453175601817     501 25888 W 48969505   4096 Google_Chrome ??/Default/Network_Action_Predictor
453175601795   453175601949     501 25888 W 30455578   4096 Google_Chrome ??/Default/Network_Action_Predictor
453175601933   453175602075     501 25888 W 30455584   4096 Google_Chrome ??/Default/Network_Action_Predictor
453175602072   453175602198     501 25888 W 48959750   4096 Google_Chrome ??/Default/Network_Action_Predictor
453175602180   453175602321     501 25888 W 30455608   4096 Google_Chrome ??/Default/Network_Action_Predictor
453175602624   453175602722     501 25888 W 18953322   4096 Google_Chrome ??/Default/Network_Action_Predictor
453175602950   453175603047     501 25888 W 57820874   4096 Google_Chrome ??/Default/Network_Action_Predictor
453175603784   453175603879     501 25888 W 18949517   4096 Google_Chrome ??/Default/Network_Action_Predictor
453175603859   453175604023     501 25888 W 30455617   4096 Google_Chrome ??/Default/Network_Action_Predictor
453175603965   453175604096     501 25888 W 57820889   4096 Google_Chrome ??/Default/Network_Action_Predictor
453175604012   453175604199     501 25888 W 30455631   4096 Google_Chrome ??/Default/Network_Action_Predictor
453175604112   453175604233     501 25888 W 30455634   4096 Google_Chrome ??/Default/Network_Action_Predictor
453175604412   453175604889     501 25888 R 47699224  12288 Google_Chrome ??/A/Google_Chrome_Framework
453175605346   453175605454     501 25888 W 59260344   4096 Google_Chrome ??/Default/Network_Action_Predictor
453175605448   453175605588     501 25888 W 48984634   4096 Google_Chrome ??/Default/Network_Action_Predictor
453175606166   453175606266     501 25888 W 18949834   4096 Google_Chrome ??/Default/Network_Action_Predictor
453175606898   453175607009     501 25888 W 48964058   4096 Google_Chrome ??/Default/Network_Action_Predictor
453175606968   453175607099     501 25888 W 51097744   4096 Google_Chrome ??/Default/Network_Action_Predictor
453175607020   453175607162     501 25888 W 30455655   4096 Google_Chrome ??/Default/Network_Action_Predictor
453175607122   453175607238     501 25888 W 57820950   4096 Google_Chrome ??/Default/Network_Action_Predictor
453175607183   453175607308     501 25888 W 51097763   4096 Google_Chrome ??/Default/Network_Action_Predictor
453175607837   453175607935     501 25888 W 48969755   4096 Google_Chrome ??/Default/Network_Action_Predictor
453175608129   453175608217     501 25888 W 57821030   4096 Google_Chrome ??/Default/Network_Action_Predictor
453175608504   453175608591     501 25888 W 51097803   4096 Google_Chrome ??/Default/Network_Action_Predictor
453175608558   453175608662     501 25888 W 30455704   4096 Google_Chrome ??/Default/Network_Action_Predictor
453175609377   453175609473     501 25888 W 18952935   4096 Google_Chrome ??/Default/Network_Action_Predictor
453175609446   453175609609     501 25888 W 30455735   4096 Google_Chrome ??/Default/Network_Action_Predictor
453175609587   453175609711     501 25888 W 30455737   4096 Google_Chrome ??/Default/Network_Action_Predictor
453175609681   453175609827     501 25888 W 30455747   4096 Google_Chrome ??/Default/Network_Action_Predictor
453175609804   453175609929     501 25888 W 48980932   4096 Google_Chrome ??/Default/Network_Action_Predictor
453175609957   453175610037     501 25888 W 30455811   4096 Google_Chrome ??/Default/Network_Action_Predictor
453175610264   453175610363     501 25888 W 57821288   4096 Google_Chrome ??/Default/Network_Action_Predictor
453175611134   453175611238     501 25888 W 18941383   4096 Google_Chrome ??/Default/Network_Action_Predictor
453175611222   453175611386     501 25888 W 30455901   4096 Google_Chrome ??/Default/Network_Action_Predictor
453175612229   453175612346     501 25888 W 48967173   4096 Google_Chrome ??/Default/Network_Action_Predictor
453175612337   453175612478     501 25888 W 30455925   4096 Google_Chrome ??/Default/Network_Action_Predictor
453175612460   453175612596     501 25888 W 48983370   4096 Google_Chrome ??/Default/Network_Action_Predictor
453175612595   453175612693     501 25888 W 30457606   4096 Google_Chrome ??/Default/Network_Action_Predictor
453175612989   453175613087     501 25888 W 57821887   4096 Google_Chrome ??/Default/Network_Action_Predictor
453176108897   453176109121     501 25888 R 47661934   4096 Google_Chrome ??/A/Google_Chrome_Framework
453176116659   453176116884     501 25888 R 28735627   4096 Google_Chrome ??/Default/Shortcuts
453176117317   453176117457     501 25888 W 32517917  12288 Google_Chrome ??/Default/Shortcuts-journal
453176117604   453176117700     501 25888 W 32517917   4096 Google_Chrome ??/Default/Shortcuts-journal
453176118349   453176118455     501 25888 W 28735627   4096 Google_Chrome ??/Default/Shortcuts
453176118424   453176118570     501 25888 W 13090368   4096 Google_Chrome ??/Default/Shortcuts
453176177893   453176178033     501 25888 W 33576805   4096 Google_Chrome ??/js/271861cd7e9578ab_0
453176194309   453176194411     501 25888 W 33576805   4096 Google_Chrome ??/js/271861cd7e9578ab_0
453176194857   453176194964     501 25888 W 33576805   4096 Google_Chrome ??/js/271861cd7e9578ab_0
453176332130   453176332683     501 25888 R 32309604   8192 Google_Chrome ??/leveldb/086266.ldb
453176333502   453176333797     501 25888 R 17707512  12288 Google_Chrome ??/leveldb/070822.ldb
453176333907   453176334142     501 25888 R 17707515   4096 Google_Chrome ??/leveldb/070822.ldb
453176333941   453176334335     501 25888 R 17707516   8192 Google_Chrome ??/leveldb/070822.ldb
453176336752   453176336866     501 25888 W 33576805   4096 Google_Chrome ??/js/271861cd7e9578ab_0
453176337151   453176337229     501 25888 W 33576805   4096 Google_Chrome ??/js/271861cd7e9578ab_0
453176399548   453176399680     501 25888 W 33576805   4096 Google_Chrome ??/js/271861cd7e9578ab_0
453176400139   453176400247     501 25888 W 33576805   4096 Google_Chrome ??/js/271861cd7e9578ab_0
453176400630   453176400746     501 25888 W 33576805   4096 Google_Chrome ??/js/271861cd7e9578ab_0
453176401063   453176401157     501 25888 W 33576805   4096 Google_Chrome ??/js/271861cd7e9578ab_0
453176404398   453176404527     501 25888 W 33576805   4096 Google_Chrome ??/js/271861cd7e9578ab_0
453176404897   453176405015     501 25888 W 33576805   4096 Google_Chrome ??/js/271861cd7e9578ab_0
453176407107   453176407371     501 25888 R 47662471   8192 Google_Chrome ??/A/Google_Chrome_Framework
453176513618   453176513716     501 25888 W 33576844   4096 Google_Chrome ??/js/f7c961930956d593_0
453176540247   453176540327     501 25888 W 33576869   4096 Google_Chrome ??/js/c878ed6ba1cc2c3b_0
453176574455   453176574586     501 25888 W 33576887   4096 Google_Chrome ??/js/ff9d74fcaca50f97_0
453176578533   453176578616     501 25888 W 33576893   4096 Google_Chrome ??/js/2dc6099371f74c5b_0
453176640635   453176640792     501 25888 W 33576899   4096 Google_Chrome ??/js/8d17bb94bf839911_0
453176640722   453176640873     501 25888 W 33576900   4096 Google_Chrome ??/js/900dc9094a1abf91_0
453176671764   453176671869     501 25888 W 33576910   4096 Google_Chrome ??/js/16a4297ba7e14e6e_0
453176673202   453176673291     501 25888 W 33576916   4096 Google_Chrome ??/js/2383ddd28b681f68_0
453176719845   453176719951     501 25888 W 33576930   4096 Google_Chrome ??/js/fb89abe77204f396_0
453176852445   453176852530     501 25888 W 33576972   4096 Google_Chrome ??/js/59a0cd9352010e83_0
453176911866   453176911953     501 25888 W 33576973   4096 Google_Chrome ??/js/6e15bb54816e4f72_0
453176950684   453176950781     501 25888 W 33576975   4096 Google_Chrome ??/js/18cb130f0b29ffeb_0
453176989051   453176989175     501 25888 W 33576979   4096 Google_Chrome ??/js/eb8388755e10af29_0
453176991350   453176991456     501 25888 W 33576980   4096 Google_Chrome ??/js/3760c9c666ea8c45_0
453177032939   453177033023     501 25888 W 33576994   4096 Google_Chrome ??/js/07615fc31da8c3b9_0
453177243351   453177243446     501 25888 W 33576997   4096 Google_Chrome ??/js/04564ed941b66e70_0
453177392336   453177392578     501 25888 W 33576999   4096 Google_Chrome ??/js/55283ced06ee18a3_0
453177392325   453177392680     501 25888 W 33576998   4096 Google_Chrome ??/js/a715ea27c7083178_0
453177394628   453177394828     501 25888 W 33577000   4096 Google_Chrome ??/js/dd3cd52f9bbb8fa4_0
453177396447   453177396616     501 25888 W 33577001   4096 Google_Chrome ??/js/b364b86e7b391648_0
453177396950   453177397054     501 25888 W 33577002   4096 Google_Chrome ??/js/fc7298937e99f3df_0
453177399262   453177399387     501 25888 W 33577003   4096 Google_Chrome ??/js/7ce122d3d7c2f530_0
453177400804   453177401005     501 25888 W 33577004   4096 Google_Chrome ??/js/b344459b67333d5e_0
453177401423   453177401557     501 25888 W 33577005   4096 Google_Chrome ??/js/dc95dcdc7d057b83_0
453177403422   453177403527     501 25888 W 33577006   4096 Google_Chrome ??/js/5aaed0faeaf485b7_0
453177404298   453177404460     501 25888 W 33577007   4096 Google_Chrome ??/js/20b23dc50260cfa3_0
453177405297   453177405437     501 25888 W 33577008   4096 Google_Chrome ??/js/59c7de5f2f64fdc6_0
453177410155   453177410375     501 25888 W 33577009   4096 Google_Chrome ??/js/1ef5d08e598deda9_0
453177445121   453177445338     501 25888 W 33577010   4096 Google_Chrome ??/js/c67076187b00436e_0
453177448914   453177449586     501 25888 R 47662522  57344 Google_Chrome ??/A/Google_Chrome_Framework
453177449779   453177450034     501 25888 R 47662466   4096 Google_Chrome ??/A/Google_Chrome_Framework
453177450334   453177450576     501 25888 R 47654985   4096 Google_Chrome ??/A/Google_Chrome_Framework
453177450741   453177451079     501 25888 R 47654999  24576 Google_Chrome ??/A/Google_Chrome_Framework
453177451230   453177451517     501 25888 R 47662512   8192 Google_Chrome ??/A/Google_Chrome_Framework
453177451796   453177452156     501 25888 R 47662498   8192 Google_Chrome ??/A/Google_Chrome_Framework
453177452658   453177453075     501 25888 R 16785325  12288 Google_Chrome ??/A/Google_Chrome_Framework
453177578833   453177578914     501 25888 W 33577030   4096 Google_Chrome ??/js/c0c90401c33fe758_0
453177592686   453177592775     501 25888 W 33577031   4096 Google_Chrome ??/js/f0a54d81f1ba47f8_0
453177636066   453177636193     501 25888 W 33577032   4096 Google_Chrome ??/js/44e7593ca8fa59a5_0
453178742463   453178744051     501 25888 W 33577058  45056 Google_Chrome ??/Chrome/.com.google.Chrome.uC6mEv
453178784410   453178785111     501 25888 W 33577069 212992 Google_Chrome ??/Default/.com.google.Chrome.wR5omd
453183804933   453183805061     501 25888 W 33577206   4096 Google_Chrome ??/js/a8b8516cf225f3be_0
453183824515   453183824613     501 25888 W 33577207   4096 Google_Chrome ??/js/d115c4aab98c97b0_0
453183855075   453183855187     501 25888 W 33577217   4096 Google_Chrome ??/js/43320310b2cf87d6_0
453183862121   453183862236     501 25888 W 33577218   4096 Google_Chrome ??/js/7dd6b20f0ce36a4e_0
453183895840   453183895925     501 25888 W 33577234   4096 Google_Chrome ??/js/2803674daddc0340_0
453183923060   453183923193     501 25888 W 33577247   4096 Google_Chrome ??/js/961c1b27aca0313f_0
453183938829   453183938924     501 25888 W 33577250   4096 Google_Chrome ??/js/6c1650019cf22a40_0
453183989186   453183989309     501 25888 W 33577274   4096 Google_Chrome ??/js/6cc925774baebdc8_0
453184000480   453184000570     501 25888 W 33577275   4096 Google_Chrome ??/js/6a9bc75c0f4f1f11_0
453184300200   453184300298     501 25888 W 33577276   4096 Google_Chrome ??/js/1d71e44bb56002f5_0
453184446632   453184446720     501 25888 W 33577281   4096 Google_Chrome ??/js/f62203b21e78a762_0
453186186183   453186186284     501 25888 W 33576721   4096 Google_Chrome ??/Default/History-journal
453186186304   453186186589     501 25888 W 33577311  77824 Google_Chrome ??/Default/History-journal
453186186699   453186186797     501 25888 W 33576717   4096 Google_Chrome ??/Default/History-journal
453186187184   453186187272     501 25888 W 30457409   4096 Google_Chrome ??/Default/History
453186187239   453186187344     501 25888 W 46753869   8192 Google_Chrome ??/Default/History
453186187276   453186187407     501 25888 W 30457415   4096 Google_Chrome ??/Default/History
453186187371   453186187508     501 25888 W 48984544   4096 Google_Chrome ??/Default/History
453186188213   453186188301     501 25888 W 18947193   4096 Google_Chrome ??/Default/History
453186188932   453186189011     501 25888 W 48957474   4096 Google_Chrome ??/Default/History
453186188982   453186189049     501 25888 W 30457416   4096 Google_Chrome ??/Default/History
453186189646   453186189724     501 25888 W 51096656   4096 Google_Chrome ??/Default/History
453186190338   453186190414     501 25888 W 48959004   4096 Google_Chrome ??/Default/History
453186190390   453186190500     501 25888 W 30457664   4096 Google_Chrome ??/Default/History
453186190479   453186190582     501 25888 W 30457706   4096 Google_Chrome ??/Default/History
453186191180   453186191253     501 25888 W 48966065   4096 Google_Chrome ??/Default/History
453186191228   453186191290     501 25888 W 51096657   4096 Google_Chrome ??/Default/History
453186191961   453186192043     501 25888 W 48963034   4096 Google_Chrome ??/Default/History
453186192014   453186192104     501 25888 W 59259500   4096 Google_Chrome ??/Default/History
453186192115   453186192193     501 25888 W 38450453   4096 Google_Chrome ??/Default/History
453186192162   453186192239     501 25888 W 38450455   4096 Google_Chrome ??/Default/History
453186192198   453186192282     501 25888 W 38450485   4096 Google_Chrome ??/Default/History
453186192300   453186192383     501 25888 W 38450491   4096 Google_Chrome ??/Default/History
453186192350   453186192428     501 25888 W 38450503   4096 Google_Chrome ??/Default/History
453186192394   453186192529     501 25888 W 38450511  12288 Google_Chrome ??/Default/History
453186192801   453186192936     501 25888 W 33577339  24576 Google_Chrome ??/Default/Favicons-journal
453186193026   453186193104     501 25888 W 33577339   4096 Google_Chrome ??/Default/Favicons-journal
453186193263   453186193492     501 25888 R 38616204   4096 Google_Chrome ??/Default/Favicons
453186193640   453186193741     501 25888 W 30457470   4096 Google_Chrome ??/Default/Favicons
453186193685   453186193788     501 25888 W 51102686   4096 Google_Chrome ??/Default/Favicons
453186194424   453186194497     501 25888 W 18450791   4096 Google_Chrome ??/Default/Favicons
453186195107   453186195176     501 25888 W 28907321   4096 Google_Chrome ??/Default/Favicons
453186195151   453186195213     501 25888 W 37752203   4096 Google_Chrome ??/Default/Favicons
453186195187   453186195250     501 25888 W 37752205   4096 Google_Chrome ??/Default/Favicons
453186195252   453186195328     501 25888 W 38616155   4096 Google_Chrome ??/Default/Favicons
453186195308   453186195414     501 25888 W 38616158   4096 Google_Chrome ??/Default/Favicons
453186195389   453186195522     501 25888 W 38616202  12288 Google_Chrome ??/Default/Favicons
453186403361   453186403453     501 25888 W 33577401   4096 Google_Chrome ??/js/21d5e84d948cc29e_0
453186451137   453186451263     501 25888 W 33577407   4096 Google_Chrome ??/js/b826f50f7bbc19d5_0
453186469075   453186469163     501 25888 W 33577409   4096 Google_Chrome ??/js/fab78f89e3d6fe97_0
453186471948   453186472035     501 25888 W 33577411   4096 Google_Chrome ??/js/8ed209fdf8176d25_0
453186471948   453186472086     501 25888 W 33577410   4096 Google_Chrome ??/js/e3ada88c86166b1f_0
453186477886   453186477971     501 25888 W 33577412   4096 Google_Chrome ??/js/d29ee1e89cad9d8a_0
453186482777   453186482872     501 25888 W 33577413   4096 Google_Chrome ??/js/d46483b24cc7f6d1_0
453186487923   453186488037     501 25888 W 33577414   4096 Google_Chrome ??/js/e9518411d0e2836a_0
453186493089   453186493189     501 25888 W 33577415   4096 Google_Chrome ??/js/55312501c2e04009_0
453186493475   453186493560     501 25888 W 33577421   4096 Google_Chrome ??/js/4504835af1c24d96_0
453186496980   453186497085     501 25888 W 33577424   4096 Google_Chrome ??/js/f1120fe77ac2328f_0
453186499654   453186499759     501 25888 W 33577425   4096 Google_Chrome ??/js/4a7a0f029ea143e7_0
453186501118   453186501215     501 25888 W 33577427   4096 Google_Chrome ??/js/61b20cfd59863c7e_0
453186503810   453186503902     501 25888 W 33577431   4096 Google_Chrome ??/js/e549733c72459f8c_0
453186506173   453186506262     501 25888 W 33577432   4096 Google_Chrome ??/js/505b78765d9f4ebf_0
453186561174   453186561277     501 25888 W 33577434   4096 Google_Chrome ??/js/ffced1e0ceb41803_0
453186562035   453186562132     501 25888 W 33577435   4096 Google_Chrome ??/js/02e1c845dc02617e_0
453186787023   453186788445     501 25888 W 33577436   4096 Google_Chrome ??/js/4de22bb6afe79213_0
453186812349   453186812467     501 25888 W 33577437   4096 Google_Chrome ??/js/d296d5c34ac9d904_0
453187515316   453187515413     501 25888 W 33577444   4096 Google_Chrome ??/js/b02d383830d2a692_0
453188619982   453188621771     501 25888 R 47662571  53248 Google_Chrome ??/A/Google_Chrome_Framework
453188621988   453188622493     501 25888 R 47699419  61440 Google_Chrome ??/A/Google_Chrome_Framework
453188623076   453188623387     501 25888 R 47662447  20480 Google_Chrome ??/A/Google_Chrome_Framework
453188624990   453188625293     501 25888 R 47662540  12288 Google_Chrome ??/A/Google_Chrome_Framework
453188625657   453188625953     501 25888 R 47662476  16384 Google_Chrome ??/A/Google_Chrome_Framework
453188857649   453188857984     501 25888 R 47654267  20480 Google_Chrome ??/A/Google_Chrome_Framework
453188858075   453188858407     501 25888 R 47654275  12288 Google_Chrome ??/A/Google_Chrome_Framework
453188875508   453188875834     501 25888 R 47654273   4096 Google_Chrome ??/A/Google_Chrome_Framework
453188875875   453188876144     501 25888 R 10579427   4096 Google_Chrome ??/Default/Custom_Dictionary.txt
453188875944   453188876279     501 25888 R 41380105  28672 Google_Chrome ??/dyld/dyld_shared_cache_x86_64
453188876980   453188877219     501 25888 R 54391140   4096 Google_Chrome ??/langid.inv/langid.inv/..namedfork/rsrc
453188878090   453188878307     501 25888 R 51440529   4096 Google_Chrome ??/tokruleLE.data/tokruleLE.data/..namedfork/rsrc
453188880060   453188880254     501 25888 R 42910945   4096 Google_Chrome ??/Dict2.dat/Dict2.dat/..namedfork/rsrc
453193250575   453193252151     501 25888 W 18960561   4096 Google_Chrome ??/Default/Network_Action_Predictor-journal
453193252608   453193252790     501 25888 W 18960561   4096 Google_Chrome ??/Default/Network_Action_Predictor-journal
453193253012   453193253174     501 25888 W 30455366   4096 Google_Chrome ??/Default/Network_Action_Predictor
453193253103   453193253299     501 25888 W 30455384   4096 Google_Chrome ??/Default/Network_Action_Predictor
453193253191   453193253375     501 25888 W 48960142   4096 Google_Chrome ??/Default/Network_Action_Predictor
453193254601   453193254766     501 25888 W 25263132   8192 Google_Chrome ??/Default/Network_Action_Predictor-journal
453193254922   453193255040     501 25888 W 25263132   4096 Google_Chrome ??/Default/Network_Action_Predictor-journal
453193255571   453193255668     501 25888 W 30455366   4096 Google_Chrome ??/Default/Network_Action_Predictor
453193255647   453193255777     501 25888 W 30455374   4096 Google_Chrome ??/Default/Network_Action_Predictor
453193256585   453193256671     501 25888 W 18965355   4096 Google_Chrome ??/Default/Network_Action_Predictor
453193256648   453193256786     501 25888 W 30455386   4096 Google_Chrome ??/Default/Network_Action_Predictor
453193256760   453193256895     501 25888 W 18947837   4096 Google_Chrome ??/Default/Network_Action_Predictor
453193256892   453193257003     501 25888 W 30455737   4096 Google_Chrome ??/Default/Network_Action_Predictor
453193257703   453193257805     501 25888 W 48973042   4096 Google_Chrome ??/Default/Network_Action_Predictor
453193258869   453193259034     501 25888 W 18960563   4096 Google_Chrome ??/Default/Network_Action_Predictor-journal
453193259301   453193259458     501 25888 W 18960563   4096 Google_Chrome ??/Default/Network_Action_Predictor-journal
453193259618   453193259743     501 25888 W 30455366   4096 Google_Chrome ??/Default/Network_Action_Predictor
453193259684   453193259833     501 25888 W 48959743   4096 Google_Chrome ??/Default/Network_Action_Predictor
453193259746   453193259891     501 25888 W 48983374   4096 Google_Chrome ??/Default/Network_Action_Predictor
453193260922   453193261073     501 25888 W 25263134   8192 Google_Chrome ??/Default/Network_Action_Predictor-journal
453193261223   453193261342     501 25888 W 25263134   4096 Google_Chrome ??/Default/Network_Action_Predictor-journal
453193261964   453193262098     501 25888 W 30455366   4096 Google_Chrome ??/Default/Network_Action_Predictor
453193262101   453193262248     501 25888 W 30457597   4096 Google_Chrome ??/Default/Network_Action_Predictor
453193262191   453193262329     501 25888 W 30455408   4096 Google_Chrome ??/Default/Network_Action_Predictor
453193262248   453193262407     501 25888 W 48959743   4096 Google_Chrome ??/Default/Network_Action_Predictor
453193262426   453193262518     501 25888 W 30457598   4096 Google_Chrome ??/Default/Network_Action_Predictor
453193262501   453193262620     501 25888 W 30455737   4096 Google_Chrome ??/Default/Network_Action_Predictor
453193262614   453193262761     501 25888 W 48976603   4096 Google_Chrome ??/Default/Network_Action_Predictor
453193916019   453193917627     501 25888 W 33577535  45056 Google_Chrome ??/Chrome/.com.google.Chrome.blcGpf
453195028460   453195028646     501 25888 W 33577629   4096 Google_Chrome ??/js/14d7a1aaee67d3c0_0
453195041682   453195041770     501 25888 W 33577401   4096 Google_Chrome ??/js/21d5e84d948cc29e_0
453195042137   453195042222     501 25888 W 33577401   4096 Google_Chrome ??/js/21d5e84d948cc29e_0
453195042207   453195042317     501 25888 W 33577409   4096 Google_Chrome ??/js/fab78f89e3d6fe97_0
453195042596   453195042682     501 25888 W 33577409   4096 Google_Chrome ??/js/fab78f89e3d6fe97_0
453195042673   453195042780     501 25888 W 18960567   4096 Google_Chrome ??/js/fab78f89e3d6fe97_0
453195042853   453195042935     501 25888 W 33577411   4096 Google_Chrome ??/js/8ed209fdf8176d25_0
453195043203   453195043287     501 25888 W 33577411   4096 Google_Chrome ??/js/8ed209fdf8176d25_0
453195043220   453195043331     501 25888 W 33577410   4096 Google_Chrome ??/js/e3ada88c86166b1f_0
453195043292   453195043381     501 25888 W 25263164   8192 Google_Chrome ??/js/8ed209fdf8176d25_0
453195043629   453195043721     501 25888 W 33577410   4096 Google_Chrome ??/js/e3ada88c86166b1f_0
453195060587   453195060693     501 25888 W 33577630   4096 Google_Chrome ??/js/8a4b8cc8740525eb_0
453195064307   453195064479     501 25888 W 33577631   4096 Google_Chrome ??/js/e3ab41446ff22738_0
453195081259   453195081390     501 25888 W 33577634   4096 Google_Chrome ??/js/b48fd86adca6023f_0
453195083213   453195083340     501 25888 W 33577635   4096 Google_Chrome ??/js/e78976155db8fd78_0
453195086048   453195086158     501 25888 W 33577637   4096 Google_Chrome ??/js/3a7039e2844f97c0_0
453195089606   453195089715     501 25888 W 33577638   4096 Google_Chrome ??/js/94cd3095ec752293_0
453196121686   453196121836     501 25888 W 33577697   4096 Google_Chrome ??/js/03089545a9505793_0
453196136764   453196136906     501 25888 W 33577698   4096 Google_Chrome ??/js/ed15026f6cbe3ec6_0
453196136944   453196137055     501 25888 W 33577700   4096 Google_Chrome ??/js/1e9156ab3c6df8f4_0
453196136954   453196137136     501 25888 W 33577699   4096 Google_Chrome ??/js/caf8546140258ee0_0
453196137153   453196137249     501 25888 W 33577701   4096 Google_Chrome ??/js/7ddf9e75a0b8a3ba_0
453196141266   453196141408     501 25888 W 33577702   4096 Google_Chrome ??/js/e6a92d2b019a60fa_0
453196145383   453196145510     501 25888 W 33577703   4096 Google_Chrome ??/js/03fb78dd81d8196a_0
453196145456   453196145603     501 25888 W 33577709   4096 Google_Chrome ??/js/8f6545ee1023144f_0
453196169873   453196170013     501 25888 W 33577712   4096 Google_Chrome ??/js/6aec7e30960745a3_0
453196176146   453196176285     501 25888 W 33577713   4096 Google_Chrome ??/js/47cec0f8e9429f05_0
453196184285   453196184415     501 25888 W 33577717   4096 Google_Chrome ??/js/2fc759a5e492c7b7_0
453196246840   453196246924     501 25888 W 33577718   4096 Google_Chrome ??/js/7aee2657301677b4_0
453196379557   453196379968     501 25888 W 33577467   4096 Google_Chrome ??/Default/History-journal
453196379669   453196380012     501 25888 W 32522007  12288 Google_Chrome ??/Default/History-journal
453196380118   453196380231     501 25888 W 33577456   4096 Google_Chrome ??/Default/History-journal
453196380508   453196380623     501 25888 W 30455304   4096 Google_Chrome ??/Default/History
453196380554   453196380661     501 25888 W 30455151   4096 Google_Chrome ??/Default/History
453196381313   453196381390     501 25888 W 18946269   4096 Google_Chrome ??/Default/History
453196381364   453196381433     501 25888 W 59259400   4096 Google_Chrome ??/Default/History
453196381400   453196381471     501 25888 W 59259500   4096 Google_Chrome ??/Default/History
453196381443   453196381517     501 25888 W 48969113   4096 Google_Chrome ??/Default/History
453196381531   453196381604     501 25888 W 38450400   4096 Google_Chrome ??/Default/History
453196381576   453196381646     501 25888 W 38450440   4096 Google_Chrome ??/Default/History
453196381612   453196381685     501 25888 W 38450465   4096 Google_Chrome ??/Default/History
453196381653   453196381722     501 25888 W 38450485   4096 Google_Chrome ??/Default/History
453196381695   453196381760     501 25888 W 38450490   4096 Google_Chrome ??/Default/History
453196381735   453196381802     501 25888 W 38450503   4096 Google_Chrome ??/Default/History
453196381775   453196381853     501 25888 W 38450511   8192 Google_Chrome ??/Default/History
453197293538   453197293629     501 25888 W 33577721   4096 Google_Chrome ??/js/964e48ba0fdedca0_0
453198793150   453198794872     501 25888 R 18957135   4096 Google_Chrome ??/com.google.Chrome.savedState/data.data
453198826079   453198826869     501 25888 W 33577724 212992 Google_Chrome ??/Default/.com.google.Chrome.MAgVK0
453199231058   453199232776     501 25888 R 16784024   4096 Google_Chrome ??/A/Google_Chrome_Framework
453199236275   453199236565     501 25888 R 16782307   4096 Google_Chrome ??/A/Google_Chrome_Framework
453204232029   453204232284     501 25888 W 33577849  45056 Google_Chrome ??/Chrome/.com.google.Chrome.rkPYNt
453205223062   453205223194     501 25888 W 33577922   4096 Google_Chrome ??/js/cacb5677877be14b_0
453205224798   453205224922     501 25888 W 33577923   4096 Google_Chrome ??/js/50a56d4f73aa69e5_0
453205227221   453205227311     501 25888 W 33577925   4096 Google_Chrome ??/js/e588d0ed0b594617_0
453205231084   453205231205     501 25888 W 33577926   4096 Google_Chrome ??/js/449d5f3a1fa83d98_0
453205232015   453205232100     501 25888 W 33577927   4096 Google_Chrome ??/js/38a268b09b123e2f_0
453205237955   453205238073     501 25888 W 33577928   4096 Google_Chrome ??/js/5aa3340b1fda8418_0
453205700868   453205700998     501 25888 W 33577953   4096 Google_Chrome ??/js/1ab8896177764cbb_0
453211713587   453211713701     501 25888 W 33578023   4096 Google_Chrome ??/js/55574dd3647757c2_0
453211769684   453211769801     501 25888 W 33578028   4096 Google_Chrome ??/js/1ab8896177764cbb_0
453211853280   453211853386     501 25888 W 33578029   4096 Google_Chrome ??/js/4e0129baddb6ac35_0
453212208865   453212208969     501 25888 W 33578066   4096 Google_Chrome ??/js/afcadce68a548659_0
453212240105   453212240238     501 25888 W 33578068   4096 Google_Chrome ??/js/dd2f0b419c6613f5_0
453212243117   453212243316     501 25888 W 33578069   4096 Google_Chrome ??/js/eece1f2e31d56325_0
453212246266   453212246406     501 25888 W 33578071   4096 Google_Chrome ??/js/40644476223b56b9_0
453212248409   453212248501     501 25888 W 33578073   4096 Google_Chrome ??/js/520b651ddc680281_0
453212249485   453212249575     501 25888 W 33578074   4096 Google_Chrome ??/js/19643f96cec69327_0
453212250676   453212250767     501 25888 W 33578075   4096 Google_Chrome ??/js/4fa0c0c07510d0f9_0
453212414994   453212416161     501 25888 W 33578076   4096 Google_Chrome ??/js/bb53532f837f3310_0
453212417484   453212417625     501 25888 W 33578077   4096 Google_Chrome ??/js/e0aef131ec50009a_0
453214264251   453214265607     501 25888 W 33578079  45056 Google_Chrome ??/Chrome/.com.google.Chrome.hB1zHB
453214333448   453214333825     501 25888 W 33578090  61440 Google_Chrome ??/Default/History-journal
453214334001   453214334109     501 25888 W 33578090   4096 Google_Chrome ??/Default/History-journal
453214334565   453214334692     501 25888 W 30457409   4096 Google_Chrome ??/Default/History
453214334669   453214334833     501 25888 W 46753869   8192 Google_Chrome ??/Default/History
453214334810   453214334947     501 25888 W 30455304   4096 Google_Chrome ??/Default/History
453214334930   453214335054     501 25888 W 30455151   4096 Google_Chrome ??/Default/History
453214335046   453214335164     501 25888 W 59259400   4096 Google_Chrome ??/Default/History
453214335142   453214335275     501 25888 W 59259500   4096 Google_Chrome ??/Default/History
453214335261   453214335386     501 25888 W 48969113   4096 Google_Chrome ??/Default/History
453214335408   453214335503     501 25888 W 38450400   4096 Google_Chrome ??/Default/History
453214335475   453214335611     501 25888 W 38450440   4096 Google_Chrome ??/Default/History
453214335593   453214335731     501 25888 W 38450485   4096 Google_Chrome ??/Default/History
453214335714   453214335839     501 25888 W 38450503   4096 Google_Chrome ??/Default/History
453214335821   453214335955     501 25888 W 38450511   8192 Google_Chrome ??/Default/History
453214335932   453214336101     501 25888 W 38450514   4096 Google_Chrome ??/Default/History
453214672008   453214672130     501 25888 W 33578110   4096 Google_Chrome ??/js/20d44f08baaf310a_0
453215441264   453215441941     501 25888 W 33578111 212992 Google_Chrome ??/Default/.com.google.Chrome.oLUwCI
453216517154   453216517233     501 25888 W 33578194   4096 Google_Chrome ??/js/2d051a83365d8ee5_0
453224564148   453224565862     501 25888 W 33578248  45056 Google_Chrome ??/Chrome/.com.google.Chrome.0519vo
453224638992   453224639198     501 25888 W 33578188   4096 Google_Chrome ??/Default/History-journal
453224639537   453224639658     501 25888 W 30455151   4096 Google_Chrome ??/Default/History
453224639631   453224639779     501 25888 W 59259400   4096 Google_Chrome ??/Default/History
453224639759   453224639921     501 25888 W 59259500   4096 Google_Chrome ??/Default/History
453224639889   453224640030     501 25888 W 48969113   4096 Google_Chrome ??/Default/History
453224640044   453224640135     501 25888 W 38450503   4096 Google_Chrome ??/Default/History
453224640117   453224640290     501 25888 W 38450511   8192 Google_Chrome ??/Default/History
453224640264   453224640426     501 25888 W 38450514   4096 Google_Chrome ??/Default/History
453226798869   453226798977     501 25888 W 33578314   4096 Google_Chrome ??/js/547cf4c8957fbffb_0
453226850997   453226851576     501 25888 W 33578317 212992 Google_Chrome ??/Default/.com.google.Chrome.J82OgJ
453226882436   453226882530     501 25888 W 33578369   4096 Google_Chrome ??/js/dedff1a7bd9d9529_0
453226883443   453226883541     501 25888 W 33578370   4096 Google_Chrome ??/js/57f8eb13f611a074_0
453226884502   453226884599     501 25888 W 33578371   4096 Google_Chrome ??/js/e276cc801630143b_0
453226886444   453226886557     501 25888 W 33578372   4096 Google_Chrome ??/js/b2e54cb7cd75883f_0
453226888599   453226888701     501 25888 W 33578373   4096 Google_Chrome ??/js/2cac9e820a46a500_0
453227289886   453227290009     501 25888 W 33578377   4096 Google_Chrome ??/js/f60bfce4ce2e28ef_0
453227419392   453227419520     501 25888 W 33578379   4096 Google_Chrome ??/js/a852501954ffba68_0
453227476342   453227476429     501 25888 W 33578412   4096 Google_Chrome ??/js/c0b5cbe3a988c9fd_0
453229538238   453229538610     501 25888 R 18959477   4096 Google_Chrome ??/Site_Characteristics_Database/000003.log
453229642189   453229642459     501 25888 R 18960257   4096 Google_Chrome ??/leveldb/086273.log
453230886568   453230888314     501 25888 R 33438115   4096 Google_Chrome ??/com.google.Chrome.savedState/windows.plist
453230888656   453230888828     501 25888 W 33438115   4096 Google_Chrome ??/com.google.Chrome.savedState/windows.plist
453232022942   453232023523     501 25888 R 25258347   4096 Google_Chrome ??/Default/Current_Tabs


