STIME          TIME             UID   PID D    BLOCK   SIZE       COMM PATHNAME
513592204520   513592205073     501 50029 R 18953163   4096    firefox ??/entries/E2C857A7C0F472E0CCB9C1279C9CB16304962AE2
513592205201   513592205477     501 50029 R 52149416   4096    firefox ??/entries/E2C857A7C0F472E0CCB9C1279C9CB16304962AE2
513592205247   513592205488     501 50029 R 24453903   8192    firefox ??/entries/E2C857A7C0F472E0CCB9C1279C9CB16304962AE2
513592205632   513592205892     501 50029 R 52149413  12288    firefox ??/entries/E2C857A7C0F472E0CCB9C1279C9CB16304962AE2
513592207975   513592208095     501 50029 W 52149416   4096    firefox ??/entries/E2C857A7C0F472E0CCB9C1279C9CB16304962AE2
513592208050   513592208166     501 50029 W 24453903   8192    firefox ??/entries/E2C857A7C0F472E0CCB9C1279C9CB16304962AE2
513592208096   513592208238     501 50029 W 18953163   4096    firefox ??/entries/E2C857A7C0F472E0CCB9C1279C9CB16304962AE2
513592462005   513592462201     501 50029 W 52411946  16384    firefox ??/entries/E2C857A7C0F472E0CCB9C1279C9CB16304962AE2
513592462279   513592463361     501 50029 W 24454163   8192    firefox ??/entries/E2C857A7C0F472E0CCB9C1279C9CB16304962AE2
513592509674   513592510073     501 50029 R 24453908   4096    firefox ??/entries/0568508C30E391BEABCAC997E3F77F52DA82339D
513592510318   513592510615     501 50029 R 52149442   4096    firefox ??/entries/0568508C30E391BEABCAC997E3F77F52DA82339D
513592510413   513592510639     501 50029 R 24453907   4096    firefox ??/entries/0568508C30E391BEABCAC997E3F77F52DA82339D
513592511406   513592511869     501 50029 R 52149437  20480    firefox ??/entries/0568508C30E391BEABCAC997E3F77F52DA82339D
513592512688   513592513076     501 50029 R 18941289   4096    firefox ??/entries/FC6EC27E7D2392E31E36F8DF7FCD8E8C6CF002F1
513592513286   513592513587     501 50029 R 52149434   4096    firefox ??/entries/FC6EC27E7D2392E31E36F8DF7FCD8E8C6CF002F1
513592515734   513592516165     501 50029 R 24453906   4096    firefox ??/entries/D048488F5499D85BBCA6E2F79A363A42336CD9B2
513592517168   513592517584     501 50029 R 52041756   4096    firefox ??/entries/A1E54E662A656BDEDB8A0ED81ED301113DD0274E
513592517341   513592517641     501 50029 R 24453543   8192    firefox ??/entries/A1E54E662A656BDEDB8A0ED81ED301113DD0274E
513592517372   513592517692     501 50029 R 52146426  16384    firefox ??/entries/A1E54E662A656BDEDB8A0ED81ED301113DD0274E
513592518083   513592518384     501 50029 R 52149557   4096    firefox ??/entries/A6257D2C1A4A319A3633778C0DA52F55D49200B6
513592518555   513592518887     501 50029 R 52149436   4096    firefox ??/entries/D048488F5499D85BBCA6E2F79A363A42336CD9B2
513592518636   513592518888     501 50029 R 24453905   4096    firefox ??/entries/D048488F5499D85BBCA6E2F79A363A42336CD9B2
513592519878   513592520353     501 50029 R 52149486   4096    firefox ??/entries/5E67B6D9A980ECB576B7D654E0C2C0B41A8F86A0
513592520745   513592521213     501 50029 R 52149555   8192    firefox ??/entries/A6257D2C1A4A319A3633778C0DA52F55D49200B6
513592522526   513592522876     501 50029 R 52149484   8192    firefox ??/entries/5E67B6D9A980ECB576B7D654E0C2C0B41A8F86A0
513592523450   513592524485     501 50029 R 52149487 262144    firefox ??/entries/A6257D2C1A4A319A3633778C0DA52F55D49200B6
513592525053   513592525295     501 50029 R 52149551  16384    firefox ??/entries/A6257D2C1A4A319A3633778C0DA52F55D49200B6
513592525507   513592526214     501 50029 R 52149443 167936    firefox ??/entries/5E67B6D9A980ECB576B7D654E0C2C0B41A8F86A0
513592528881   513592529215     501 50029 W 52149442   4096    firefox ??/entries/0568508C30E391BEABCAC997E3F77F52DA82339D
513592529154   513592529417     501 50029 W 24453907   8192    firefox ??/entries/0568508C30E391BEABCAC997E3F77F52DA82339D
513592529616   513592529769     501 50029 W 52149434   4096    firefox ??/entries/FC6EC27E7D2392E31E36F8DF7FCD8E8C6CF002F1
513592529731   513592529939     501 50029 W 18941289   4096    firefox ??/entries/FC6EC27E7D2392E31E36F8DF7FCD8E8C6CF002F1
513592530568   513592530895     501 50029 W 52146429  12288    firefox ??/entries/A1E54E662A656BDEDB8A0ED81ED301113DD0274E
513592531045   513592531201     501 50029 W 52149555  12288    firefox ??/entries/A6257D2C1A4A319A3633778C0DA52F55D49200B6
513592531166   513592531417     501 50029 W 52149484  12288    firefox ??/entries/5E67B6D9A980ECB576B7D654E0C2C0B41A8F86A0
513592531323   513592531479     501 50029 W 52149436   4096    firefox ??/entries/D048488F5499D85BBCA6E2F79A363A42336CD9B2
513592531363   513592531542     501 50029 W 24453905   8192    firefox ??/entries/D048488F5499D85BBCA6E2F79A363A42336CD9B2
513592553018   513592553809     501 50029 R 52043380  94208    firefox ??/entries/B5871088D967A7A3E05096EC5A5C6CDCF8F4BE83
513592553242   513592554227     501 50029 R 52150135 167936    firefox ??/entries/B5871088D967A7A3E05096EC5A5C6CDCF8F4BE83
513592555277   513592556401     501 50029 R 52150176 262144    firefox ??/entries/B5871088D967A7A3E05096EC5A5C6CDCF8F4BE83
513592555637   513592556915     501 50029 R 52150240 262144    firefox ??/entries/B5871088D967A7A3E05096EC5A5C6CDCF8F4BE83
513592557649   513592558284     501 50029 R 52150304 172032    firefox ??/entries/B5871088D967A7A3E05096EC5A5C6CDCF8F4BE83
513592560406   513592560559     501 50029 W 52150343  12288    firefox ??/entries/B5871088D967A7A3E05096EC5A5C6CDCF8F4BE83
513592829134   513592830590     501 50029 W 52411950  12288    firefox ??/entries/FED6DEC3477B35B255FD16CD55DFFBEB4CA27A7B
513592889525   513592889807     501 50029 R 24453914   4096    firefox ??/entries/5DB6D9BBD0CD1D19E7178DBBBCD7F07D3035D3AD
513592889989   513592890250     501 50029 R 52149563   4096    firefox ??/entries/5DB6D9BBD0CD1D19E7178DBBBCD7F07D3035D3AD
513592890033   513592890264     501 50029 R 24453913   4096    firefox ??/entries/5DB6D9BBD0CD1D19E7178DBBBCD7F07D3035D3AD
513592891351   513592891448     501 50029 W 52149563   4096    firefox ??/entries/5DB6D9BBD0CD1D19E7178DBBBCD7F07D3035D3AD
513592891400   513592891504     501 50029 W 24453913   8192    firefox ??/entries/5DB6D9BBD0CD1D19E7178DBBBCD7F07D3035D3AD
513592940325   513592940679     501 50029 R 24453919   8192    firefox ??/entries/CE12BB78AD54ED1D9D4D5B34118761B2FA0C8845
513592940963   513592941201     501 50029 R 52406512   4096    firefox ??/entries/1CD2B406383FF05BAC6613B015105DCDA319D674
513592941516   513592941767     501 50029 R 52149569   4096    firefox ??/entries/CE12BB78AD54ED1D9D4D5B34118761B2FA0C8845
513592946887   513592947129     501 50029 R 18948883   4096    firefox ??/entries/BE25C651B6B69AF55C82026F7C69A8E8E5728DB8
513592947223   513592947428     501 50029 R 52149567   4096    firefox ??/entries/BE25C651B6B69AF55C82026F7C69A8E8E5728DB8
513592952173   513592952456     501 50029 R 52411090   4096    firefox ??/entries/1EDFBACAF35E7EA6C16ADFE467CB598923B3D32F
513592983427   513592983835     501 50029 R 52149564   4096    firefox ??/4267008305/salt
513592983921   513592984034     501 50029 W 52411953   4096    firefox ??/entries/1CD2B406383FF05BAC6613B015105DCDA319D674
513592984060   513592984201     501 50029 W 24454165   8192    firefox ??/entries/1CD2B406383FF05BAC6613B015105DCDA319D674
513592984144   513592984275     501 50029 W 52411954   4096    firefox ??/entries/BE25C651B6B69AF55C82026F7C69A8E8E5728DB8
513592984284   513592984394     501 50029 W 18953294   4096    firefox ??/entries/BE25C651B6B69AF55C82026F7C69A8E8E5728DB8
513592989508   513592989617     501 50029 W 52411955   4096    firefox ??/entries/CE12BB78AD54ED1D9D4D5B34118761B2FA0C8845
513592989652   513592989779     501 50029 W 24454167   8192    firefox ??/entries/CE12BB78AD54ED1D9D4D5B34118761B2FA0C8845
513592993694   513592994057     501 50029 R 32167491  20480    firefox ??/entries/5E4954707B44E5A4B4ACF5F22B52219A1DCA477F
513592993761   513592994377     501 50029 R 52043113 122880    firefox ??/entries/5E4954707B44E5A4B4ACF5F22B52219A1DCA477F
513592994713   513592995024     501 50029 R 32510802   8192    firefox ??/entries/1B647A4FF40F1C0B611185DFA015F3C40F2B918C
513592995143   513592995218     501 50029 R 32510801   4096    firefox ??/entries/1B647A4FF40F1C0B611185DFA015F3C40F2B918C
513592995110   513592995335     501 50029 R 52149570   4096    firefox ??/entries/1B647A4FF40F1C0B611185DFA015F3C40F2B918C
513592996871   513592997001     501 50029 W 52149570   4096    firefox ??/entries/1B647A4FF40F1C0B611185DFA015F3C40F2B918C
513592996933   513592997094     501 50029 W 32510801  12288    firefox ??/entries/1B647A4FF40F1C0B611185DFA015F3C40F2B918C
513592997036   513592997146     501 50029 W 52411956   4096    firefox ??/entries/1EDFBACAF35E7EA6C16ADFE467CB598923B3D32F
513592997171   513592997309     501 50029 W 24454169   8192    firefox ??/entries/1EDFBACAF35E7EA6C16ADFE467CB598923B3D32F
513592997266   513592997356     501 50029 W 52043142  12288    firefox ??/entries/5E4954707B44E5A4B4ACF5F22B52219A1DCA477F
513593151355   513593151699     501 50029 R 24453926   4096    firefox ??/entries/80FB54A5B4D7B23AD642509467717E00C37CE9AF
513593151959   513593152219     501 50029 R 24453925   4096    firefox ??/entries/80FB54A5B4D7B23AD642509467717E00C37CE9AF
513593151880   513593152234     501 50029 R 52149573   4096    firefox ??/entries/80FB54A5B4D7B23AD642509467717E00C37CE9AF
513593153667   513593153919     501 50029 W 52149573   4096    firefox ??/entries/80FB54A5B4D7B23AD642509467717E00C37CE9AF
513593153822   513593154016     501 50029 W 24453925   8192    firefox ??/entries/80FB54A5B4D7B23AD642509467717E00C37CE9AF
513593155159   513593155458     501 50029 R 24453927   8192    firefox ??/entries/2DD6BFF0857C273D300DC263D8147278D22761FE
513593155550   513593155777     501 50029 R 52149574   4096    firefox ??/entries/2DD6BFF0857C273D300DC263D8147278D22761FE
513593161400   513593161739     501 50029 R 24453923   8192    firefox ??/entries/C84D723EB771E6DD2A5DC564D510ECEC384F490A
513593161835   513593162040     501 50029 R 52149572   4096    firefox ??/entries/C84D723EB771E6DD2A5DC564D510ECEC384F490A
513593179336   513593179668     501 50029 R 32510811   8192    firefox ??/entries/F6A167A395AF849AC41664415352589789CBCFA6
513593180039   513593180247     501 50029 R 52149591   4096    firefox ??/entries/F6A167A395AF849AC41664415352589789CBCFA6
513593180075   513593180301     501 50029 R 32510810   4096    firefox ??/entries/F6A167A395AF849AC41664415352589789CBCFA6
513593180688   513593181203     501 50029 R 52149576  61440    firefox ??/entries/F6A167A395AF849AC41664415352589789CBCFA6
513593181578   513593181818     501 50029 R 24453932   4096    firefox ??/entries/6BCCA1965050DD92C5A2D8AC124DA55D1E9D9AEF
513593182116   513593182328     501 50029 R 52149622   4096    firefox ??/entries/6BCCA1965050DD92C5A2D8AC124DA55D1E9D9AEF
513593182149   513593182546     501 50029 R 24453931   4096    firefox ??/entries/6BCCA1965050DD92C5A2D8AC124DA55D1E9D9AEF
513593183523   513593184051     501 50029 R 52149606  65536    firefox ??/entries/6BCCA1965050DD92C5A2D8AC124DA55D1E9D9AEF
513593184693   513593184988     501 50029 R 32510855   8192    firefox ??/entries/C09E9576ED4CDBE970FC79A4C3D796D525FBB164
513593185096   513593185216     501 50029 R 52149605   4096    firefox ??/entries/C09E9576ED4CDBE970FC79A4C3D796D525FBB164
513593185132   513593185326     501 50029 R 32510854   4096    firefox ??/entries/C09E9576ED4CDBE970FC79A4C3D796D525FBB164
513593185737   513593186152     501 50029 R 52149592  53248    firefox ??/entries/C09E9576ED4CDBE970FC79A4C3D796D525FBB164
513593186787   513593186879     501 50029 W 52149605   4096    firefox ??/entries/C09E9576ED4CDBE970FC79A4C3D796D525FBB164
513593186833   513593186934     501 50029 W 32510854  12288    firefox ??/entries/C09E9576ED4CDBE970FC79A4C3D796D525FBB164
513593202203   513593202422     501 50029 W 52411957   4096    firefox ??/entries/C84D723EB771E6DD2A5DC564D510ECEC384F490A
513593202459   513593202589     501 50029 W 24454171   8192    firefox ??/entries/C84D723EB771E6DD2A5DC564D510ECEC384F490A
513593234851   513593235148     501 50029 R 24453938   4096    firefox ??/entries/51E46D8D7CD2936027F3198A531BF5436CC30454
513593235561   513593235837     501 50029 R 52149679   4096    firefox ??/entries/51E46D8D7CD2936027F3198A531BF5436CC30454
513593235615   513593235849     501 50029 R 24453937   4096    firefox ??/entries/51E46D8D7CD2936027F3198A531BF5436CC30454
513593237169   513593237338     501 50029 W 52149679   4096    firefox ??/entries/51E46D8D7CD2936027F3198A531BF5436CC30454
513593237259   513593237426     501 50029 W 24453937   8192    firefox ??/entries/51E46D8D7CD2936027F3198A531BF5436CC30454
513593238202   513593238353     501 50029 W 52411958   4096    firefox ??/entries/2DD6BFF0857C273D300DC263D8147278D22761FE
513593238336   513593238464     501 50029 W 24454173   8192    firefox ??/entries/2DD6BFF0857C273D300DC263D8147278D22761FE
513593242939   513593243078     501 50029 W 52411959   4096    firefox ??/entries/9BD5810C3E4A95BE57F41DA3104617FFBAD04C07
513593243091   513593243216     501 50029 W 24454177   8192    firefox ??/entries/9BD5810C3E4A95BE57F41DA3104617FFBAD04C07
513593245523   513593245781     501 50029 R 24453670   4096    firefox ??/entries/7E5B4660A4FE66C8C80C2D555954741D53C12B76
513593246174   513593246374     501 50029 R 24453669   4096    firefox ??/entries/7E5B4660A4FE66C8C80C2D555954741D53C12B76
513593246138   513593246391     501 50029 R 52043425   4096    firefox ??/entries/7E5B4660A4FE66C8C80C2D555954741D53C12B76
513593246900   513593247422     501 50029 R 52043403  90112    firefox ??/entries/7E5B4660A4FE66C8C80C2D555954741D53C12B76
513593250205   513593250574     501 50029 W 52043425   4096    firefox ??/entries/7E5B4660A4FE66C8C80C2D555954741D53C12B76
513593250490   513593250789     501 50029 W 24453669   8192    firefox ??/entries/7E5B4660A4FE66C8C80C2D555954741D53C12B76
513593252519   513593252834     501 50029 W 52150343  12288    firefox ??/entries/B5871088D967A7A3E05096EC5A5C6CDCF8F4BE83
513593253039   513593253207     501 50029 W 52149442   4096    firefox ??/entries/0568508C30E391BEABCAC997E3F77F52DA82339D
513593253142   513593253309     501 50029 W 24453907   8192    firefox ??/entries/0568508C30E391BEABCAC997E3F77F52DA82339D
513593254256   513593254531     501 50029 W 32510812   4096    firefox ??/entries/F6A167A395AF849AC41664415352589789CBCFA6
513593254950   513593255213     501 50029 W 52149591   4096    firefox ??/entries/F6A167A395AF849AC41664415352589789CBCFA6
513593255148   513593255395     501 50029 W 32510810   8192    firefox ??/entries/F6A167A395AF849AC41664415352589789CBCFA6
513593256441   513593256635     501 50029 W 24453932   4096    firefox ??/entries/6BCCA1965050DD92C5A2D8AC124DA55D1E9D9AEF
513593256854   513593256998     501 50029 W 52149622   4096    firefox ??/entries/6BCCA1965050DD92C5A2D8AC124DA55D1E9D9AEF
513593256917   513593257050     501 50029 W 24453931   4096    firefox ??/entries/6BCCA1965050DD92C5A2D8AC124DA55D1E9D9AEF
513593363344   513593363854     501 50029 R 24453936   4096    firefox ??/entries/543591CBE950B743160400E05F7993F7F1888071
513593363988   513593364185     501 50029 R 24453935   4096    firefox ??/entries/543591CBE950B743160400E05F7993F7F1888071
513593363954   513593364199     501 50029 R 52149668   4096    firefox ??/entries/543591CBE950B743160400E05F7993F7F1888071
513593364485   513593364986     501 50029 R 52149647  86016    firefox ??/entries/543591CBE950B743160400E05F7993F7F1888071
513593366144   513593366273     501 50029 W 52149668   4096    firefox ??/entries/543591CBE950B743160400E05F7993F7F1888071
513593366229   513593366390     501 50029 W 24453935   8192    firefox ??/entries/543591CBE950B743160400E05F7993F7F1888071
513593395005   513593395368     501 50029 R 18953180   4096    firefox ??/entries/942BFF1A554EF664D40971DC348358C3AFD8CDFC
513593395162   513593395382     501 50029 R 18953226   4096    firefox ??/entries/942BFF1A554EF664D40971DC348358C3AFD8CDFC
513593395560   513593395804     501 50029 R 52149711   4096    firefox ??/entries/942BFF1A554EF664D40971DC348358C3AFD8CDFC
513593397264   513593397407     501 50029 W 52149711   4096    firefox ??/entries/942BFF1A554EF664D40971DC348358C3AFD8CDFC
513593397331   513593397455     501 50029 W 18953180   4096    firefox ??/entries/942BFF1A554EF664D40971DC348358C3AFD8CDFC
513593397357   513593397517     501 50029 W 18953226   4096    firefox ??/entries/942BFF1A554EF664D40971DC348358C3AFD8CDFC
513593428974   513593429281     501 50029 R 24453945   8192    firefox ??/entries/755B58B9CF45C1839BE2C598586A762D8D87200F
513593429371   513593429603     501 50029 R 52149942   4096    firefox ??/entries/755B58B9CF45C1839BE2C598586A762D8D87200F
513593430431   513593430523     501 50029 W 52149942   4096    firefox ??/entries/755B58B9CF45C1839BE2C598586A762D8D87200F
513593430475   513593430576     501 50029 W 24453945   8192    firefox ??/entries/755B58B9CF45C1839BE2C598586A762D8D87200F
513593460053   513593460334     501 50029 W 25965490   4096    firefox ??/z05qnvsv.default/favicons.sqlite-wal
513593460628   513593460901     501 50029 W 25965490  36864    firefox ??/z05qnvsv.default/favicons.sqlite-wal
513593474906   513593475231     501 50029 R 18953059   4096    firefox ??/entries/5D936A8470F80F7B1E14FBAB9F53534D53B78713
513593475392   513593475622     501 50029 R 52043427   4096    firefox ??/entries/5D936A8470F80F7B1E14FBAB9F53534D53B78713
513593476279   513593476651     501 50029 R 52043426   4096    firefox ??/entries/5D936A8470F80F7B1E14FBAB9F53534D53B78713
513593477533   513593477730     501 50029 W 52043427   4096    firefox ??/entries/5D936A8470F80F7B1E14FBAB9F53534D53B78713
513593477658   513593477817     501 50029 W 18953059   4096    firefox ??/entries/5D936A8470F80F7B1E14FBAB9F53534D53B78713
513593494945   513593495335     501 50029 R 52411418   4096    firefox ??/entries/C8E3FF73781DCB1985FF9D0C3F2D617A63793AF9
513593495481   513593495744     501 50029 R 52411417   4096    firefox ??/entries/C8E3FF73781DCB1985FF9D0C3F2D617A63793AF9
513593507388   513593507741     501 50029 R 18953115   4096    firefox ??/entries/C5B5C6528D535DE704B0EFC0A5ACF2096DC46904
513593507944   513593508189     501 50029 R 52043429   4096    firefox ??/entries/C5B5C6528D535DE704B0EFC0A5ACF2096DC46904
513593509383   513593509613     501 50029 W 52043429   4096    firefox ??/entries/C5B5C6528D535DE704B0EFC0A5ACF2096DC46904
513593509523   513593509685     501 50029 W 18953115   4096    firefox ??/entries/C5B5C6528D535DE704B0EFC0A5ACF2096DC46904
513593513571   513593513860     501 50029 R 24453785   8192    firefox ??/entries/07630C0121B3B2DC44A1853B18B2C78CB0721F9A
513593513949   513593514213     501 50029 R 52406521   4096    firefox ??/entries/07630C0121B3B2DC44A1853B18B2C78CB0721F9A
513593561839   513593561968     501 50029 W 52411960   4096    firefox ??/entries/07630C0121B3B2DC44A1853B18B2C78CB0721F9A
513593561960   513593562086     501 50029 W 24454179   8192    firefox ??/entries/07630C0121B3B2DC44A1853B18B2C78CB0721F9A
513593613366   513593613604     501 50029 R 52043431   4096    firefox ??/https+++www.google.com/.metadata-v2
513593613686   513593613766     501 50029 W 52043431   4096    firefox ??/https+++www.google.com/.metadata-v2
513593613937   513593614129     501 50029 R 24453677   4096    firefox ??/idb/548905059db.sqlite
513593614804   513593615033     501 50029 R 52043446   4096    firefox ??/idb/548905059db.sqlite
513593615138   513593615376     501 50029 R 52043447   4096    firefox ??/idb/548905059db.sqlite
513593615174   513593615392     501 50029 R 52043448   4096    firefox ??/idb/548905059db.sqlite
513593615474   513593615729     501 50029 R 52043449   8192    firefox ??/idb/548905059db.sqlite
513593705434   513593705962     501 50029 W 52411961  16384    firefox ??/entries/06A0AC193D336F999C4FC9D9D2280F47922DADAA
513593705671   513593706041     501 50029 W 24454183   8192    firefox ??/entries/06A0AC193D336F999C4FC9D9D2280F47922DADAA
513593718285   513593718732     501 50029 R 24453950   4096    firefox ??/entries/110867E5B21D25313D94CE71773F9AB503152243
513593719029   513593719438     501 50029 R 52149946   4096    firefox ??/entries/110867E5B21D25313D94CE71773F9AB503152243
513593719186   513593719438     501 50029 R 24453949   4096    firefox ??/entries/110867E5B21D25313D94CE71773F9AB503152243
513593720141   513593720580     501 50029 R 52149944   8192    firefox ??/entries/110867E5B21D25313D94CE71773F9AB503152243
513593722113   513593722352     501 50029 W 52149946   4096    firefox ??/entries/110867E5B21D25313D94CE71773F9AB503152243
513593722259   513593722448     501 50029 W 24453949   8192    firefox ??/entries/110867E5B21D25313D94CE71773F9AB503152243
513593742668   513593742908     501 50029 W 52150343  12288    firefox ??/entries/B5871088D967A7A3E05096EC5A5C6CDCF8F4BE83
513593742885   513593743066     501 50029 W 52411965   4096    firefox ??/entries/1CD2B406383FF05BAC6613B015105DCDA319D674
513593743125   513593743234     501 50029 W 24454185   8192    firefox ??/entries/1CD2B406383FF05BAC6613B015105DCDA319D674
513593773913   513593774297     501 50029 R 24453958   4096    firefox ??/entries/8B6684D8170FC71796D4942F920518E7D5AE1622
513593774645   513593774888     501 50029 R 24453957   4096    firefox ??/entries/8B6684D8170FC71796D4942F920518E7D5AE1622
513593774532   513593774888     501 50029 R 52149963   4096    firefox ??/entries/8B6684D8170FC71796D4942F920518E7D5AE1622
513593775843   513593776613     501 50029 R 52149950  53248    firefox ??/entries/8B6684D8170FC71796D4942F920518E7D5AE1622
513593778234   513593778443     501 50029 W 52149963   4096    firefox ??/entries/8B6684D8170FC71796D4942F920518E7D5AE1622
513593778368   513593778534     501 50029 W 24453957   8192    firefox ??/entries/8B6684D8170FC71796D4942F920518E7D5AE1622
513593785954   513593786251     501 50029 W 52043426   8192    firefox ??/entries/5D936A8470F80F7B1E14FBAB9F53534D53B78713
513593786145   513593786334     501 50029 W 18953059   4096    firefox ??/entries/5D936A8470F80F7B1E14FBAB9F53534D53B78713
513593786284   513593786512     501 50029 W 52411966  36864    firefox ??/entries/5D936A8470F80F7B1E14FBAB9F53534D53B78713
513593786498   513593786676     501 50029 W 52149944  12288    firefox ??/entries/110867E5B21D25313D94CE71773F9AB503152243
513593786586   513593786731     501 50029 W 24453949   8192    firefox ??/entries/110867E5B21D25313D94CE71773F9AB503152243
513593786681   513593787142     501 50029 W 52411975 147456    firefox ??/entries/110867E5B21D25313D94CE71773F9AB503152243
513593863834   513593864078     501 50029 R 24453922   4096    firefox ??/entries/CA302F67F21FC2283B285F13F48B45CF1FFE8A69
513593864159   513593864391     501 50029 R 52149571   4096    firefox ??/entries/CA302F67F21FC2283B285F13F48B45CF1FFE8A69
513593864186   513593864394     501 50029 R 24453921   4096    firefox ??/entries/CA302F67F21FC2283B285F13F48B45CF1FFE8A69
513593864761   513593864855     501 50029 W 52412025   4096    firefox ??/entries/486CED979EEA8436D7E78E316AD42EB5A27189C5
513593864865   513593865000     501 50029 W 24454187   8192    firefox ??/entries/486CED979EEA8436D7E78E316AD42EB5A27189C5
513593865110   513593865238     501 50029 W 52149571   4096    firefox ??/entries/CA302F67F21FC2283B285F13F48B45CF1FFE8A69
513593865148   513593865279     501 50029 W 24453921   8192    firefox ??/entries/CA302F67F21FC2283B285F13F48B45CF1FFE8A69
513593928201   513593928938     501 50029 W 52149950  57344    firefox ??/entries/8B6684D8170FC71796D4942F920518E7D5AE1622
513593928463   513593929034     501 50029 W 24453957   8192    firefox ??/entries/8B6684D8170FC71796D4942F920518E7D5AE1622
513593929053   513593930605     501 50029 W 52412026 651264    firefox ??/entries/8B6684D8170FC71796D4942F920518E7D5AE1622
513593930289   513593930709     501 50029 R 52146466   4096    firefox ??/entries/7E71EB49FD42E3E117EA0178C823AD8EB928EE75
513593930920   513593931180     501 50029 R 52146464   8192    firefox ??/entries/7E71EB49FD42E3E117EA0178C823AD8EB928EE75
513593932043   513593932285     501 50029 R 52041415   4096    firefox ??/entries/7E71EB49FD42E3E117EA0178C823AD8EB928EE75
513593932076   513593932422     501 50029 R 24453527   8192    firefox ??/entries/7E71EB49FD42E3E117EA0178C823AD8EB928EE75
513593932097   513593932735     501 50029 R 52146450  57344    firefox ??/entries/7E71EB49FD42E3E117EA0178C823AD8EB928EE75
513593933375   513593933514     501 50029 W 52146464  12288    firefox ??/entries/7E71EB49FD42E3E117EA0178C823AD8EB928EE75
513594007222   513594007858     501 50029 R 24453966   4096    firefox ??/entries/4A85535B99A7BF1E40B0D525E8204860ADE9035D
513594008727   513594009153     501 50029 R 52411415   8192    firefox ??/entries/10A29C303FF32DDFB9040106B626A98DE8FFF1E6
513594009339   513594009559     501 50029 R 24453965   4096    firefox ??/entries/4A85535B99A7BF1E40B0D525E8204860ADE9035D
513594009288   513594009559     501 50029 R 52149972   4096    firefox ??/entries/4A85535B99A7BF1E40B0D525E8204860ADE9035D
513594010196   513594010614     501 50029 R 24454150   8192    firefox ??/entries/686EB0CB4946ECFDED0006C6ADED1C835ACD56BB
513594010901   513594011256     501 50029 R 24454140   8192    firefox ??/entries/7E07AF189BA3D0102F9EC0F3D2391533161807E7
513594011491   513594011801     501 50029 R 52411414   4096    firefox ??/entries/10A29C303FF32DDFB9040106B626A98DE8FFF1E6
513594012171   513594012671     501 50029 R 52149966  24576    firefox ??/entries/4A85535B99A7BF1E40B0D525E8204860ADE9035D
513594013094   513594013425     501 50029 R 52411353   4096    firefox ??/entries/686EB0CB4946ECFDED0006C6ADED1C835ACD56BB
513594013995   513594014254     501 50029 R 52411296   4096    firefox ??/entries/7E07AF189BA3D0102F9EC0F3D2391533161807E7
513594015051   513594015160     501 50029 W 52149972   4096    firefox ??/entries/4A85535B99A7BF1E40B0D525E8204860ADE9035D
513594015113   513594015236     501 50029 W 24453965   8192    firefox ??/entries/4A85535B99A7BF1E40B0D525E8204860ADE9035D
513594016103   513594016371     501 50029 R 24453861   8192    firefox ??/entries/251EBA4E838DB4F905E26D1BF4221E83B0348403
513594016453   513594016659     501 50029 R 52406529   4096    firefox ??/entries/251EBA4E838DB4F905E26D1BF4221E83B0348403
513594040050   513594040395     501 50029 W 52412199   4096    firefox ??/entries/7E07AF189BA3D0102F9EC0F3D2391533161807E7
513594040372   513594040608     501 50029 W 24454193   8192    firefox ??/entries/7E07AF189BA3D0102F9EC0F3D2391533161807E7
513594060228   513594060478     501 50029 W 52412200   4096    firefox ??/entries/251EBA4E838DB4F905E26D1BF4221E83B0348403
513594060493   513594060647     501 50029 W 24454195   8192    firefox ??/entries/251EBA4E838DB4F905E26D1BF4221E83B0348403
513594068474   513594068824     501 50029 W 52149966  28672    firefox ??/entries/4A85535B99A7BF1E40B0D525E8204860ADE9035D
513594068693   513594068965     501 50029 W 24453965   8192    firefox ??/entries/4A85535B99A7BF1E40B0D525E8204860ADE9035D
513594068942   513594069587     501 50029 W 52412201 188416    firefox ??/entries/4A85535B99A7BF1E40B0D525E8204860ADE9035D
513594077495   513594077714     501 50029 W 52412261   4096    firefox ??/entries/686EB0CB4946ECFDED0006C6ADED1C835ACD56BB
513594077715   513594077862     501 50029 W 24454199   8192    firefox ??/entries/686EB0CB4946ECFDED0006C6ADED1C835ACD56BB
513594162392   513594163058     501 50029 R 24453969   8192    firefox ??/entries/CA571E69EF7208CFFC71A65A473A3A25EDC94251
513594163324   513594163602     501 50029 R 52149974   4096    firefox ??/entries/CA571E69EF7208CFFC71A65A473A3A25EDC94251
513594177072   513594177359     501 50029 W 52412262   4096    firefox ??/entries/48FCB8A49A1B529BBE63CFDF20435D8E53FE0F2E
513594177449   513594177589     501 50029 W 32511387  12288    firefox ??/entries/48FCB8A49A1B529BBE63CFDF20435D8E53FE0F2E
513594189111   513594189499     501 50029 R 18953287   4096    firefox ??/entries/134A6C66E16D3A3A08EE89CD63F7CD46134121CD
513594189795   513594190163     501 50029 R 52406313   4096    firefox ??/entries/134A6C66E16D3A3A08EE89CD63F7CD46134121CD
513594189924   513594190200     501 50029 R 24453581   8192    firefox ??/entries/134A6C66E16D3A3A08EE89CD63F7CD46134121CD
513594190463   513594190816     501 50029 R 52406310  12288    firefox ??/entries/134A6C66E16D3A3A08EE89CD63F7CD46134121CD
513594192522   513594192855     501 50029 W 52406313   4096    firefox ??/entries/134A6C66E16D3A3A08EE89CD63F7CD46134121CD
513594192732   513594192970     501 50029 W 24453581   8192    firefox ??/entries/134A6C66E16D3A3A08EE89CD63F7CD46134121CD
513594192781   513594193011     501 50029 W 18953287   4096    firefox ??/entries/134A6C66E16D3A3A08EE89CD63F7CD46134121CD
513594206718   513594206997     501 50029 W 52149974   4096    firefox ??/entries/CA571E69EF7208CFFC71A65A473A3A25EDC94251
513594206892   513594207093     501 50029 W 24453969   8192    firefox ??/entries/CA571E69EF7208CFFC71A65A473A3A25EDC94251
513594223953   513594224296     501 50029 R 18953197   4096    firefox ??/entries/46E86CF2CCDA1AC1C3B350444B41D1DDB281812C
513594224573   513594225017     501 50029 R 52149981   4096    firefox ??/entries/46E86CF2CCDA1AC1C3B350444B41D1DDB281812C
513594225752   513594226244     501 50029 R 52149975  24576    firefox ??/entries/46E86CF2CCDA1AC1C3B350444B41D1DDB281812C
513594227192   513594227449     501 50029 W 52149981   4096    firefox ??/entries/46E86CF2CCDA1AC1C3B350444B41D1DDB281812C
513594227399   513594227592     501 50029 W 18953197   4096    firefox ??/entries/46E86CF2CCDA1AC1C3B350444B41D1DDB281812C
513594247238   513594247492     501 50029 R 24453622   4096    firefox ??/entries/DFCA0C9E6AC77846A8E823AD230D9D57D4A44C62
513594247587   513594247882     501 50029 R 52406517   4096    firefox ??/entries/DFCA0C9E6AC77846A8E823AD230D9D57D4A44C62
513594247627   513594247937     501 50029 R 24453621   4096    firefox ??/entries/DFCA0C9E6AC77846A8E823AD230D9D57D4A44C62
513594248440   513594248709     501 50029 R 24453977   8192    firefox ??/entries/35624E33AD25E45DFFBB0A5895B08F95F64C093B
513594248934   513594249144     501 50029 R 52150011   4096    firefox ??/entries/35624E33AD25E45DFFBB0A5895B08F95F64C093B
513594249717   513594249956     501 50029 R 24453976   4096    firefox ??/entries/BA762B89439A8083EB4FB3BE231BA2F7AB0FD89A
513594250172   513594250494     501 50029 R 52150010   4096    firefox ??/entries/BA762B89439A8083EB4FB3BE231BA2F7AB0FD89A
513594250219   513594250540     501 50029 R 24453975   4096    firefox ??/entries/BA762B89439A8083EB4FB3BE231BA2F7AB0FD89A
513594250954   513594251629     501 50029 R 52149983 110592    firefox ??/entries/BA762B89439A8083EB4FB3BE231BA2F7AB0FD89A
513594253088   513594253379     501 50029 W 52150010   4096    firefox ??/entries/BA762B89439A8083EB4FB3BE231BA2F7AB0FD89A
513594253301   513594253488     501 50029 W 24453975   8192    firefox ??/entries/BA762B89439A8083EB4FB3BE231BA2F7AB0FD89A
513594292519   513594292894     501 50029 W 52412263   4096    firefox ??/entries/DFCA0C9E6AC77846A8E823AD230D9D57D4A44C62
513594293009   513594293194     501 50029 W 24454201   8192    firefox ??/entries/DFCA0C9E6AC77846A8E823AD230D9D57D4A44C62
513594294520   513594295144     501 50029 W 52150011   4096    firefox ??/entries/35624E33AD25E45DFFBB0A5895B08F95F64C093B
513594295117   513594295800     501 50029 W 24453977   8192    firefox ??/entries/35624E33AD25E45DFFBB0A5895B08F95F64C093B
513594334377   513594334729     501 50029 R 24454086   8192    firefox ??/entries/78F4FA4D17C6F90BC98CF55ADF4C2875AED78E17
513594335035   513594335301     501 50029 R 52406632   4096    firefox ??/entries/78F4FA4D17C6F90BC98CF55ADF4C2875AED78E17
513594336671   513594337117     501 50029 R 24453980   4096    firefox ??/entries/4DDAE87B60BBDD43F6E52BEDAF2804CF97BCC0E6
513594337539   513594337778     501 50029 R 24453979   4096    firefox ??/entries/4DDAE87B60BBDD43F6E52BEDAF2804CF97BCC0E6
513594337395   513594337779     501 50029 R 52150029   4096    firefox ??/entries/4DDAE87B60BBDD43F6E52BEDAF2804CF97BCC0E6
513594338564   513594339313     501 50029 R 52150012  69632    firefox ??/entries/4DDAE87B60BBDD43F6E52BEDAF2804CF97BCC0E6
513594363722   513594363955     501 50029 W 24453980   4096    firefox ??/entries/4DDAE87B60BBDD43F6E52BEDAF2804CF97BCC0E6
513594364213   513594364352     501 50029 W 52150029   4096    firefox ??/entries/4DDAE87B60BBDD43F6E52BEDAF2804CF97BCC0E6
513594364295   513594364424     501 50029 W 24453979   4096    firefox ??/entries/4DDAE87B60BBDD43F6E52BEDAF2804CF97BCC0E6
513594368321   513594368779     501 50029 R 24453982   4096    firefox ??/entries/2B3FF36543D5F90B356B263ED87B20F1BA066510
513594369503   513594369918     501 50029 R 52150038   4096    firefox ??/entries/2B3FF36543D5F90B356B263ED87B20F1BA066510
513594369681   513594370005     501 50029 R 24453981   4096    firefox ??/entries/2B3FF36543D5F90B356B263ED87B20F1BA066510
513594371197   513594371578     501 50029 R 24453550   4096    firefox ??/entries/3C3E501487F16B05A66A75A4B1FE870A5D7B7A6D
513594372200   513594372718     501 50029 R 52150031  28672    firefox ??/entries/2B3FF36543D5F90B356B263ED87B20F1BA066510
513594373093   513594373447     501 50029 R 52144988   4096    firefox ??/entries/3C3E501487F16B05A66A75A4B1FE870A5D7B7A6D
513594373230   513594373481     501 50029 R 24453549   4096    firefox ??/entries/3C3E501487F16B05A66A75A4B1FE870A5D7B7A6D
513594373935   513594374590     501 50029 R 52144961 110592    firefox ??/entries/3C3E501487F16B05A66A75A4B1FE870A5D7B7A6D
513594375508   513594375876     501 50029 W 52150038   4096    firefox ??/entries/2B3FF36543D5F90B356B263ED87B20F1BA066510
513594375778   513594376050     501 50029 W 24453981   8192    firefox ??/entries/2B3FF36543D5F90B356B263ED87B20F1BA066510
513594376305   513594376434     501 50029 W 52144988   4096    firefox ??/entries/3C3E501487F16B05A66A75A4B1FE870A5D7B7A6D
513594376379   513594376557     501 50029 W 24453549   8192    firefox ??/entries/3C3E501487F16B05A66A75A4B1FE870A5D7B7A6D
513594394575   513594394961     501 50029 W 52412264   4096    firefox ??/entries/78F4FA4D17C6F90BC98CF55ADF4C2875AED78E17
513594394863   513594395060     501 50029 W 24454203   8192    firefox ??/entries/78F4FA4D17C6F90BC98CF55ADF4C2875AED78E17
513594397578   513594397968     501 50029 R 18953228   4096    firefox ??/entries/474F8F9E991255E02564089D990FA6355F7F1D1B
513594397737   513594397983     501 50029 R 18953288   4096    firefox ??/entries/474F8F9E991255E02564089D990FA6355F7F1D1B
513594398167   513594398427     501 50029 R 52150047   4096    firefox ??/entries/474F8F9E991255E02564089D990FA6355F7F1D1B
513594398240   513594398546     501 50029 R 24453985   8192    firefox ??/entries/474F8F9E991255E02564089D990FA6355F7F1D1B
513594399104   513594399426     501 50029 R 52270368   4096    firefox ??/entries/2B662789DFDD9C1308FF8ECD48E05F393053163C
513594400066   513594400217     501 50029 W 52150047   4096    firefox ??/entries/474F8F9E991255E02564089D990FA6355F7F1D1B
513594400162   513594400332     501 50029 W 24453985   8192    firefox ??/entries/474F8F9E991255E02564089D990FA6355F7F1D1B
513594400212   513594400423     501 50029 W 18953228   4096    firefox ??/entries/474F8F9E991255E02564089D990FA6355F7F1D1B
513594400328   513594400504     501 50029 W 18953288   4096    firefox ??/entries/474F8F9E991255E02564089D990FA6355F7F1D1B
513594402610   513594402838     501 50029 W 52150047   4096    firefox ??/entries/474F8F9E991255E02564089D990FA6355F7F1D1B
513594402752   513594402961     501 50029 W 24453985   8192    firefox ??/entries/474F8F9E991255E02564089D990FA6355F7F1D1B
513594402794   513594403027     501 50029 W 18953228   4096    firefox ??/entries/474F8F9E991255E02564089D990FA6355F7F1D1B
513594402999   513594403148     501 50029 W 18953288   4096    firefox ??/entries/474F8F9E991255E02564089D990FA6355F7F1D1B
513594410184   513594410695     501 50029 R 52407440   4096    firefox ??/entries/9AB061E4E527B2366F3E65B651CA2B5DDF6E8815
513594411009   513594411435     501 50029 R 52407439   4096    firefox ??/entries/9AB061E4E527B2366F3E65B651CA2B5DDF6E8815
513594414226   513594414374     501 50029 W 52412265   4096    firefox ??/entries/C8D12DF4BF90DC95E58D3EC5C9FA3345C0835EE8
513594414368   513594414538     501 50029 W 18953295   4096    firefox ??/entries/C8D12DF4BF90DC95E58D3EC5C9FA3345C0835EE8
513594482082   513594482522     501 50029 W 52150010   4096    firefox ??/entries/BA762B89439A8083EB4FB3BE231BA2F7AB0FD89A
513594482168   513594482578     501 50029 W 24453975   8192    firefox ??/entries/BA762B89439A8083EB4FB3BE231BA2F7AB0FD89A
513594507303   513594507771     501 50029 R 24453933   8192    firefox ??/entries/5694BA6A7F0F8A2A79DE3CFFAECFC32CECC94949
513594508180   513594508505     501 50029 R 52149646   4096    firefox ??/entries/5694BA6A7F0F8A2A79DE3CFFAECFC32CECC94949
513594509271   513594509979     501 50029 R 52149623  94208    firefox ??/entries/5694BA6A7F0F8A2A79DE3CFFAECFC32CECC94949
513594512295   513594512499     501 50029 W 52149646   4096    firefox ??/entries/5694BA6A7F0F8A2A79DE3CFFAECFC32CECC94949
513594512428   513594512593     501 50029 W 24453933   8192    firefox ??/entries/5694BA6A7F0F8A2A79DE3CFFAECFC32CECC94949
513594513722   513594514131     501 50029 R 52271513   8192    firefox ??/entries/043136D712AB8000CCBF27C8F09C2879E16F5D87
513594514317   513594514542     501 50029 R 52271512   4096    firefox ??/entries/043136D712AB8000CCBF27C8F09C2879E16F5D87
513594515067   513594515454     501 50029 R 24453987   8192    firefox ??/entries/043136D712AB8000CCBF27C8F09C2879E16F5D87
513594515025   513594515455     501 50029 R 52150048  28672    firefox ??/entries/043136D712AB8000CCBF27C8F09C2879E16F5D87
513594515086   513594516016     501 50029 R 52271430 225280    firefox ??/entries/043136D712AB8000CCBF27C8F09C2879E16F5D87
513594516353   513594516729     501 50029 R 52271485 110592    firefox ??/entries/043136D712AB8000CCBF27C8F09C2879E16F5D87
513594519672   513594519939     501 50029 W 52271512  12288    firefox ??/entries/043136D712AB8000CCBF27C8F09C2879E16F5D87
513594738279   513594740003     501 50029 R 18953214   4096    firefox ??/entries/F6F15E46592B92658CBA1C03835C7A1C2B1EB44C
513594740430   513594740948     501 50029 R 52150057   4096    firefox ??/entries/F6F15E46592B92658CBA1C03835C7A1C2B1EB44C
513594741781   513594742405     501 50029 R 52150055   8192    firefox ??/entries/F6F15E46592B92658CBA1C03835C7A1C2B1EB44C
513594744573   513594745442     501 50029 R 52406710   4096    firefox ??/entries/D374DCFDC43AFE96E14CA6D169637470047C3778
513594746408   513594747092     501 50029 R 52406708   8192    firefox ??/entries/D374DCFDC43AFE96E14CA6D169637470047C3778
513594748208   513594748618     501 50029 R 24453989   8192    firefox ??/entries/D374DCFDC43AFE96E14CA6D169637470047C3778
513594748041   513594748618     501 50029 R 52150058  28672    firefox ??/entries/D374DCFDC43AFE96E14CA6D169637470047C3778
513594748255   513594749152     501 50029 R 52406643 225280    firefox ??/entries/D374DCFDC43AFE96E14CA6D169637470047C3778
513594749697   513594750084     501 50029 R 52406698  40960    firefox ??/entries/D374DCFDC43AFE96E14CA6D169637470047C3778
513594751247   513594751691     501 50029 R 32510858   8192    firefox ??/entries/2147474ED1CD6D0851D71D62F69F16118905F39A
513594752079   513594752184     501 50029 R 32510857   4096    firefox ??/entries/2147474ED1CD6D0851D71D62F69F16118905F39A
513594751966   513594752289     501 50029 R 52149678   4096    firefox ??/entries/2147474ED1CD6D0851D71D62F69F16118905F39A
513594752842   513594753252     501 50029 R 52149669  36864    firefox ??/entries/2147474ED1CD6D0851D71D62F69F16118905F39A
513594754404   513594754698     501 50029 W 52150057   4096    firefox ??/entries/F6F15E46592B92658CBA1C03835C7A1C2B1EB44C
513594754607   513594754845     501 50029 W 18953214   4096    firefox ??/entries/F6F15E46592B92658CBA1C03835C7A1C2B1EB44C
513594754761   513594754933     501 50029 W 52406708  12288    firefox ??/entries/D374DCFDC43AFE96E14CA6D169637470047C3778
513594755537   513594755825     501 50029 W 52149678   4096    firefox ??/entries/2147474ED1CD6D0851D71D62F69F16118905F39A
513594755729   513594755949     501 50029 W 32510857  12288    firefox ??/entries/2147474ED1CD6D0851D71D62F69F16118905F39A
513594801462   513594801742     501 50029 W 52412266  53248    firefox ??/entries/F6CC4DEDB7057BABA28277FAF79B68FA4FE17722
513594936726   513594938231     501 50029 W 52144988   4096    firefox ??/entries/3C3E501487F16B05A66A75A4B1FE870A5D7B7A6D
513594936822   513594938359     501 50029 W 24453549   8192    firefox ??/entries/3C3E501487F16B05A66A75A4B1FE870A5D7B7A6D
513594982247   513594982608     501 50029 R 24453984   4096    firefox ??/entries/7A432255D9839F18AAA67D7C6A727ADC5D5072CF
513594982822   513594983178     501 50029 R 52150042   4096    firefox ??/entries/7A432255D9839F18AAA67D7C6A727ADC5D5072CF
513594982954   513594983186     501 50029 R 24453983   4096    firefox ??/entries/7A432255D9839F18AAA67D7C6A727ADC5D5072CF
513594983690   513594984063     501 50029 R 52150040   8192    firefox ??/entries/7A432255D9839F18AAA67D7C6A727ADC5D5072CF
513594984775   513594984897     501 50029 W 52150042   4096    firefox ??/entries/7A432255D9839F18AAA67D7C6A727ADC5D5072CF
513594984845   513594984969     501 50029 W 24453983   8192    firefox ??/entries/7A432255D9839F18AAA67D7C6A727ADC5D5072CF
513595149869   513595150225     501 50029 R 52406560   8192    firefox ??/entries/76BA5C14B05941F219F6E728567F4970A18D5D4A
513595150409   513595150775     501 50029 R 52406558   8192    firefox ??/entries/76BA5C14B05941F219F6E728567F4970A18D5D4A
513595151409   513595151803     501 50029 R 52044516  12288    firefox ??/entries/76BA5C14B05941F219F6E728567F4970A18D5D4A
513595151528   513595151877     501 50029 R 24453827   8192    firefox ??/entries/76BA5C14B05941F219F6E728567F4970A18D5D4A
513595151555   513595152153     501 50029 R 52406541  69632    firefox ??/entries/76BA5C14B05941F219F6E728567F4970A18D5D4A
513595153357   513595153705     501 50029 W 52406558  16384    firefox ??/entries/76BA5C14B05941F219F6E728567F4970A18D5D4A
513595217119   513595217608     501 50029 W 52412279   4096    firefox ??/entries/A09298F7DE461F2B1B4BABBAC2D6689104E326D6
513595217337   513595217687     501 50029 W 24454205   8192    firefox ??/entries/A09298F7DE461F2B1B4BABBAC2D6689104E326D6
513595219792   513595219919     501 50029 W 52412280   8192    firefox ??/entries/8C2E6B1768CE1628717217524ED162FF116BAD7D
513595296109   513595296363     501 50029 W 52412282   4096    firefox ??/entries/6B983C14B9A9000795D29DB3D1A4F4227EE0B075
513595296414   513595296532     501 50029 W 24454207   8192    firefox ??/entries/6B983C14B9A9000795D29DB3D1A4F4227EE0B075
513595598171   513595599980     501 50029 R 24454096   8192    firefox ??/entries/513957BAFBA10941D057D86BE614CD2C86173BFA
513595600261   513595600552     501 50029 R 52407427   4096    firefox ??/entries/513957BAFBA10941D057D86BE614CD2C86173BFA
513595658382   513595658519     501 50029 W 52412283   4096    firefox ??/entries/429D7CF7530AF41724AE7F0EEBC1AAD5C26A91A5
513595658530   513595658649     501 50029 W 24454211   8192    firefox ??/entries/429D7CF7530AF41724AE7F0EEBC1AAD5C26A91A5
513595701166   513595701276     501 50029 W 52412284   4096    firefox ??/entries/513957BAFBA10941D057D86BE614CD2C86173BFA
513595701271   513595701390     501 50029 W 24454215   8192    firefox ??/entries/513957BAFBA10941D057D86BE614CD2C86173BFA
513595709171   513595709454     501 50029 R 24454098   8192    firefox ??/entries/B0CCA09427AF6516F3B43A2F59879B48370B1857
513595709582   513595709824     501 50029 R 52407444   4096    firefox ??/entries/B0CCA09427AF6516F3B43A2F59879B48370B1857
513595711246   513595711364     501 50029 W 52407444   4096    firefox ??/entries/B0CCA09427AF6516F3B43A2F59879B48370B1857
513595711315   513595711480     501 50029 W 24454098   8192    firefox ??/entries/B0CCA09427AF6516F3B43A2F59879B48370B1857
513595724503   513595724836     501 50029 R 24454102   8192    firefox ??/entries/266B2BFA61F64378612F5B4F18FD99E7B29061A5
513595724951   513595725208     501 50029 R 52407448   4096    firefox ??/entries/266B2BFA61F64378612F5B4F18FD99E7B29061A5
513595777975   513595778107     501 50029 W 52412285   4096    firefox ??/entries/266B2BFA61F64378612F5B4F18FD99E7B29061A5
513595778106   513595778249     501 50029 W 24454223   8192    firefox ??/entries/266B2BFA61F64378612F5B4F18FD99E7B29061A5
513595797493   513595797947     501 50029 W 52412286  36864    firefox ??/sessionstore-backups/recovery.jsonlz4.tmp
513595817300   513595817526     501 50029 W 52412295   4096    firefox ??/entries/DEDCB9708CC38FF9238D78E6EBA2A75CF0BC0939
513595817579   513595817684     501 50029 W 18953296   4096    firefox ??/entries/DEDCB9708CC38FF9238D78E6EBA2A75CF0BC0939
513596016563   513596017994     501 50029 W 52412296   4096    firefox ??/entries/A75112690AA3FCEBBB23027C7E9FA7ABE7CF9273
513596016679   513596018048     501 50029 W 24454225   8192    firefox ??/entries/A75112690AA3FCEBBB23027C7E9FA7ABE7CF9273
513596071866   513596071989     501 50029 W 52412297   4096    firefox ??/entries/F37DCC9ACD354E7218C2A0B9A33C189F7A6057A6
513596071994   513596072114     501 50029 W 24454227   8192    firefox ??/entries/F37DCC9ACD354E7218C2A0B9A33C189F7A6057A6
513596097520   513596097654     501 50029 W 52412298   4096    firefox ??/entries/2770E41CF611BBF3364781BCE5CBD8AA1F61E624
513596097668   513596097775     501 50029 W 24454235   8192    firefox ??/entries/2770E41CF611BBF3364781BCE5CBD8AA1F61E624
513596202523   513596202695     501 50029 W 52412299   4096    firefox ??/entries/7157DA82BADF66D21F6D3465134ED6D2B6F8498E
513596202669   513596202843     501 50029 W 24454237   8192    firefox ??/entries/7157DA82BADF66D21F6D3465134ED6D2B6F8498E
513596280634   513596281113     501 50029 W 52412300   4096    firefox ??/entries/593E173B261DE0BFA6A7F385E943C0A6DF96163C
513596280851   513596281203     501 50029 W 24454240   8192    firefox ??/entries/593E173B261DE0BFA6A7F385E943C0A6DF96163C
513596328068   513596328235     501 50029 W 52412301   4096    firefox ??/entries/4D81EF6AFB525E1968C8B2D22D3D32EF9B03B0EC
513596328201   513596328364     501 50029 W 24454242   8192    firefox ??/entries/4D81EF6AFB525E1968C8B2D22D3D32EF9B03B0EC
513596387210   513596387345     501 50029 W 52412313   4096    firefox ??/entries/077DCD44EAD276A497DD2B08EB2FB4FA706EE663
513596387349   513596387484     501 50029 W 24454244   8192    firefox ??/entries/077DCD44EAD276A497DD2B08EB2FB4FA706EE663
513596415694   513596416280     501 50029 R 31813379  16384    firefox ??/browser/omni.ja
513596468878   513596469163     501 50029 W 52412314   4096    firefox ??/entries/967072A8A664DBFB2B6EAFC5CCCC02F9CBB9972A
513596469195   513596469318     501 50029 W 24454246   8192    firefox ??/entries/967072A8A664DBFB2B6EAFC5CCCC02F9CBB9972A
513596559184   513596559442     501 50029 R 18953293   4096    firefox ??/entries/1A84B450804C77682720FD7E21787C01AA6A7B9E
513596559540   513596559781     501 50029 R 52408799   4096    firefox ??/entries/1A84B450804C77682720FD7E21787C01AA6A7B9E
513596562996   513596563143     501 50029 W 52412315   4096    firefox ??/entries/6607938D5AC84B0E7432FED1058D31726432A4D2
513596563169   513596563298     501 50029 W 24454248   8192    firefox ??/entries/6607938D5AC84B0E7432FED1058D31726432A4D2
513596636313   513596636820     501 50029 W 52412316   4096    firefox ??/entries/1A84B450804C77682720FD7E21787C01AA6A7B9E
513596636543   513596636903     501 50029 W 18953297   4096    firefox ??/entries/1A84B450804C77682720FD7E21787C01AA6A7B9E
513596653359   513596653514     501 50029 W 52412317   4096    firefox ??/entries/E152CD6982AFB403F42DC6B8E832C28B76705A40
513596653535   513596653632     501 50029 W 24454250   8192    firefox ??/entries/E152CD6982AFB403F42DC6B8E832C28B76705A40
513596844023   513596845443     501 50029 W 24454252   8192    firefox ??/entries/045043FD2A8BA9EDD32D2D074BD1B4D782524924
513596843878   513596845529     501 50029 W 52412318   4096    firefox ??/entries/045043FD2A8BA9EDD32D2D074BD1B4D782524924
513596860641   513596860896     501 50029 R 32510871   4096    firefox ??/entries/04D605E4B267E38D02E07F3E9499F3DE98F2E718
513596861006   513596861274     501 50029 R 52150079   4096    firefox ??/entries/04D605E4B267E38D02E07F3E9499F3DE98F2E718
513596861043   513596861353     501 50029 R 32510869   8192    firefox ??/entries/04D605E4B267E38D02E07F3E9499F3DE98F2E718
513596866698   513596866953     501 50029 R 24454031   4096    firefox ??/entries/49619083630836869E6590CED07573A8710D294E
513596867092   513596867301     501 50029 R 52150368   4096    firefox ??/entries/49619083630836869E6590CED07573A8710D294E
513596867135   513596867376     501 50029 R 24454030   4096    firefox ??/entries/49619083630836869E6590CED07573A8710D294E
513596869750   513596869978     501 50029 R 52271186   4096    firefox ??/entries/971E2F0B74980A3CEC64862743EDE4A12F092035
513596870059   513596870282     501 50029 R 52271185   4096    firefox ??/entries/971E2F0B74980A3CEC64862743EDE4A12F092035
513596873471   513596873701     501 50029 R 24453994   4096    firefox ??/entries/025BE9A5E62E006369AED17DDC13C72D7256FF98
513596873784   513596874019     501 50029 R 52150075   4096    firefox ??/entries/025BE9A5E62E006369AED17DDC13C72D7256FF98
513596873817   513596874037     501 50029 R 24453993   4096    firefox ??/entries/025BE9A5E62E006369AED17DDC13C72D7256FF98
513596881753   513596882006     501 50029 R 52271653   4096    firefox ??/entries/89B294788C81E80F9E7B7AFC8C5EB1EAD9F03754
513596889218   513596889466     501 50029 R 52270362   4096    firefox ??/entries/FB5093508385C41E91A05E516774ECAD15AE1565
513596889555   513596889863     501 50029 R 52270360   8192    firefox ??/entries/FB5093508385C41E91A05E516774ECAD15AE1565
513596894631   513596894861     501 50029 R 32511163   4096    firefox ??/entries/14726A1D45BFAFB27E7E60638DA4EDEBF97EF99B
513596894948   513596895201     501 50029 R 52271159   4096    firefox ??/entries/14726A1D45BFAFB27E7E60638DA4EDEBF97EF99B
513596894975   513596895292     501 50029 R 32511161   8192    firefox ??/entries/14726A1D45BFAFB27E7E60638DA4EDEBF97EF99B
513596901054   513596901286     501 50029 R 52271204   4096    firefox ??/entries/59B0CA58D7DDF1131C66C34CE80D86EFB7F4F85B
513596901512   513596901732     501 50029 R 52271262   4096    firefox ??/entries/081CCC4CE646850CCCD727FBA480BEBED07F0531
513596908962   513596909155     501 50029 R 52149562   4096    firefox ??/entries/53FE6671CC762BD33BBE0FD38AF7E559655E6DD5
513596909231   513596909510     501 50029 R 52149560   8192    firefox ??/entries/53FE6671CC762BD33BBE0FD38AF7E559655E6DD5
513596911569   513596911803     501 50029 R 24454000   4096    firefox ??/entries/A3CD69FB95A68EAEB94A31410958DB97E1E67BCF
513596911881   513596912105     501 50029 R 52150104   4096    firefox ??/entries/A3CD69FB95A68EAEB94A31410958DB97E1E67BCF
513596911906   513596912130     501 50029 R 24453999   4096    firefox ??/entries/A3CD69FB95A68EAEB94A31410958DB97E1E67BCF
513596913320   513596913508     501 50029 R 24454051   4096    firefox ??/entries/A1E710506F47B079D746BF646D64EB7C3987A3FA
513596913624   513596913818     501 50029 R 52271138   4096    firefox ??/entries/A1E710506F47B079D746BF646D64EB7C3987A3FA
513596913649   513596913915     501 50029 R 24454050   4096    firefox ??/entries/A1E710506F47B079D746BF646D64EB7C3987A3FA
513596918779   513596918972     501 50029 R 18953216   4096    firefox ??/entries/523ECC61DFDDCEB1537E7D36D008DFA1B2C35D40
513596919053   513596919284     501 50029 R 52150080   4096    firefox ??/entries/523ECC61DFDDCEB1537E7D36D008DFA1B2C35D40
513596925190   513596925423     501 50029 R 24453952   4096    firefox ??/entries/0BECE753E52436E40D36684FE79A3A759A33FFB3
513596925517   513596925740     501 50029 R 52149947   4096    firefox ??/entries/0BECE753E52436E40D36684FE79A3A759A33FFB3
513596925544   513596925775     501 50029 R 24453951   4096    firefox ??/entries/0BECE753E52436E40D36684FE79A3A759A33FFB3
513596937261   513596937484     501 50029 R 24453992   4096    firefox ??/entries/D625C438F8CD21992EBF6369E266A30EE4619800
513596937613   513596937833     501 50029 R 52150073   4096    firefox ??/entries/D625C438F8CD21992EBF6369E266A30EE4619800
513596937647   513596937908     501 50029 R 24453991   4096    firefox ??/entries/D625C438F8CD21992EBF6369E266A30EE4619800
513596965540   513596965771     501 50029 R 52271624   4096    firefox ??/entries/DA7BBF9F716C4896A910923FF25503856626CF19
513596965864   513596966084     501 50029 R 52271623   4096    firefox ??/entries/DA7BBF9F716C4896A910923FF25503856626CF19
513596969962   513596970204     501 50029 R 52145267   4096    firefox ??/entries/596E96A7D1853FD2B125BECEB2F99B966A789D28
513596970289   513596970568     501 50029 R 52145265   8192    firefox ??/entries/596E96A7D1853FD2B125BECEB2F99B966A789D28
513596970733   513596970983     501 50029 R 24453892   4096    firefox ??/entries/A0915B77DBEB494B1C112777B27DB46D0733EFEA
513596971067   513596971316     501 50029 R 52149393   4096    firefox ??/entries/A0915B77DBEB494B1C112777B27DB46D0733EFEA
513596971095   513596971327     501 50029 R 24453891   4096    firefox ??/entries/A0915B77DBEB494B1C112777B27DB46D0733EFEA
513596971594   513596971850     501 50029 R 52271635   4096    firefox ??/entries/D060C3639D66229CD773B7A01D5D862545D4C8F7
513596971939   513596972242     501 50029 R 52271633   8192    firefox ??/entries/D060C3639D66229CD773B7A01D5D862545D4C8F7
513596972568   513596972808     501 50029 R 52270377   4096    firefox ??/entries/7505DA95E066498C469203AD17C8D730173D280E
513596972889   513596973217     501 50029 R 52270374  12288    firefox ??/entries/7505DA95E066498C469203AD17C8D730173D280E
513596974165   513596974402     501 50029 R 52271180   4096    firefox ??/entries/F50821A3B42FAA4956B6D24C56706374FDBB5211
513596974894   513596975124     501 50029 R 32510862   4096    firefox ??/entries/8514703B277CF1C932B666AE072C48CF8628DB38
513596975194   513596975423     501 50029 R 52149965   4096    firefox ??/entries/8514703B277CF1C932B666AE072C48CF8628DB38
513596975224   513596975513     501 50029 R 32510860   8192    firefox ??/entries/8514703B277CF1C932B666AE072C48CF8628DB38
513596976158   513596976390     501 50029 R 52271616   4096    firefox ??/entries/21870284BD46D6F21E756FF12837E26AC55D301D
513596977527   513596977759     501 50029 R 24453598   4096    firefox ??/entries/E0C1DECDB4AD1958AA7B2AABE338CE0A4DD810F8
513596977840   513596978092     501 50029 R 52145169   4096    firefox ??/entries/E0C1DECDB4AD1958AA7B2AABE338CE0A4DD810F8
513596977866   513596978142     501 50029 R 24453597   4096    firefox ??/entries/E0C1DECDB4AD1958AA7B2AABE338CE0A4DD810F8
513596979836   513596980066     501 50029 R 24454002   4096    firefox ??/entries/C61889524D9CEF55972D824D4E64F4D0326F48D4
513596980152   513596980409     501 50029 R 52150123   4096    firefox ??/entries/C61889524D9CEF55972D824D4E64F4D0326F48D4
513596980178   513596980465     501 50029 R 24454001   4096    firefox ??/entries/C61889524D9CEF55972D824D4E64F4D0326F48D4
513596983311   513596983554     501 50029 R 52150043   4096    firefox ??/entries/72144159AA40E7AA96C429C348869CBB3CD1DDDC
513596989957   513596990208     501 50029 R 24453876   4096    firefox ??/entries/8570C55EC9F528765C57E2771A706A36E9BB3E0F
513596990299   513596990563     501 50029 R 52145264   4096    firefox ??/entries/8570C55EC9F528765C57E2771A706A36E9BB3E0F
513596990323   513596990598     501 50029 R 24453875   4096    firefox ??/entries/8570C55EC9F528765C57E2771A706A36E9BB3E0F
513596991991   513596992218     501 50029 R 52271179   4096    firefox ??/entries/8F9F7E1225C002B92768AF7E5B7E25EE0EE2BBBC
513596992299   513596992550     501 50029 R 52271178   4096    firefox ??/entries/8F9F7E1225C002B92768AF7E5B7E25EE0EE2BBBC
513596993587   513596993846     501 50029 R 52270383   4096    firefox ??/entries/BCD26C2D3D515D192EF84DED45BEB43452B68CEF
513596993929   513596994250     501 50029 R 52270380  12288    firefox ??/entries/BCD26C2D3D515D192EF84DED45BEB43452B68CEF
513596995226   513596995489     501 50029 R 24454047   4096    firefox ??/entries/1BB0755D625E3429619A25D5782FC97EBF19F2C9
513596995567   513596995839     501 50029 R 52270389   4096    firefox ??/entries/1BB0755D625E3429619A25D5782FC97EBF19F2C9
513596995591   513596995862     501 50029 R 24454046   4096    firefox ??/entries/1BB0755D625E3429619A25D5782FC97EBF19F2C9
513596998874   513596999098     501 50029 R 24454039   4096    firefox ??/entries/D8DA811102684C474FC81CA4E7BFFEC7DBDA9E24
513596999184   513596999437     501 50029 R 52270359   4096    firefox ??/entries/D8DA811102684C474FC81CA4E7BFFEC7DBDA9E24
513596999209   513596999497     501 50029 R 24454038   4096    firefox ??/entries/D8DA811102684C474FC81CA4E7BFFEC7DBDA9E24
513597002434   513597002703     501 50029 R 52271648   4096    firefox ??/entries/EAF5237E4A401DE3F7FBFD7DE522703040616FCA
513597005124   513597005355     501 50029 R 32510984   4096    firefox ??/entries/B5303766714993A532F81D6F5199DEF9CBB69F54
513597005447   513597005672     501 50029 R 52271156   4096    firefox ??/entries/B5303766714993A532F81D6F5199DEF9CBB69F54
513597005474   513597005730     501 50029 R 32510982   8192    firefox ??/entries/B5303766714993A532F81D6F5199DEF9CBB69F54
513597005899   513597006158     501 50029 R 24454045   4096    firefox ??/entries/B5F2728182D563547AB495741A1C977FF75FE266
513597006242   513597006517     501 50029 R 52270388   4096    firefox ??/entries/B5F2728182D563547AB495741A1C977FF75FE266
513597006276   513597006574     501 50029 R 24454044   4096    firefox ??/entries/B5F2728182D563547AB495741A1C977FF75FE266
513597009988   513597010221     501 50029 R 24453900   4096    firefox ??/entries/AA2EE57C375C06D339E114CE9A0FF86D73B3B711
513597010281   513597010512     501 50029 R 52149411   4096    firefox ??/entries/AA2EE57C375C06D339E114CE9A0FF86D73B3B711
513597010306   513597010569     501 50029 R 24453899   4096    firefox ??/entries/AA2EE57C375C06D339E114CE9A0FF86D73B3B711
513597010729   513597010929     501 50029 R 24453874   4096    firefox ??/entries/E19FDFB1AAF4952660568459987E8918C2514080
513597011037   513597011227     501 50029 R 24453873   4096    firefox ??/entries/E19FDFB1AAF4952660568459987E8918C2514080
513597011006   513597011242     501 50029 R 52145229   4096    firefox ??/entries/E19FDFB1AAF4952660568459987E8918C2514080
513597015099   513597015310     501 50029 R 18953231   4096    firefox ??/entries/75B0EC8C5D07A83AB6E6A3994A6F38E2D0B06838
513597015395   513597015600     501 50029 R 52271141   4096    firefox ??/entries/75B0EC8C5D07A83AB6E6A3994A6F38E2D0B06838
513597016589   513597016865     501 50029 R 52271644   4096    firefox ??/entries/AE28E0A5E7D4953395785DB080981AB2915F1B16
513597016970   513597017249     501 50029 R 52271642   8192    firefox ??/entries/AE28E0A5E7D4953395785DB080981AB2915F1B16
513597018158   513597018430     501 50029 R 24454004   4096    firefox ??/entries/603F50ACD6A43327F63B55CB8869DFD878587AED
513597018506   513597018731     501 50029 R 52150124   4096    firefox ??/entries/603F50ACD6A43327F63B55CB8869DFD878587AED
513597018531   513597018781     501 50029 R 24454003   4096    firefox ??/entries/603F50ACD6A43327F63B55CB8869DFD878587AED
513597018964   513597019160     501 50029 R 24454037   4096    firefox ??/entries/DBA3383F88E770E8EA039A94208817A76F04B159
513597019218   513597019444     501 50029 R 52270358   4096    firefox ??/entries/DBA3383F88E770E8EA039A94208817A76F04B159
513597019242   513597019462     501 50029 R 24454036   4096    firefox ??/entries/DBA3383F88E770E8EA039A94208817A76F04B159
513597019683   513597019918     501 50029 R 52271169   4096    firefox ??/entries/1D66B31F352D6F75E601756EAD83AA9C59003D2D
513597019979   513597020258     501 50029 R 52271167   8192    firefox ??/entries/1D66B31F352D6F75E601756EAD83AA9C59003D2D
513597021647   513597021908     501 50029 R 24454077   4096    firefox ??/entries/DF308568A0C369C4764B3254012D79F970911C1D
513597021988   513597022217     501 50029 R 52271529   4096    firefox ??/entries/DF308568A0C369C4764B3254012D79F970911C1D
513597022013   513597022262     501 50029 R 24454076   4096    firefox ??/entries/DF308568A0C369C4764B3254012D79F970911C1D
513597024215   513597024601     501 50029 R 52271655   4096    firefox ??/entries/32FED27DC666F3504B98478806B61A38CA8875D7
513597030335   513597030625     501 50029 R 52145226   4096    firefox ??/entries/A65C9B3B74BF048280733A3932D0B23AEC80E7D2
513597030722   513597031035     501 50029 R 52145224   8192    firefox ??/entries/A65C9B3B74BF048280733A3932D0B23AEC80E7D2
513597031885   513597032207     501 50029 R 52271638   4096    firefox ??/entries/5837A0666B143CA6204E9D2881102F313E010057
513597032287   513597032602     501 50029 R 52271636   8192    firefox ??/entries/5837A0666B143CA6204E9D2881102F313E010057
513597034864   513597035139     501 50029 R 52271629   4096    firefox ??/entries/B52698A3F870AD8148759E352B666F34521A2C8A
513597035225   513597035566     501 50029 R 52271627   8192    firefox ??/entries/B52698A3F870AD8148759E352B666F34521A2C8A
513597037716   513597037940     501 50029 R 24453890   4096    firefox ??/entries/967929CF0599DA72AE420B38BAECC1D5F93D44FF
513597038013   513597038238     501 50029 R 52149392   4096    firefox ??/entries/967929CF0599DA72AE420B38BAECC1D5F93D44FF
513597038039   513597038264     501 50029 R 24453889   4096    firefox ??/entries/967929CF0599DA72AE420B38BAECC1D5F93D44FF
513597042560   513597042757     501 50029 R 24453930   4096    firefox ??/entries/15C047A00C1376ADA401FC11472BAAFDBEF1C1C3
513597042828   513597043145     501 50029 R 52149575   4096    firefox ??/entries/15C047A00C1376ADA401FC11472BAAFDBEF1C1C3
513597042858   513597043165     501 50029 R 24453929   4096    firefox ??/entries/15C047A00C1376ADA401FC11472BAAFDBEF1C1C3
513597043338   513597043652     501 50029 R 24453902   4096    firefox ??/entries/C9D82EC0E46AC43649E775BE78640C44E73F4ECB
513597043729   513597043998     501 50029 R 52149412   4096    firefox ??/entries/C9D82EC0E46AC43649E775BE78640C44E73F4ECB
513597043757   513597044028     501 50029 R 24453901   4096    firefox ??/entries/C9D82EC0E46AC43649E775BE78640C44E73F4ECB
513597047047   513597047453     501 50029 R 24454018   4096    firefox ??/entries/522FF92063EE186EFBFF8E67902CAD96C1F2E3BB
513597047589   513597047985     501 50029 R 52150365   4096    firefox ??/entries/522FF92063EE186EFBFF8E67902CAD96C1F2E3BB
513597047654   513597047987     501 50029 R 24454017   4096    firefox ??/entries/522FF92063EE186EFBFF8E67902CAD96C1F2E3BB
513597048399   513597048845     501 50029 R 24453884   4096    firefox ??/entries/51CCF709A61F9AB5BB086EE8B53946C1F09C8D24
513597048997   513597049381     501 50029 R 52146936   4096    firefox ??/entries/51CCF709A61F9AB5BB086EE8B53946C1F09C8D24
513597049062   513597049381     501 50029 R 24453883   4096    firefox ??/entries/51CCF709A61F9AB5BB086EE8B53946C1F09C8D24
513597058675   513597058895     501 50029 R 24453996   4096    firefox ??/entries/D90812A238B8DE65778D28C53D2D2D2A57514F03
513597058997   513597059228     501 50029 R 52150100   4096    firefox ??/entries/D90812A238B8DE65778D28C53D2D2D2A57514F03
513597059024   513597059257     501 50029 R 24453995   4096    firefox ??/entries/D90812A238B8DE65778D28C53D2D2D2A57514F03
513597059739   513597059964     501 50029 R 24454020   4096    firefox ??/entries/2173D491DE00E601CFEEA27A4EC8758A0B218106
513597060048   513597060267     501 50029 R 52150366   4096    firefox ??/entries/2173D491DE00E601CFEEA27A4EC8758A0B218106
513597060073   513597060292     501 50029 R 24454019   4096    firefox ??/entries/2173D491DE00E601CFEEA27A4EC8758A0B218106
513597061250   513597061443     501 50029 R 52271415   4096    firefox ??/entries/0C4610BF6A4D5A956D719D2A0A71911E3C5F4F0A
513597061510   513597061748     501 50029 R 52271413   8192    firefox ??/entries/0C4610BF6A4D5A956D719D2A0A71911E3C5F4F0A
513597062968   513597063325     501 50029 R 52149700   4096    firefox ??/entries/94E3F1C3D9373B06644D0994692620E02247C908
513597063434   513597063802     501 50029 R 52149699   4096    firefox ??/entries/94E3F1C3D9373B06644D0994692620E02247C908
513597065248   513597065518     501 50029 R 52271323   4096    firefox ??/entries/CC9C92C6542A4E59647E5052C7214C823605DACF
513597066240   513597066509     501 50029 R 24453882   4096    firefox ??/entries/4BD41160DCBBA50C05D7973BFCAF8B0D69CA8E9D
513597066592   513597066850     501 50029 R 52146918   4096    firefox ??/entries/4BD41160DCBBA50C05D7973BFCAF8B0D69CA8E9D
513597066618   513597066883     501 50029 R 24453881   4096    firefox ??/entries/4BD41160DCBBA50C05D7973BFCAF8B0D69CA8E9D
513597069844   513597070213     501 50029 R 52271320   4096    firefox ??/entries/7802FBDF805662D9C098C5F12719620613B45D09
513597073054   513597073378     501 50029 R 18953237   4096    firefox ??/entries/E11C6FF9DB1EFCD27AFE8B565E8C7CEE5EC7B22D
513597073478   513597073757     501 50029 R 52271390   4096    firefox ??/entries/E11C6FF9DB1EFCD27AFE8B565E8C7CEE5EC7B22D
513597076154   513597076412     501 50029 R 18953238   4096    firefox ??/entries/D0AECA8F4140CBE3D7F827E4039E3196550EE613
513597076495   513597076752     501 50029 R 52271391   4096    firefox ??/entries/D0AECA8F4140CBE3D7F827E4039E3196550EE613
513597080154   513597080381     501 50029 R 52150102   4096    firefox ??/entries/9FDB433849E7ECE4631DDC8D72242E5EE3E2D3BA
513597080466   513597080686     501 50029 R 52150101   4096    firefox ??/entries/9FDB433849E7ECE4631DDC8D72242E5EE3E2D3BA
513597082574   513597082799     501 50029 R 52271632   4096    firefox ??/entries/47A94493E0AA833F5A51F8BE49C3D7898DB236DC
513597082913   513597083245     501 50029 R 52271630   8192    firefox ??/entries/47A94493E0AA833F5A51F8BE49C3D7898DB236DC
513597083482   513597083753     501 50029 R 52271647   4096    firefox ??/entries/E27556ACF82B66E829FCB7739BD346C77D74DBC8
513597083898   513597084160     501 50029 R 52271645   8192    firefox ??/entries/E27556ACF82B66E829FCB7739BD346C77D74DBC8
513597084547   513597084810     501 50029 R 18953236   4096    firefox ??/entries/0DE1653F57DD2402751DA2F6C333A4CB33685348
513597084891   513597085153     501 50029 R 52271388   4096    firefox ??/entries/0DE1653F57DD2402751DA2F6C333A4CB33685348
513597085324   513597085582     501 50029 R 24454043   4096    firefox ??/entries/A81041D821C2C16F2539DE49ACE86835DFD8B638
513597085660   513597085932     501 50029 R 52270387   4096    firefox ??/entries/A81041D821C2C16F2539DE49ACE86835DFD8B638
513597085686   513597085986     501 50029 R 24454042   4096    firefox ??/entries/A81041D821C2C16F2539DE49ACE86835DFD8B638
513597086616   513597086877     501 50029 R 24453596   4096    firefox ??/entries/410C6D848D7022FAF0B018D2F56C61C197B21616
513597086951   513597087180     501 50029 R 52145168   4096    firefox ??/entries/410C6D848D7022FAF0B018D2F56C61C197B21616
513597086981   513597087221     501 50029 R 24453595   4096    firefox ??/entries/410C6D848D7022FAF0B018D2F56C61C197B21616
513597088171   513597088401     501 50029 R 24454049   4096    firefox ??/entries/BCCB840B07A565320FAE7D9278C1DC742BC637C1
513597088482   513597088709     501 50029 R 52271137   4096    firefox ??/entries/BCCB840B07A565320FAE7D9278C1DC742BC637C1
513597088508   513597088761     501 50029 R 24454048   4096    firefox ??/entries/BCCB840B07A565320FAE7D9278C1DC742BC637C1
513597091410   513597091634     501 50029 R 24453644   4096    firefox ??/entries/996CF8440C019C363EC27373F99F0FD97C75E697
513597091722   513597091981     501 50029 R 52271135   4096    firefox ??/entries/996CF8440C019C363EC27373F99F0FD97C75E697
513597091746   513597092039     501 50029 R 24453643   4096    firefox ??/entries/996CF8440C019C363EC27373F99F0FD97C75E697
513597092634   513597092864     501 50029 R 24454006   4096    firefox ??/entries/94AC2884FA6122BA39917D9048633700B930D64B
513597092925   513597093282     501 50029 R 52150125   4096    firefox ??/entries/94AC2884FA6122BA39917D9048633700B930D64B
513597092952   513597093303     501 50029 R 24454005   4096    firefox ??/entries/94AC2884FA6122BA39917D9048633700B930D64B
513597093695   513597094080     501 50029 R 52149680   4096    firefox ??/entries/3B9281AF92FE6D04A60A6F92491E96273AFF5A2F
513597098771   513597099124     501 50029 R 52270369   4096    firefox ??/entries/37C5621C6C91F132AFCF0929E276CDF27E7882DC
513597102413   513597102665     501 50029 R 52270364   4096    firefox ??/entries/279BAC61B7876B0D10E545443BC687EDDD638B5A
513597102769   513597103029     501 50029 R 52270363   4096    firefox ??/entries/279BAC61B7876B0D10E545443BC687EDDD638B5A
513597105381   513597105628     501 50029 R 52271385   4096    firefox ??/entries/F54735001DD38770BCE72FCF4DD8A8F59F8E0A62
513597105722   513597106042     501 50029 R 52271383   8192    firefox ??/entries/F54735001DD38770BCE72FCF4DD8A8F59F8E0A62
513597118692   513597119111     501 50029 R 24454053   4096    firefox ??/entries/99E8E4628CE8C051C5D28A8A25E47C3097833DEE
513597119254   513597119651     501 50029 R 52271143   4096    firefox ??/entries/99E8E4628CE8C051C5D28A8A25E47C3097833DEE
513597119319   513597119654     501 50029 R 24454052   4096    firefox ??/entries/99E8E4628CE8C051C5D28A8A25E47C3097833DEE
513597124640   513597124859     501 50029 R 52271202   4096    firefox ??/entries/D4E3DFE29DDBA42A77D1172B8F8CB99C7305F573
513597128418   513597128705     501 50029 R 52271389   4096    firefox ??/entries/CBEAD77CA6BBC697734266D58192F54F5C18602B
513597132059   513597132476     501 50029 R 24454067   4096    firefox ??/entries/B6231D786284404248E8A51A4E41AE1809C21A65
513597132625   513597132978     501 50029 R 52271166   4096    firefox ??/entries/B6231D786284404248E8A51A4E41AE1809C21A65
513597132693   513597133006     501 50029 R 24454066   4096    firefox ??/entries/B6231D786284404248E8A51A4E41AE1809C21A65
513597135016   513597135240     501 50029 R 24454014   4096    firefox ??/entries/23F2FB2B0F788726F9A547EE218414FAE5AB99BD
513597135318   513597135527     501 50029 R 52150363   4096    firefox ??/entries/23F2FB2B0F788726F9A547EE218414FAE5AB99BD
513597135352   513597135548     501 50029 R 24454013   4096    firefox ??/entries/23F2FB2B0F788726F9A547EE218414FAE5AB99BD
513597136648   513597136880     501 50029 R 32510942   4096    firefox ??/entries/79F2B3602A8C31C3E06552FAA90A94E5333464A7
513597136945   513597137187     501 50029 R 52271136   4096    firefox ??/entries/79F2B3602A8C31C3E06552FAA90A94E5333464A7
513597136972   513597137209     501 50029 R 32510940   8192    firefox ??/entries/79F2B3602A8C31C3E06552FAA90A94E5333464A7
513597138634   513597139069     501 50029 R 24454059   4096    firefox ??/entries/56C94B2E18CDEE7CAAF186E46E3875EF176FBE76
513597139240   513597139495     501 50029 R 52271152   4096    firefox ??/entries/56C94B2E18CDEE7CAAF186E46E3875EF176FBE76
513597139303   513597139530     501 50029 R 24454058   4096    firefox ??/entries/56C94B2E18CDEE7CAAF186E46E3875EF176FBE76
513597140641   513597141031     501 50029 R 52271149   4096    firefox ??/entries/41146EF8E38ED92B467C470C0BD1ED9A6CF7A191
513597141169   513597141488     501 50029 R 52271147   8192    firefox ??/entries/41146EF8E38ED92B467C470C0BD1ED9A6CF7A191
513597144572   513597144870     501 50029 R 18953234   4096    firefox ??/entries/2427E1C6FA3FD3ACEC4E1B718FEB747154E3538B
513597144971   513597145312     501 50029 R 52271386   4096    firefox ??/entries/2427E1C6FA3FD3ACEC4E1B718FEB747154E3538B
513597146761   513597147214     501 50029 R 52149706   4096    firefox ??/entries/B3F7CE6D1942715C6C8AD65342FCE9272AAF4FDC
513597147371   513597147703     501 50029 R 52149704   8192    firefox ??/entries/B3F7CE6D1942715C6C8AD65342FCE9272AAF4FDC
513597149652   513597150048     501 50029 R 18953232   4096    firefox ??/entries/338C7163ED842257276E4C578AE8CED95A9CE29B
513597150198   513597150509     501 50029 R 52271183   4096    firefox ??/entries/338C7163ED842257276E4C578AE8CED95A9CE29B
513597152157   513597152550     501 50029 R 24454061   4096    firefox ??/entries/A971E0ECA2EF3AB02325D706942C26F55EA663DB
513597152693   513597152981     501 50029 R 52271157   4096    firefox ??/entries/A971E0ECA2EF3AB02325D706942C26F55EA663DB
513597152764   513597153056     501 50029 R 24454060   4096    firefox ??/entries/A971E0ECA2EF3AB02325D706942C26F55EA663DB
513597153692   513597154130     501 50029 R 52271617   4096    firefox ??/entries/EF34AAFE5FC1C942939E85F5FAE9BA22044E4620
513597156793   513597157032     501 50029 R 18953233   4096    firefox ??/entries/7EC6A3A5C75FD97B1ECDB9F77B8203A5D760E3F3
513597157125   513597157329     501 50029 R 52271382   4096    firefox ??/entries/7EC6A3A5C75FD97B1ECDB9F77B8203A5D760E3F3
513597159836   513597160170     501 50029 R 24454010   4096    firefox ??/entries/68BCA1A260D230294CBB8FCD687CD3C70EB38328
513597160300   513597160508     501 50029 R 52150361   4096    firefox ??/entries/68BCA1A260D230294CBB8FCD687CD3C70EB38328
513597160334   513597160559     501 50029 R 24454009   4096    firefox ??/entries/68BCA1A260D230294CBB8FCD687CD3C70EB38328
513597161393   513597161652     501 50029 R 52271626   4096    firefox ??/entries/9AABE111FD6B8C0A1A206A5899EC69205E3C89CA
513597161716   513597162017     501 50029 R 52271625   4096    firefox ??/entries/9AABE111FD6B8C0A1A206A5899EC69205E3C89CA
513597162779   513597163103     501 50029 R 24454025   4096    firefox ??/entries/C28C00058E9F1753DF73804A054288F579D71FC0
513597163202   513597163494     501 50029 R 52150367   4096    firefox ??/entries/C28C00058E9F1753DF73804A054288F579D71FC0
513597163290   513597163533     501 50029 R 24454024   4096    firefox ??/entries/C28C00058E9F1753DF73804A054288F579D71FC0
513597164226   513597164490     501 50029 R 18953235   4096    firefox ??/entries/EE7CB29177E8C057AB445187AAA8D246FDB72232
513597164552   513597164812     501 50029 R 52271387   4096    firefox ??/entries/EE7CB29177E8C057AB445187AAA8D246FDB72232
513597167193   513597167456     501 50029 R 24454033   4096    firefox ??/entries/EF9E103988F3651540198896F6ED6ED10897F4E7
513597167580   513597167853     501 50029 R 52270356   4096    firefox ??/entries/EF9E103988F3651540198896F6ED6ED10897F4E7
513597167613   513597167882     501 50029 R 24454032   4096    firefox ??/entries/EF9E103988F3651540198896F6ED6ED10897F4E7
513597168045   513597168311     501 50029 R 24454008   4096    firefox ??/entries/00DF7B5D0FC8F9035F4187A2B4F37EBBFBF09DBD
513597168396   513597168625     501 50029 R 52150134   4096    firefox ??/entries/00DF7B5D0FC8F9035F4187A2B4F37EBBFBF09DBD
513597168423   513597168671     501 50029 R 24454007   4096    firefox ??/entries/00DF7B5D0FC8F9035F4187A2B4F37EBBFBF09DBD
513597169182   513597169508     501 50029 R 24454057   4096    firefox ??/entries/54BF6D9D46D035228AC887ABC41B451F2BA38C02
513597169600   513597169955     501 50029 R 52271146   4096    firefox ??/entries/54BF6D9D46D035228AC887ABC41B451F2BA38C02
513597169639   513597169972     501 50029 R 24454056   4096    firefox ??/entries/54BF6D9D46D035228AC887ABC41B451F2BA38C02
513597173409   513597173674     501 50029 R 24453888   4096    firefox ??/entries/800362A69F3ACC8B849B93DCAEE309A1C5CF324F
513597173770   513597174035     501 50029 R 52146938   4096    firefox ??/entries/800362A69F3ACC8B849B93DCAEE309A1C5CF324F
513597173796   513597174067     501 50029 R 24453887   4096    firefox ??/entries/800362A69F3ACC8B849B93DCAEE309A1C5CF324F
513597175830   513597176064     501 50029 R 24453872   4096    firefox ??/entries/9DFFCA5B0E77FF01F85E2689E8BF6D54CFC45940
513597176176   513597176432     501 50029 R 52145228   4096    firefox ??/entries/9DFFCA5B0E77FF01F85E2689E8BF6D54CFC45940
513597176201   513597176435     501 50029 R 24453871   4096    firefox ??/entries/9DFFCA5B0E77FF01F85E2689E8BF6D54CFC45940
513597177086   513597177328     501 50029 R 52270373   4096    firefox ??/entries/DE77E390199C022508878CF2E27A8F6EBD89CB2B
513597177384   513597177587     501 50029 R 52270372   4096    firefox ??/entries/DE77E390199C022508878CF2E27A8F6EBD89CB2B
513597178140   513597178467     501 50029 R 52270379   4096    firefox ??/entries/492DCC474730EF86E2BAEAB3FE693B551EEECBD6
513597178547   513597178790     501 50029 R 52270378   4096    firefox ??/entries/492DCC474730EF86E2BAEAB3FE693B551EEECBD6
513597181338   513597181650     501 50029 R 24454016   4096    firefox ??/entries/6DC08618AE4E6B885A3F9C702D3A4022F8787F5A
513597181731   513597182016     501 50029 R 52150364   4096    firefox ??/entries/6DC08618AE4E6B885A3F9C702D3A4022F8787F5A
513597181755   513597182039     501 50029 R 24454015   4096    firefox ??/entries/6DC08618AE4E6B885A3F9C702D3A4022F8787F5A
513597182289   513597182556     501 50029 R 24454075   4096    firefox ??/entries/B748D4203207DFD4582E968E1590C9362864DB0F
513597182637   513597182864     501 50029 R 52271201   4096    firefox ??/entries/B748D4203207DFD4582E968E1590C9362864DB0F
513597182662   513597182924     501 50029 R 24454074   4096    firefox ??/entries/B748D4203207DFD4582E968E1590C9362864DB0F
513597757393   513597757564     501 50029 W 52412329   4096    firefox ??/entries/646F78E9D6C58E1975B6FE2CFA03C35C65CADAFE
513597757529   513597757709     501 50029 W 24454258   8192    firefox ??/entries/646F78E9D6C58E1975B6FE2CFA03C35C65CADAFE
513599034279   513599035752     501 50029 W 52412330   4096    firefox ??/z05qnvsv.default/permissions.sqlite-journal
513599034417   513599035874     501 50029 W 52412331  65536    firefox ??/z05qnvsv.default/permissions.sqlite-journal
513599036086   513599036312     501 50029 W 32159106  32768    firefox ??/z05qnvsv.default/permissions.sqlite
513599036167   513599036377     501 50029 W 32159123  32768    firefox ??/z05qnvsv.default/permissions.sqlite
513599093527   513599093773     501 50029 W 52412347   4096    firefox ??/entries/77F4311778EBE67A8EAC900CE44C6884BCEA199F
513599093755   513599093923     501 50029 W 18953299   4096    firefox ??/entries/77F4311778EBE67A8EAC900CE44C6884BCEA199F
513599491623   513599493283     501 50029 W 52412348   4096    firefox ??/entries/6D9C5939CF62144CAD00E79FF8C22E910B710ECA
513599492080   513599493453     501 50029 W 18953300   4096    firefox ??/entries/6D9C5939CF62144CAD00E79FF8C22E910B710ECA
513603801287   513603802756     501 50029 W 52043431   4096    firefox ??/https+++www.google.com/.metadata-v2
513603915266   513603915600     501 50029 R 25968740   4096    firefox ??/crashes/store.json.mozlz4
513603918723   513603918875     501 50029 W 52412349   4096    firefox ??/crashes/store.json.mozlz4.tmp
513606917381   513606917829     501 50029 R 25968820   4096    firefox ??/datareporting/session-state.json
513606919943   513606920098     501 50029 W 52412361   4096    firefox ??/datareporting/session-state.json
513606926719   513606927122     501 50029 R 51979129  40960    firefox ??/datareporting/aborted-session-ping
513606930922   513606931110     501 50029 W 52412362  40960    firefox ??/saved-telemetry-pings/85ecd189-ac7e-b640-af4c-8dc76f20b5fe
513606934523   513606934694     501 50029 W 52412372  16384    firefox ??/2019-04/1556323756617.85ecd189-ac7e-b640-af4c-8dc76f20b5fe.main.jsonlz4.tmp
513606942736   513606942969     501 50029 W 52412376  28672    firefox ??/datareporting/aborted-session-ping
513608543271   513608544844     501 50029 W 51967424   4096    firefox ??/startupCache/startupCache.8.little
513608545192   513608545377     501 50029 W 51967424   4096    firefox ??/startupCache/startupCache.8.little
513608545357   513608545714     501 50029 W 52412383  61440    firefox ??/startupCache/startupCache.8.little
513610812051   513610813586     501 50029 W 52412639  36864    firefox ??/sessionstore-backups/recovery.jsonlz4
513623710366   513623711819     501 50029 W 52149679   4096    firefox ??/entries/51E46D8D7CD2936027F3198A531BF5436CC30454
513623710441   513623711874     501 50029 W 24453937   8192    firefox ??/entries/51E46D8D7CD2936027F3198A531BF5436CC30454
513623711729   513623711932     501 50029 W 52412987  16384    firefox ??/cache2/index.tmp
513623711828   513623712293     501 50029 W 52412991 139264    firefox ??/cache2/index
513623716002   513623716172     501 50029 W 52149711   4096    firefox ??/entries/942BFF1A554EF664D40971DC348358C3AFD8CDFC
513623716113   513623716282     501 50029 W 18953180   4096    firefox ??/entries/942BFF1A554EF664D40971DC348358C3AFD8CDFC
513623716156   513623716351     501 50029 W 18953226   4096    firefox ??/entries/942BFF1A554EF664D40971DC348358C3AFD8CDFC
513623734192   513623734411     501 50029 W 52413025  16384    firefox ??/entries/F6B4A0603D5959FB6D4049A44FCF2389A17813C7
513623734536   513623734704     501 50029 W 24454260   8192    firefox ??/entries/F6B4A0603D5959FB6D4049A44FCF2389A17813C7
513623736539   513623736724     501 50029 W 52412008  12288    firefox ??/entries/110867E5B21D25313D94CE71773F9AB503152243
513623764510   513623764740     501 50029 W 52412182  12288    firefox ??/entries/8B6684D8170FC71796D4942F920518E7D5AE1622
513623937963   513623939448     501 50029 W 52412244  12288    firefox ??/entries/4A85535B99A7BF1E40B0D525E8204860ADE9035D
513624150852   513624152316     501 50029 W 52413029   4096    firefox ??/entries/D14C777C2A99B7CBA5A943C9D5B8272DA8B117A3
513624152547   513624152746     501 50029 W 32511511  12288    firefox ??/entries/D14C777C2A99B7CBA5A943C9D5B8272DA8B117A3
513624169167   513624169356     501 50029 W 52150047   4096    firefox ??/entries/474F8F9E991255E02564089D990FA6355F7F1D1B
513624169258   513624169416     501 50029 W 24453985   8192    firefox ??/entries/474F8F9E991255E02564089D990FA6355F7F1D1B
513624169287   513624169462     501 50029 W 18953228   4096    firefox ??/entries/474F8F9E991255E02564089D990FA6355F7F1D1B
513624169312   513624169497     501 50029 W 18953288   4096    firefox ??/entries/474F8F9E991255E02564089D990FA6355F7F1D1B
513624186815   513624186964     501 50029 W 52150057   4096    firefox ??/entries/F6F15E46592B92658CBA1C03835C7A1C2B1EB44C
513624186910   513624187038     501 50029 W 18953214   4096    firefox ??/entries/F6F15E46592B92658CBA1C03835C7A1C2B1EB44C
513624187100   513624187212     501 50029 W 52406708  12288    firefox ??/entries/D374DCFDC43AFE96E14CA6D169637470047C3778
513624210100   513624210302     501 50029 W 52271512  12288    firefox ??/entries/043136D712AB8000CCBF27C8F09C2879E16F5D87
513624270273   513624270713     501 50029 W 52413030   4096    firefox ??/entries/750456BD528AE7F8666D00218E480D9CC42136C6
513624270417   513624270797     501 50029 W 24454264   8192    firefox ??/entries/750456BD528AE7F8666D00218E480D9CC42136C6
513624341251   513624341690     501 50029 W 52413031   8192    firefox ??/entries/23F78ADDC77FD58458FD9E75384E3152273F7EE9
513624357621   513624357814     501 50029 W 52150055  12288    firefox ??/entries/F6F15E46592B92658CBA1C03835C7A1C2B1EB44C
513624357705   513624357882     501 50029 W 18953214   4096    firefox ??/entries/F6F15E46592B92658CBA1C03835C7A1C2B1EB44C
513624357779   513624358138     501 50029 W 52413033  94208    firefox ??/entries/F6F15E46592B92658CBA1C03835C7A1C2B1EB44C
513625577877   513625579330     501 50029 W 52413070   4096    firefox ??/entries/23DB3C9D663934682E1B17D07D4A905D1D14018D
513625578030   513625579402     501 50029 W 24454266   8192    firefox ??/entries/23DB3C9D663934682E1B17D07D4A905D1D14018D
513625820960   513625822492     501 50029 W 52413071  36864    firefox ??/sessionstore-backups/recovery.jsonlz4
513626749036   513626750478     501 50029 W 52406313   4096    firefox ??/entries/134A6C66E16D3A3A08EE89CD63F7CD46134121CD
513626749120   513626750565     501 50029 W 24453581   8192    firefox ??/entries/134A6C66E16D3A3A08EE89CD63F7CD46134121CD
513626749156   513626750612     501 50029 W 18953287   4096    firefox ??/entries/134A6C66E16D3A3A08EE89CD63F7CD46134121CD
513628716033   513628717486     501 50029 W 52149711   4096    firefox ??/entries/942BFF1A554EF664D40971DC348358C3AFD8CDFC
513628716118   513628717608     501 50029 W 18953180   4096    firefox ??/entries/942BFF1A554EF664D40971DC348358C3AFD8CDFC
513628716153   513628717698     501 50029 W 18953226   4096    firefox ??/entries/942BFF1A554EF664D40971DC348358C3AFD8CDFC
513628716210   513628717758     501 50029 W 52150047   4096    firefox ??/entries/474F8F9E991255E02564089D990FA6355F7F1D1B
513628716246   513628717815     501 50029 W 24453985   8192    firefox ??/entries/474F8F9E991255E02564089D990FA6355F7F1D1B
513628716281   513628717873     501 50029 W 18953228   4096    firefox ??/entries/474F8F9E991255E02564089D990FA6355F7F1D1B
513628716312   513628717937     501 50029 W 18953288   4096    firefox ??/entries/474F8F9E991255E02564089D990FA6355F7F1D1B
513628716814   513628718005     501 50029 W 52149707   4096    firefox ??/entries/88C268BE0945AEEAB1FCE9DBDE31673DF86D65DA
513628716876   513628718055     501 50029 W 52270368   4096    firefox ??/entries/2B662789DFDD9C1308FF8ECD48E05F393053163C
513628716936   513628718103     501 50029 W 52413080   8192    firefox ??/entries/9AB061E4E527B2366F3E65B651CA2B5DDF6E8815
513636438435   513636440011     501 50029 W 52413095   4096    firefox ??/z05qnvsv.default/broadcast-listeners.json
513640832876   513640834900     501 50029 W 52413096  36864    firefox ??/sessionstore-backups/recovery.jsonlz4
513653746174   513653747329     501 50029 W 52149679   4096    firefox ??/entries/51E46D8D7CD2936027F3198A531BF5436CC30454
513653746264   513653747407     501 50029 W 24453937   8192    firefox ??/entries/51E46D8D7CD2936027F3198A531BF5436CC30454
513653755995   513653756212     501 50029 W 52149711   4096    firefox ??/entries/942BFF1A554EF664D40971DC348358C3AFD8CDFC
513653756144   513653756311     501 50029 W 18953180   4096    firefox ??/entries/942BFF1A554EF664D40971DC348358C3AFD8CDFC
513653756179   513653756401     501 50029 W 18953226   4096    firefox ??/entries/942BFF1A554EF664D40971DC348358C3AFD8CDFC
513653779499   513653779677     501 50029 W 52413105  16384    firefox ??/entries/996CF8440C019C363EC27373F99F0FD97C75E697
513653779666   513653779799     501 50029 W 24453943   8192    firefox ??/entries/996CF8440C019C363EC27373F99F0FD97C75E697
513653780628   513653780759     501 50029 W 52412008  12288    firefox ??/entries/110867E5B21D25313D94CE71773F9AB503152243
513653799328   513653799512     501 50029 W 52412182  12288    firefox ??/entries/8B6684D8170FC71796D4942F920518E7D5AE1622
513653971029   513653972264     501 50029 W 52412244  12288    firefox ??/entries/4A85535B99A7BF1E40B0D525E8204860ADE9035D
513654107257   513654108436     501 50029 W 52413109   4096    firefox ??/entries/DB5A6F76CB5BAE8535322F04A6F02272D5C45384
513654107439   513654108522     501 50029 W 32510681  12288    firefox ??/entries/DB5A6F76CB5BAE8535322F04A6F02272D5C45384
513654124726   513654124853     501 50029 W 52150047   4096    firefox ??/entries/474F8F9E991255E02564089D990FA6355F7F1D1B
513654124798   513654124916     501 50029 W 24453985   8192    firefox ??/entries/474F8F9E991255E02564089D990FA6355F7F1D1B
513654124826   513654124957     501 50029 W 18953228   4096    firefox ??/entries/474F8F9E991255E02564089D990FA6355F7F1D1B
513654125014   513654125095     501 50029 W 18953288   4096    firefox ??/entries/474F8F9E991255E02564089D990FA6355F7F1D1B
513654141049   513654141267     501 50029 W 52413053  12288    firefox ??/entries/F6F15E46592B92658CBA1C03835C7A1C2B1EB44C
513654141617   513654141792     501 50029 W 52406708  12288    firefox ??/entries/D374DCFDC43AFE96E14CA6D169637470047C3778
513654161814   513654162092     501 50029 W 52271512  12288    firefox ??/entries/043136D712AB8000CCBF27C8F09C2879E16F5D87
513654228446   513654228786     501 50029 W 52413110   4096    firefox ??/entries/34B728A303C85F3003636C3A0B13E1581DA5A801
513654228687   513654228877     501 50029 W 24453947   8192    firefox ??/entries/34B728A303C85F3003636C3A0B13E1581DA5A801
513654299164   513654299338     501 50029 W 52413111   8192    firefox ??/entries/37295A9497CDC60CF357E8CAA084B787910412AF
513655480093   513655481347     501 50029 W 52413113   4096    firefox ??/entries/781E94CAE3199E3622BC7B25FDD8BCFB3300319D
513655480244   513655481431     501 50029 W 24453959   8192    firefox ??/entries/781E94CAE3199E3622BC7B25FDD8BCFB3300319D
513656784145   513656785680     501 50029 W 52413114  36864    firefox ??/sessionstore-backups/recovery.jsonlz4
513658733345   513658734823     501 50029 W 52149711   4096    firefox ??/entries/942BFF1A554EF664D40971DC348358C3AFD8CDFC
513658733506   513658734924     501 50029 W 18953180   4096    firefox ??/entries/942BFF1A554EF664D40971DC348358C3AFD8CDFC
513658733544   513658734986     501 50029 W 18953226   4096    firefox ??/entries/942BFF1A554EF664D40971DC348358C3AFD8CDFC
513658733636   513658735047     501 50029 W 52150047   4096    firefox ??/entries/474F8F9E991255E02564089D990FA6355F7F1D1B
513658733691   513658735102     501 50029 W 24453985   8192    firefox ??/entries/474F8F9E991255E02564089D990FA6355F7F1D1B
513658733732   513658735137     501 50029 W 18953228   4096    firefox ??/entries/474F8F9E991255E02564089D990FA6355F7F1D1B
513658733766   513658735175     501 50029 W 18953288   4096    firefox ??/entries/474F8F9E991255E02564089D990FA6355F7F1D1B
513658734695   513658735209     501 50029 W 52270368   4096    firefox ??/entries/2B662789DFDD9C1308FF8ECD48E05F393053163C
513658735107   513658735262     501 50029 W 52149707   4096    firefox ??/entries/88C268BE0945AEEAB1FCE9DBDE31673DF86D65DA
513658735303   513658735407     501 50029 W 52413123   8192    firefox ??/entries/9AB061E4E527B2366F3E65B651CA2B5DDF6E8815
513659809980   513659811510     501 50029 W 52406313   4096    firefox ??/entries/134A6C66E16D3A3A08EE89CD63F7CD46134121CD
513659810064   513659811649     501 50029 W 24453581   8192    firefox ??/entries/134A6C66E16D3A3A08EE89CD63F7CD46134121CD
513659810118   513659811727     501 50029 W 18953287   4096    firefox ??/entries/134A6C66E16D3A3A08EE89CD63F7CD46134121CD


