STIME          TIME             UID   PID D    BLOCK   SIZE       COMM PATHNAME
512536752350   512536752490     501 48310 W 51965358   8192    firefox ??/entries/535E6F61E47107454279BC2344D54C523DD333E3
512537968428   512537969825     501 48310 W 51965551   4096    firefox ??/entries/06663E72961F3F3868F41DDD058D02E2298A802C
512537968581   512537969901     501 48310 W 24452941   8192    firefox ??/entries/06663E72961F3F3868F41DDD058D02E2298A802C
512538211024   512538211410     501 48310 W 51965552   4096    firefox ??/entries/52E8AA6331883379B07C524B758B74DE8BC72FD9
512538211159   512538211487     501 48310 W 24453247   8192    firefox ??/entries/52E8AA6331883379B07C524B758B74DE8BC72FD9
512542037557   512542039002     501 48310 W 51965627   8192    firefox ??/entries/56A017FA6F01D19E0BC32B8A8E3000530EF29523
512542580850   512542582404     501 48310 R 25965893   4096    firefox ??/z05qnvsv.default/webappsstore.sqlite-wal
512542582510   512542582640     501 48310 W 25965893   4096    firefox ??/z05qnvsv.default/webappsstore.sqlite-wal
512542582834   512542583120     501 48310 R 25967830   4096    firefox ??/z05qnvsv.default/webappsstore.sqlite-wal
512547793642   512547793816     501 48310 W 51965629   4096    firefox ??/entries/B0C5DC0140128A3F11AADA2D0BEA7B55A3E66A74
512547793876   512547793999     501 48310 W 24453253   8192    firefox ??/entries/B0C5DC0140128A3F11AADA2D0BEA7B55A3E66A74
512547798142   512547798246     501 48310 W 51965630   4096    firefox ??/entries/F299951829FDC6FC56183038EB32FA1399D8EC5B
512547798247   512547798396     501 48310 W 24453255   8192    firefox ??/entries/F299951829FDC6FC56183038EB32FA1399D8EC5B
512552753529   512552755232     501 48310 R 25968729   4096    firefox ??/z05qnvsv.default/webappsstore.sqlite-wal
512552755453   512552755917     501 48310 R 25968737   4096    firefox ??/z05qnvsv.default/webappsstore.sqlite-wal
512552762099   512552762325     501 48310 W 25965613   4096    firefox ??/entries/A2EC0667B41E4F8CB4DA2661760C5D7A0CA45A63
512567014230   512567015765     501 48310 R 25248057   4096    firefox ??/idb/1657114595AmcateirvtiSty.sqlite
512567016936   512567017163     501 48310 R 32164956   4096    firefox ??/idb/1657114595AmcateirvtiSty.sqlite
512567017248   512567017455     501 48310 R 32164962   4096    firefox ??/idb/1657114595AmcateirvtiSty.sqlite
512567017530   512567017765     501 48310 R 32167715   4096    firefox ??/idb/1657114595AmcateirvtiSty.sqlite
512567017835   512567018076     501 48310 R 32167716   4096    firefox ??/idb/1657114595AmcateirvtiSty.sqlite
512567017869   512567018139     501 48310 R 32167717   4096    firefox ??/idb/1657114595AmcateirvtiSty.sqlite
512567018201   512567018450     501 48310 R 32167718   8192    firefox ??/idb/1657114595AmcateirvtiSty.sqlite
512567018512   512567018816     501 48310 R 32167720  16384    firefox ??/idb/1657114595AmcateirvtiSty.sqlite
512567018897   512567019264     501 48310 R 32167724  16384    firefox ??/idb/1657114595AmcateirvtiSty.sqlite
512567019027   512567019308     501 48310 R 32214349   4096    firefox ??/idb/3870112724rsegmnoittet-es.sqlite
512567019361   512567019614     501 48310 R 32167714   4096    firefox ??/idb/1657114595AmcateirvtiSty.sqlite
512567019374   512567019621     501 48310 R 32214348   4096    firefox ??/idb/3870112724rsegmnoittet-es.sqlite
512567019698   512567019896     501 48310 R 32214316   4096    firefox ??/idb/3870112724rsegmnoittet-es.sqlite
512567019957   512567020158     501 48310 R 32214315   4096    firefox ??/idb/3870112724rsegmnoittet-es.sqlite
512567023407   512567023714     501 48310 R 32214342   4096    firefox ??/idb/3870112724rsegmnoittet-es.sqlite
512567024227   512567024470     501 48310 R 32214307   4096    firefox ??/idb/3870112724rsegmnoittet-es.sqlite
512567025671   512567025927     501 48310 R 32214326   4096    firefox ??/idb/3870112724rsegmnoittet-es.sqlite
512567027655   512567027895     501 48310 R 32214328   4096    firefox ??/idb/3870112724rsegmnoittet-es.sqlite
512567029462   512567029712     501 48310 R 32214331   4096    firefox ??/idb/3870112724rsegmnoittet-es.sqlite
512567031164   512567031417     501 48310 R 32214346   4096    firefox ??/idb/3870112724rsegmnoittet-es.sqlite
512567032304   512567032556     501 48310 R 32214333   4096    firefox ??/idb/3870112724rsegmnoittet-es.sqlite
512567034208   512567034452     501 48310 R 32214334   4096    firefox ??/idb/3870112724rsegmnoittet-es.sqlite
512567034244   512567034504     501 48310 R 32214335   4096    firefox ??/idb/3870112724rsegmnoittet-es.sqlite
512567036106   512567036438     501 48310 R 32214338   4096    firefox ??/idb/3870112724rsegmnoittet-es.sqlite
512567036145   512567036453     501 48310 R 32214339   4096    firefox ??/idb/3870112724rsegmnoittet-es.sqlite
512567039406   512567039525     501 48310 R 32214336   4096    firefox ??/idb/3870112724rsegmnoittet-es.sqlite
512567041320   512567041574     501 48310 R 32214344   4096    firefox ??/idb/3870112724rsegmnoittet-es.sqlite
512573041338   512573041525     501 48310 W 51965639   8192    firefox ??/entries/1F5535643D0D30D7FB57E54A6E00847E1B5B3942
512582489407   512582491535     501 48310 W 51965803   8192    firefox ??/entries/75FBD0179645EB00898796E1550CDAEE23CE16C5
512592494798   512592496880     501 48310 W 51965805   8192    firefox ??/entries/4BC31F7ECECE196E14C20F35C510FEF31585C083
512594973415   512594973845     501 48310 R 25250649   4096    firefox ??/entries/DB4F808055831D3AF8A2E90BC860B42C6AFE3B2D
512594974579   512594974852     501 48310 R 32312428   4096    firefox ??/entries/DB4F808055831D3AF8A2E90BC860B42C6AFE3B2D
512594974616   512594974868     501 48310 R 25250648   4096    firefox ??/entries/DB4F808055831D3AF8A2E90BC860B42C6AFE3B2D
512594977168   512594977518     501 48310 R 25250645   4096    firefox ??/entries/2D5B54BE2C780D1A6D1F8BE2EA8669C2F3382C38
512594977650   512594977938     501 48310 R 32312327   4096    firefox ??/entries/2D5B54BE2C780D1A6D1F8BE2EA8669C2F3382C38
512594977681   512594977944     501 48310 R 25250644   4096    firefox ??/entries/2D5B54BE2C780D1A6D1F8BE2EA8669C2F3382C38
512595145663   512595145813     501 48310 W 51965807   4096    firefox ??/entries/6867A82BE96077B0BCA728EB62D5DEF063208C87
512595146470   512595146570     501 48310 W 51965808   4096    firefox ??/entries/AC60D282BD9894140834DDDD786E89EECDA24AFC
512595209173   512595209710     501 48310 R 32135583 106496    firefox ??/Resources/omni.ja
512595209840   512595210260     501 48310 R 32135609  53248    firefox ??/Resources/omni.ja
512595210357   512595210907     501 48310 R 32135622 106496    firefox ??/Resources/omni.ja
512595221202   512595221510     501 48310 R 32313540   8192    firefox ??/startupCache/startupCache.8.little
512595230500   512595230635     501 48310 W 51965809   4096    firefox ??/entries/DB4F808055831D3AF8A2E90BC860B42C6AFE3B2D
512595230685   512595230778     501 48310 W 24453257   8192    firefox ??/entries/DB4F808055831D3AF8A2E90BC860B42C6AFE3B2D
512595230755   512595230878     501 48310 W 51965810   4096    firefox ??/entries/2D5B54BE2C780D1A6D1F8BE2EA8669C2F3382C38
512595230883   512595230986     501 48310 W 24453261   8192    firefox ??/entries/2D5B54BE2C780D1A6D1F8BE2EA8669C2F3382C38
512595261487   512595261581     501 48310 W 51965811   4096    firefox ??/z05qnvsv.default/addons.json
512595388750   512595388871     501 48310 W 51965812   4096    firefox ??/entries/5F9026763FB938CB17508AA6993885A885DA8C2A
512595389591   512595389691     501 48310 W 51965813   4096    firefox ??/entries/0581712F03CDA8CA1FFBE985007922697013E671
512595411213   512595411340     501 48310 W 51965814   4096    firefox ??/entries/8B703427F791C995540F6FE4EACCC335C048838D
512595411837   512595411927     501 48310 W 51965815   4096    firefox ??/entries/299189B379A22EE5F9649E82CD865C52AD073790
512595421980   512595422101     501 48310 W 51965816   4096    firefox ??/entries/DE9CC3741D99987823AF6CD91940A8AEE2F66567
512595462786   512595462990     501 48310 W 32506367  12288    firefox ??/z05qnvsv.default/prefs-1.js
512600145850   512600145984     501 48310 W 51965847   8192    firefox ??/entries/4146B7178CF95D115F0F227022EAC1BD777D9229


