STIME          TIME             UID   PID D    BLOCK   SIZE       COMM PATHNAME
514306809185   514306809335     501 50029 W 52782552   8192    firefox ??/entries/2C33D1C3602135F9E17CDA6067F6750B8BBCEE6D
514306834241   514306834511     501 50029 W 52782554   4096    firefox ??/entries/D0CB92A11F1FB9242B4A0DC718DE7BC798A40547
514306834575   514306834703     501 50029 W 32509214  12288    firefox ??/entries/D0CB92A11F1FB9242B4A0DC718DE7BC798A40547
514306872486   514306872767     501 50029 W 52782555  53248    firefox ??/entries/387E11CD9E4D0266890E16A10DAD30724F993DDD
514306872692   514306872874     501 50029 W 32509256  12288    firefox ??/entries/387E11CD9E4D0266890E16A10DAD30724F993DDD
514306889509   514306889644     501 50029 W 52782568   4096    firefox ??/entries/3C0EFEA8B0F1DCB28CA2353BB5B65D8B09C1B4E6
514306889653   514306889802     501 50029 W 24454327   8192    firefox ??/entries/3C0EFEA8B0F1DCB28CA2353BB5B65D8B09C1B4E6
514306889993   514306890084     501 50029 W 52782569   4096    firefox ??/entries/BCA0512DD33423D6FFA255489A437056A01971F8
514306890099   514306890214     501 50029 W 24454329   8192    firefox ??/entries/BCA0512DD33423D6FFA255489A437056A01971F8
514306905396   514306906381     501 50029 W 52782947 393216    firefox ??/entries/A33B389F51D0F4978F886A4F36E4A9D823320263
514307017962   514307018442     501 50029 R 25980651  36864    firefox ??/z05qnvsv.default/webappsstore.sqlite-wal
514307050663   514307051147     501 50029 R 32505992   8192    firefox ??/entries/2F37FF60EE266307920AF23E35E26F2821054719
514307051554   514307051650     501 50029 R 32505991   4096    firefox ??/entries/2F37FF60EE266307920AF23E35E26F2821054719
514307051473   514307051758     501 50029 R 32172775   4096    firefox ??/entries/2F37FF60EE266307920AF23E35E26F2821054719
514307052489   514307052950     501 50029 R 32172773   8192    firefox ??/entries/2F37FF60EE266307920AF23E35E26F2821054719
514307053882   514307054222     501 50029 R 32514058   8192    firefox ??/entries/CB95CA716F7BCFA5FC39CFFB91E2AAD76A863585
514307054507   514307054589     501 50029 R 32514057   4096    firefox ??/entries/CB95CA716F7BCFA5FC39CFFB91E2AAD76A863585
514307054431   514307054705     501 50029 R 32174149   4096    firefox ??/entries/CB95CA716F7BCFA5FC39CFFB91E2AAD76A863585
514307055348   514307055661     501 50029 R 32174147   8192    firefox ??/entries/CB95CA716F7BCFA5FC39CFFB91E2AAD76A863585
514307055989   514307056093     501 50029 W 32172775   4096    firefox ??/entries/2F37FF60EE266307920AF23E35E26F2821054719
514307056042   514307056144     501 50029 W 32505991  12288    firefox ??/entries/2F37FF60EE266307920AF23E35E26F2821054719
514307056272   514307056351     501 50029 W 32174149   4096    firefox ??/entries/CB95CA716F7BCFA5FC39CFFB91E2AAD76A863585
514307056304   514307056404     501 50029 W 32514057  12288    firefox ??/entries/CB95CA716F7BCFA5FC39CFFB91E2AAD76A863585
514307170900   514307171002     501 50029 W 52783043   4096    firefox ??/entries/1EB03749277737E83A04F6FF8DD946F1EB50D439
514307170976   514307171112     501 50029 W 52783044   4096    firefox ??/entries/076E2987128F935D3ABF15BEC335E712D3D7623E
514307173146   514307173298     501 50029 W 52783045   8192    firefox ??/entries/01C6957871A01169B730B2F56F55C4EB21DFA9B3
514307175537   514307175660     501 50029 W 52783047   8192    firefox ??/entries/E32B2A4C27A149DC5613D7F82BBE8777507DCCAF
514307183469   514307183544     501 50029 W 52783049   4096    firefox ??/entries/5B8C28E77D45E52E18463E141197D94EB2F83957
514307215794   514307216952     501 50029 W 52783050 491520    firefox ??/entries/2B3EF6280AEAB4D6781C97A69AC2D9D7D8869531
514307309907   514307310066     501 50029 W 52783170  12288    firefox ??/entries/097DD1F6EE1CE38695F01DA77316A1B5F31CE8AE
514307310092   514307310226     501 50029 W 32509846  12288    firefox ??/entries/097DD1F6EE1CE38695F01DA77316A1B5F31CE8AE
514307310852   514307310968     501 50029 W 52783173   8192    firefox ??/entries/DB6D893924CE8422DC0922BCB5DAF0E36692476A
514307310975   514307311108     501 50029 W 24454331   8192    firefox ??/entries/DB6D893924CE8422DC0922BCB5DAF0E36692476A
514307311577   514307311736     501 50029 W 52783175  16384    firefox ??/entries/59D36C066D59FBE5678934778CD1BC753FD3F73F
514307311669   514307311817     501 50029 W 24454333   8192    firefox ??/entries/59D36C066D59FBE5678934778CD1BC753FD3F73F
514307313158   514307313479     501 50029 W 52783179  16384    firefox ??/entries/F184992D66D933CE200A2C0A0BB82DB05C886006
514307313589   514307313749     501 50029 W 32510471  12288    firefox ??/entries/F184992D66D933CE200A2C0A0BB82DB05C886006
514307349711   514307351377     501 50029 W 52783183 684032    firefox ??/entries/ACC17F40FBEBBF56CF66DCEA740BE880DBFFB9F0
514307360220   514307360518     501 50029 W 52783350  73728    firefox ??/entries/FD38F189E9EA702821129D50E47FD199FE0B3052
514307360333   514307360580     501 50029 W 24454335   8192    firefox ??/entries/FD38F189E9EA702821129D50E47FD199FE0B3052
514307371926   514307372165     501 50029 W 52783368  12288    firefox ??/entries/EF1F3B7B95C08988C660842B6B0F44679ADE4DCE
514307396240   514307396399     501 50029 W 52783371   8192    firefox ??/entries/69D3501F5ECB5CC6108EB91E3CB4B13D4F235AD7
514307396403   514307396550     501 50029 W 24454337   8192    firefox ??/entries/69D3501F5ECB5CC6108EB91E3CB4B13D4F235AD7
514307402332   514307402647     501 50029 W 52783381  32768    firefox ??/entries/C82AF8F117316C1B629FA64625AD5BFE9F439F25
514307402595   514307402809     501 50029 W 24454339   8192    firefox ??/entries/C82AF8F117316C1B629FA64625AD5BFE9F439F25
514307407959   514307408250     501 50029 W 52783373  32768    firefox ??/entries/E6E78A81E872C44E56DACF04734806CB4B575F50
514307408189   514307408414     501 50029 W 32510498  12288    firefox ??/entries/E6E78A81E872C44E56DACF04734806CB4B575F50
514307408438   514307408528     501 50029 W 52783389   4096    firefox ??/entries/8A3FA93A497A5A550C3DD8E8C2613337456DD70F
514307408560   514307408657     501 50029 W 24454341   8192    firefox ??/entries/8A3FA93A497A5A550C3DD8E8C2613337456DD70F
514307582179   514307582755     501 50029 W 52783390 159744    firefox ??/entries/CEF4908333B0910699D8EA3375D184D432C2FFBA
514308210072   514308211603     501 50029 W 52783466  16384    firefox ??/entries/DA3CE81C53F214EA6D35A821E09417D6416E7E3F
514308210284   514308211747     501 50029 W 32510501  12288    firefox ??/entries/DA3CE81C53F214EA6D35A821E09417D6416E7E3F
514308211002   514308211814     501 50029 W 52783470   4096    firefox ??/entries/02A8E3DC19ED36E65F0944AE20FBA028B9496AD9
514308211199   514308211874     501 50029 W 24454345   8192    firefox ??/entries/02A8E3DC19ED36E65F0944AE20FBA028B9496AD9
514308371280   514308373151     501 50029 R 32161371  32768    firefox ??/z05qnvsv.default/favicons.sqlite
514308373697   514308374012     501 50029 R 25965498   4096    firefox ??/z05qnvsv.default/favicons.sqlite-wal
514308374161   514308374433     501 50029 R 25965506   4096    firefox ??/z05qnvsv.default/favicons.sqlite-wal
514308374595   514308374857     501 50029 R 25965514   4096    firefox ??/z05qnvsv.default/favicons.sqlite-wal
514308375003   514308375257     501 50029 R 25965522   4096    firefox ??/z05qnvsv.default/favicons.sqlite-wal
514308375455   514308375740     501 50029 R 25965530   4096    firefox ??/z05qnvsv.default/favicons.sqlite-wal
514308375942   514308376218     501 50029 R 25965538   4096    firefox ??/z05qnvsv.default/favicons.sqlite-wal
514308376387   514308376638     501 50029 R 25968356   4096    firefox ??/z05qnvsv.default/favicons.sqlite-wal
514308376761   514308376991     501 50029 R 25968364   4096    firefox ??/z05qnvsv.default/favicons.sqlite-wal
514308377117   514308377349     501 50029 R 25968372   4096    firefox ??/z05qnvsv.default/favicons.sqlite-wal
514308377429   514308377962     501 50029 W 25965498 167936    firefox ??/z05qnvsv.default/favicons.sqlite-wal
514308377465   514308378084     501 50029 W 25968349  98304    firefox ??/z05qnvsv.default/favicons.sqlite-wal
514308378633   514308378879     501 50029 R 25968380   4096    firefox ??/z05qnvsv.default/favicons.sqlite-wal
514308378970   514308379194     501 50029 R 25968388   4096    firefox ??/z05qnvsv.default/favicons.sqlite-wal
514308379294   514308379492     501 50029 R 25968396   4096    firefox ??/z05qnvsv.default/favicons.sqlite-wal
514308379557   514308379862     501 50029 W 25968372 102400    firefox ??/z05qnvsv.default/favicons.sqlite-wal
514308611103   514308611339     501 50029 W 52783471   4096    firefox ??/entries/837D8EDFB55CD53D376588201FB3B91E184F4A7E
514308611281   514308611430     501 50029 W 52783472   4096    firefox ??/entries/C1CBE485B67A977C8317C42CF9CE17DD8F5589E6
514308642570   514308642793     501 50029 W 52783473   8192    firefox ??/entries/DFB2F3316604831FDCF85B3610388A714602BA95
514308642807   514308642973     501 50029 W 32510507  12288    firefox ??/entries/DFB2F3316604831FDCF85B3610388A714602BA95
514308666362   514308666731     501 50029 W 52783475  24576    firefox ??/entries/B053DB552F342EA69DAC632A66736B49DC08C162
514308666684   514308666916     501 50029 W 32510525  12288    firefox ??/entries/B053DB552F342EA69DAC632A66736B49DC08C162
514308677957   514308678300     501 50029 W 52783481  61440    firefox ??/entries/32396D52486D0A818028C634C0515506ADD7341C
514308678175   514308678384     501 50029 W 24454347   8192    firefox ??/entries/32396D52486D0A818028C634C0515506ADD7341C
514308751984   514308752301     501 50029 W 52783496  12288    firefox ??/entries/81342F5706BCCEBAC8810ECEACE7DD652A59C81E
514308814706   514308815135     501 50029 W 52783499  16384    firefox ??/entries/C2D75B7FE4DF4C942BED3512DEC9EA15DDEE9622
514308814865   514308815201     501 50029 W 24454349   8192    firefox ??/entries/C2D75B7FE4DF4C942BED3512DEC9EA15DDEE9622
514308851875   514308852035     501 50029 W 52783503  12288    firefox ??/entries/F7F561120824A525A58A14C81DBD4C6B2FF4B38E
514308852055   514308852179     501 50029 W 18944805   4096    firefox ??/entries/F7F561120824A525A58A14C81DBD4C6B2FF4B38E
514308870974   514308871299     501 50029 R 24454072   8192    firefox ??/entries/591D9D0AEC16A3AB94FFD6EF567175987CE2B5E5
514308871520   514308871763     501 50029 R 52271188   4096    firefox ??/entries/591D9D0AEC16A3AB94FFD6EF567175987CE2B5E5
514308872263   514308872479     501 50029 R 52271187   4096    firefox ??/entries/591D9D0AEC16A3AB94FFD6EF567175987CE2B5E5
514308877050   514308877281     501 50029 W 52271188   4096    firefox ??/entries/591D9D0AEC16A3AB94FFD6EF567175987CE2B5E5
514308877230   514308877404     501 50029 W 24454072   8192    firefox ??/entries/591D9D0AEC16A3AB94FFD6EF567175987CE2B5E5
514309030677   514309030853     501 50029 W 52783506  20480    firefox ??/entries/EF469852CFA7E56B78B3A3FCC34995A737B3B595
514309030825   514309031006     501 50029 W 24454351   8192    firefox ??/entries/EF469852CFA7E56B78B3A3FCC34995A737B3B595
514309036905   514309037031     501 50029 W 24454353   8192    firefox ??/entries/DA9947087D711B3306AD902FFDE9E72A12C0453D
514309036814   514309037179     501 50029 W 52783511  69632    firefox ??/entries/DA9947087D711B3306AD902FFDE9E72A12C0453D
514309037927   514309038050     501 50029 W 52783528  12288    firefox ??/entries/99E8CB5103F0F8DC15CAD2F571FD6524DD767186
514309039874   514309040205     501 50029 W 52783531  69632    firefox ??/entries/213BE9AB2672B0F02D26A126AAE2F15E9DDA9E56
514309039985   514309040292     501 50029 W 24454355   8192    firefox ??/entries/213BE9AB2672B0F02D26A126AAE2F15E9DDA9E56
514309095527   514309095678     501 50029 W 52783548  12288    firefox ??/entries/964FB631A9E5C4690FF5931041A4A83D9134F154
514309095640   514309095812     501 50029 W 32510534  12288    firefox ??/entries/964FB631A9E5C4690FF5931041A4A83D9134F154
514309113431   514309113608     501 50029 W 52783551  12288    firefox ??/entries/8EBF4C0659C51B40586ADF42B1458CF43FB3D812
514309156655   514309156955     501 50029 W 24454357   8192    firefox ??/entries/8513266B12B44CDAE065CA131667469E493F56D3
514309156522   514309157050     501 50029 W 52783554  69632    firefox ??/entries/8513266B12B44CDAE065CA131667469E493F56D3
514309281142   514309282855     501 50029 W 52783571  69632    firefox ??/entries/F549A4CC53480AA0B3EE95CBC4748AC49B688985
514309281286   514309282978     501 50029 W 24454359   8192    firefox ??/entries/F549A4CC53480AA0B3EE95CBC4748AC49B688985
514309414166   514309414624     501 50029 W 52783588 147456    firefox ??/entries/7C5E61727F6FE06C312F50121D34E9B6A7FAEB04
514309563610   514309564101     501 50029 W 52783624 143360    firefox ??/entries/BC9AD31BFCEB65730AF5350725D5BA58E9D0E737
514309671229   514309673312     501 50029 W 52783659 286720    firefox ??/entries/B2CCB3796460D143E958959F3F98B10E3DEA450F
514310380828   514310380951     501 50029 W 52783729   4096    firefox ??/entries/B6FFF8A6AAAFC26FDF4AFFE7AFC41D358E4EE311
514310380969   514310381084     501 50029 W 32510561  12288    firefox ??/entries/B6FFF8A6AAAFC26FDF4AFFE7AFC41D358E4EE311
514310402952   514310403080     501 50029 W 52783730   4096    firefox ??/entries/D10320E54C28EECA7B1CA5D735BAE9A3353394A8
514310427867   514310428079     501 50029 W 52783731  28672    firefox ??/entries/378E5FDA187734011064B2D0CFF6CD453ADFEB27
514310428053   514310428217     501 50029 W 24454363   8192    firefox ??/entries/378E5FDA187734011064B2D0CFF6CD453ADFEB27
514310540546   514310541607     501 50029 W 52783738   4096    firefox ??/entries/3BC14CFB7D03B5EFF3AE0C8EC6159C764090E368
514310540681   514310541676     501 50029 W 18953249   4096    firefox ??/entries/3BC14CFB7D03B5EFF3AE0C8EC6159C764090E368
514310604564   514310604863     501 50029 W 52783739  28672    firefox ??/entries/543E602F361476894AB73D0313A845F11E6AB4C6
514310604797   514310605031     501 50029 W 24454365   8192    firefox ??/entries/543E602F361476894AB73D0313A845F11E6AB4C6
514310617984   514310618323     501 50029 W 52783746  28672    firefox ??/entries/979A59F8A5E09ECD0E0C70BA6FACCD9EA7E793D0
514310618311   514310618519     501 50029 W 24454367   8192    firefox ??/entries/979A59F8A5E09ECD0E0C70BA6FACCD9EA7E793D0
514310623054   514310623254     501 50029 W 52783753  28672    firefox ??/entries/E5E9A455E3084C9A72DA7193BADDB625051646EB
514310623193   514310623323     501 50029 W 24454369   8192    firefox ??/entries/E5E9A455E3084C9A72DA7193BADDB625051646EB
514310804409   514310804727     501 50029 W 52783760  40960    firefox ??/entries/0FDF83F0421E9C87E13270E61EF8D4D2FAE55119
514310804719   514310804896     501 50029 W 18953681   4096    firefox ??/entries/0FDF83F0421E9C87E13270E61EF8D4D2FAE55119
514310827253   514310827466     501 50029 W 52783770  28672    firefox ??/entries/E2816C95D043009258362E3D76E7E0463E028CF0
514310827436   514310827589     501 50029 W 24454371   8192    firefox ??/entries/E2816C95D043009258362E3D76E7E0463E028CF0
514310828738   514310828903     501 50029 W 52783777  28672    firefox ??/entries/251B004ECF1C077F5D3CB66E420F4FE24709290E
514310828841   514310828961     501 50029 W 24454377   8192    firefox ??/entries/251B004ECF1C077F5D3CB66E420F4FE24709290E
514311000485   514311000690     501 50029 W 52783784  28672    firefox ??/entries/94CEB1AD9BAEA519518E8D246599FCBA54244DD6
514311000662   514311000819     501 50029 W 24454379   8192    firefox ??/entries/94CEB1AD9BAEA519518E8D246599FCBA54244DD6
514311000804   514311000971     501 50029 W 52783791  28672    firefox ??/entries/37CA674F5F08C2E628AA7784ECA57908041AC123
514311000917   514311001024     501 50029 W 24454389   8192    firefox ??/entries/37CA674F5F08C2E628AA7784ECA57908041AC123
514311001316   514311001467     501 50029 W 52783798  28672    firefox ??/entries/8927CEB5D15126F121180BD2F1A0C98C22755C3E
514311001405   514311001522     501 50029 W 24454391   8192    firefox ??/entries/8927CEB5D15126F121180BD2F1A0C98C22755C3E
514311395243   514311395402     501 50029 W 52783805   8192    firefox ??/entries/C87495F98731F7CAC6BF977C990ACC04A69AFB95
514311395401   514311395538     501 50029 W 18953688   4096    firefox ??/entries/C87495F98731F7CAC6BF977C990ACC04A69AFB95
514311397708   514311397834     501 50029 W 52783807   8192    firefox ??/entries/D0D4E29A093B424BEFBE289F246DF9B21A1C5CAC
514311397821   514311397953     501 50029 W 24454393   8192    firefox ??/entries/D0D4E29A093B424BEFBE289F246DF9B21A1C5CAC
514311456703   514311456833     501 50029 W 52783809   4096    firefox ??/z05qnvsv.default/permissions.sqlite-journal
514311456891   514311457199     501 50029 W 52783810  65536    firefox ??/z05qnvsv.default/permissions.sqlite-journal
514311457412   514311457599     501 50029 W 32159106  32768    firefox ??/z05qnvsv.default/permissions.sqlite
514311457494   514311457682     501 50029 W 32159123  32768    firefox ??/z05qnvsv.default/permissions.sqlite
514311457885   514311457974     501 50029 W 52783826   4096    firefox ??/entries/BE7972CDC75A44727A5A58EC0AB300EF10F1C5E3
514311457980   514311458078     501 50029 W 18953689   4096    firefox ??/entries/BE7972CDC75A44727A5A58EC0AB300EF10F1C5E3
514311560301   514311560475     501 50029 W 52783827  12288    firefox ??/entries/5D5FEEAB92E7F818517A99C89B65850167C0612E
514311564815   514311564999     501 50029 W 52783166  16384    firefox ??/entries/2B3EF6280AEAB4D6781C97A69AC2D9D7D8869531
514311564945   514311565081     501 50029 W 52783830   4096    firefox ??/entries/2B3EF6280AEAB4D6781C97A69AC2D9D7D8869531
514311565001   514311565144     501 50029 W 52783505   4096    firefox ??/entries/F7F561120824A525A58A14C81DBD4C6B2FF4B38E
514311565076   514311565199     501 50029 W 18944805   4096    firefox ??/entries/F7F561120824A525A58A14C81DBD4C6B2FF4B38E
514311567017   514311567122     501 50029 W 52783846   4096    firefox ??/entries/4C863284CDA7F859EB300BED16DBCEF9517F1824
514311567084   514311567235     501 50029 W 52783847   4096    firefox ??/entries/C886C15B36E63849FB9E86DCC97456303F590459
514311567240   514311567362     501 50029 W 52270368   4096    firefox ??/entries/2B662789DFDD9C1308FF8ECD48E05F393053163C
514311567315   514311567418     501 50029 W 52783848   4096    firefox ??/entries/0E5A3C697C2192DC48700704E3163898D56657EE
514311567365   514311567459     501 50029 W 52783849   4096    firefox ??/entries/C059C278B3B5A036E92C37E3D74A4E76F88B5870
514311567542   514311567657     501 50029 W 52783850   4096    firefox ??/entries/7AC0B0B9B5EB63E33D7FCEDF21A9A9FE0420DB07
514311567600   514311567718     501 50029 W 52783851   4096    firefox ??/entries/2F211E15A720CBEE3FF3855E2CA96AE51542B70B
514311567650   514311567767     501 50029 W 52783852   4096    firefox ??/entries/A75E394A509EEB5D18DA5C50BE3F2F6266F210E4
514311567751   514311567855     501 50029 W 52783853   4096    firefox ??/entries/B6AE6325AD155BDF2D540B0AB2E50AA9DDC4917B
514311571479   514311571629     501 50029 W 52783849   4096    firefox ??/entries/C059C278B3B5A036E92C37E3D74A4E76F88B5870
514311571613   514311571756     501 50029 W 24454395   8192    firefox ??/entries/C059C278B3B5A036E92C37E3D74A4E76F88B5870
514311573133   514311573230     501 50029 W 52783852   4096    firefox ??/entries/A75E394A509EEB5D18DA5C50BE3F2F6266F210E4
514311573228   514311573396     501 50029 W 52783854  28672    firefox ??/entries/A75E394A509EEB5D18DA5C50BE3F2F6266F210E4
514311575615   514311575715     501 50029 W 52783850   4096    firefox ??/entries/7AC0B0B9B5EB63E33D7FCEDF21A9A9FE0420DB07
514311575735   514311575831     501 50029 W 24454399   8192    firefox ??/entries/7AC0B0B9B5EB63E33D7FCEDF21A9A9FE0420DB07
514311579420   514311579534     501 50029 W 52783851   4096    firefox ??/entries/2F211E15A720CBEE3FF3855E2CA96AE51542B70B
514311579532   514311579650     501 50029 W 24454401   8192    firefox ??/entries/2F211E15A720CBEE3FF3855E2CA96AE51542B70B
514311579639   514311579744     501 50029 W 52783853   4096    firefox ??/entries/B6AE6325AD155BDF2D540B0AB2E50AA9DDC4917B
514311579754   514311579901     501 50029 W 32510594  12288    firefox ??/entries/B6AE6325AD155BDF2D540B0AB2E50AA9DDC4917B
514311590190   514311590345     501 50029 W 52783848   4096    firefox ??/entries/0E5A3C697C2192DC48700704E3163898D56657EE
514311590317   514311590466     501 50029 W 24454403   8192    firefox ??/entries/0E5A3C697C2192DC48700704E3163898D56657EE
514311601694   514311601789     501 50029 W 52783861   4096    firefox ??/https+++www.youtube.com/.metadata-tmp
514311602238   514311602336     501 50029 W 52783862   4096    firefox ??/https+++www.youtube.com/.metadata-v2-tmp
514311603437   514311603555     501 50029 W 52783863   4096    firefox ??/cache/caches.sqlite-journal
514311603916   514311604017     501 50029 W 18953690   4096    firefox ??/cache/caches.sqlite
514311604613   514311604731     501 50029 W 52783864   4096    firefox ??/cache/caches.sqlite-journal
514311604725   514311604845     501 50029 W 18953691   4096    firefox ??/cache/caches.sqlite-journal
514311604959   514311605040     501 50029 W 18953690   4096    firefox ??/cache/caches.sqlite
514311606770   514311606900     501 50029 W 52783865   4096    firefox ??/cache/caches.sqlite-wal
514311607715   514311607836     501 50029 W 52783866   4096    firefox ??/cache/.padding
514311623911   514311624039     501 50029 W 52783867   4096    firefox ??/entries/55400E60B905613118AED46302954BDC8ED066D0
514311624023   514311624158     501 50029 W 24454407   8192    firefox ??/entries/55400E60B905613118AED46302954BDC8ED066D0
514311706292   514311706723     501 50029 W 52783868   4096    firefox ??/entries/D20F943D6E7F46847FC198774FE4DA0C26DE2AF0
514311706444   514311706801     501 50029 W 24454409   8192    firefox ??/entries/D20F943D6E7F46847FC198774FE4DA0C26DE2AF0
514311721660   514311721802     501 50029 W 52783869   4096    firefox ??/126/{9804088c-7734-044a-8a8b-09054b9a8f7e}.tmp
514311721807   514311721943     501 50029 W 24454411   8192    firefox ??/126/{9804088c-7734-044a-8a8b-09054b9a8f7e}.tmp
514311856884   514311857217     501 50029 W 52783870  12288    firefox ??/entries/B939C1B9C8C65486AA50DEC08858C921E82E2DE7
514311969043   514311969351     501 50029 W 52783873  12288    firefox ??/entries/3F68354C571E8C716A2C5450651F171FF2953D72
514312000642   514312001004     501 50029 W 52783876  12288    firefox ??/entries/AF0B2077BECD7BE97B0D0366418BA022B180626D
514312011975   514312012279     501 50029 W 52783879  24576    firefox ??/entries/98AF37B56B40DB644FFA618A50999EAFA25D68AE
514312012332   514312012501     501 50029 W 32510726  12288    firefox ??/entries/98AF37B56B40DB644FFA618A50999EAFA25D68AE
514312013338   514312013637     501 50029 W 52783885   8192    firefox ??/entries/2760F500F4C97FFB33E7D138D05AF5E206645374
514312013719   514312013877     501 50029 W 32510729  12288    firefox ??/entries/2760F500F4C97FFB33E7D138D05AF5E206645374
514312024255   514312024592     501 50029 R 51962096   4096    firefox ??/z05qnvsv.default/webappsstore.sqlite-wal
514312024827   514312025160     501 50029 R 51962104   4096    firefox ??/z05qnvsv.default/webappsstore.sqlite-wal
514312050959   514312051237     501 50029 W 52783887   4096    firefox ??/idb/3211250388sbwdpsunsohintoatciif.sqlite-journal
514312052174   514312052448     501 50029 W 24454415   4096    firefox ??/idb/3211250388sbwdpsunsohintoatciif.sqlite
514312052605   514312052721     501 50029 W 24454416   4096    firefox ??/idb/3211250388sbwdpsunsohintoatciif.sqlite
514312053976   514312054187     501 50029 W 52783888   4096    firefox ??/idb/3211250388sbwdpsunsohintoatciif.sqlite-journal
514312054638   514312054771     501 50029 W 18953695   4096    firefox ??/idb/3211250388sbwdpsunsohintoatciif.sqlite-journal
514312055085   514312055223     501 50029 W 24454415   4096    firefox ??/idb/3211250388sbwdpsunsohintoatciif.sqlite
514312058386   514312058527     501 50029 W 52783889   4096    firefox ??/idb/3211250388sbwdpsunsohintoatciif.sqlite-wal
514312059143   514312059261     501 50029 W 52783889   4096    firefox ??/idb/3211250388sbwdpsunsohintoatciif.sqlite-wal
514312059246   514312059476     501 50029 W 52783890  45056    firefox ??/idb/3211250388sbwdpsunsohintoatciif.sqlite-wal
514312060125   514312060429     501 50029 W 24454415   8192    firefox ??/idb/3211250388sbwdpsunsohintoatciif.sqlite
514312060474   514312060730     501 50029 W 52783901  36864    firefox ??/idb/3211250388sbwdpsunsohintoatciif.sqlite
514312060878   514312061016     501 50029 W 52783910   4096    firefox ??/idb/3211250388sbwdpsunsohintoatciif.sqlite
514312061712   514312061954     501 50029 W 52783889   4096    firefox ??/idb/3211250388sbwdpsunsohintoatciif.sqlite-wal
514312062959   514312063218     501 50029 W 52783889   8192    firefox ??/idb/3211250388sbwdpsunsohintoatciif.sqlite-wal
514312063578   514312063808     501 50029 W 52783901   4096    firefox ??/idb/3211250388sbwdpsunsohintoatciif.sqlite
514312100810   514312100939     501 50029 W 52783911   4096    firefox ??/idb/3211250388sbwdpsunsohintoatciif.sqlite-wal
514312118315   514312118608     501 50029 W 52783912   4096    firefox ??/z05qnvsv.default/serviceworker.txt
514312145891   514312146107     501 50029 W 52783911   4096    firefox ??/idb/3211250388sbwdpsunsohintoatciif.sqlite-wal
514312146151   514312146270     501 50029 W 32510753  12288    firefox ??/idb/3211250388sbwdpsunsohintoatciif.sqlite-wal
514312151205   514312151364     501 50029 W 32510755   4096    firefox ??/idb/3211250388sbwdpsunsohintoatciif.sqlite-wal
514312151378   514312151557     501 50029 W 18953714   4096    firefox ??/idb/3211250388sbwdpsunsohintoatciif.sqlite-wal
514312268587   514312270135     501 50029 W 52783913   4096    firefox ??/entries/FDDDC46E78F0A98825025CE5C72EBC22956E278E
514312268917   514312270285     501 50029 W 24454421   8192    firefox ??/entries/FDDDC46E78F0A98825025CE5C72EBC22956E278E
514312391515   514312391780     501 50029 W 52783808   4096    firefox ??/entries/D0D4E29A093B424BEFBE289F246DF9B21A1C5CAC
514312391635   514312391883     501 50029 W 24454393   8192    firefox ??/entries/D0D4E29A093B424BEFBE289F246DF9B21A1C5CAC
514312391698   514312391942     501 50029 W 52783914   4096    firefox ??/entries/F8D1444FEEFD34D51E7DF0F0956D544B2FC5D814
514312391887   514312391990     501 50029 W 24454427   8192    firefox ??/entries/F8D1444FEEFD34D51E7DF0F0956D544B2FC5D814
514312633902   514312634412     501 50029 W 52783915  12288    firefox ??/entries/C55550B07C70F5C06C3E11B1E9D4F3A73AFECA77
514313942522   514313942647     501 50029 W 52783925   4096    firefox ??/entries/CCB37189180C9B82E0979BD16562CE2E0F6748C4
514313942646   514313942771     501 50029 W 24454429   8192    firefox ??/entries/CCB37189180C9B82E0979BD16562CE2E0F6748C4
514313946236   514313946354     501 50029 W 52783926   4096    firefox ??/entries/DB81391F24F9F8EDD3011120D68FFB1C7E786E8F
514313946368   514313946478     501 50029 W 24454433   8192    firefox ??/entries/DB81391F24F9F8EDD3011120D68FFB1C7E786E8F
514313976882   514313977044     501 50029 W 52783927  12288    firefox ??/entries/AFD77130A0CCF639E5B22E2F0CF7B7A3E72F1627
514314067959   514314068861     501 50029 W 52783930 237568    firefox ??/entries/A9237184201AFAE4BBC1A1AEFF1FA17AD4736EBE
514314404573   514314404705     501 50029 W 18953714   4096    firefox ??/idb/3211250388sbwdpsunsohintoatciif.sqlite-wal
514314404706   514314404921     501 50029 W 52783988  28672    firefox ??/idb/3211250388sbwdpsunsohintoatciif.sqlite-wal
514314405216   514314405325     501 50029 W 52783901   8192    firefox ??/idb/3211250388sbwdpsunsohintoatciif.sqlite
514314405276   514314405388     501 50029 W 52783904   4096    firefox ??/idb/3211250388sbwdpsunsohintoatciif.sqlite
514315317337   514315317524     501 50029 W 52783995  32768    firefox ??/sessionstore-backups/recovery.jsonlz4.tmp
514316197369   514316199220     501 50029 R 41379277  32768    firefox ??/dyld/dyld_shared_cache_x86_64
514316402506   514316403467     501 50029 W 52784003 200704    firefox ??/entries/0282EB46EC3973F8E97A3CD6B6681833902BBEEC
514316588035   514316589673     501 50029 R 52783166   4096    firefox ??/entries/2B3EF6280AEAB4D6781C97A69AC2D9D7D8869531
514316590067   514316590297     501 50029 W 52783166  16384    firefox ??/entries/2B3EF6280AEAB4D6781C97A69AC2D9D7D8869531
514316590180   514316590355     501 50029 W 52783830   4096    firefox ??/entries/2B3EF6280AEAB4D6781C97A69AC2D9D7D8869531
514316590401   514316590493     501 50029 W 52783846   4096    firefox ??/entries/4C863284CDA7F859EB300BED16DBCEF9517F1824
514316790065   514316790260     501 50029 W 52784065   4096    firefox ??/entries/7AD6B77C933AB4D4B9E4487BBF6BEFF772894102
514316790324   514316790447     501 50029 W 24454437   8192    firefox ??/entries/7AD6B77C933AB4D4B9E4487BBF6BEFF772894102
514317211967   514317213632     501 50029 W 52784066  12288    firefox ??/entries/BC22CAF7E495F3FD7A7A31C5D2F74C4D0CD60713
514317306893   514317307132     501 50029 W 52784069  12288    firefox ??/entries/86BBD46C72AF0911FE8AF7B6028EFB80977D320A
514317309779   514317309882     501 50029 W 52784072   4096    firefox ??/entries/C93A65ABF8B95BC06355B9234F37BC968F20AAB0
514317309874   514317310000     501 50029 W 24454443   8192    firefox ??/entries/C93A65ABF8B95BC06355B9234F37BC968F20AAB0
514317338665   514317338909     501 50029 W 52784073  12288    firefox ??/entries/EDCAB5B6CCBF06B75466976174554387C73A3BF3
514317339706   514317339903     501 50029 W 52784076  12288    firefox ??/entries/A935CEE4AF088091461EFE90DE5F5DE7B3C5848E
514317345185   514317345623     501 50029 W 52784079  73728    firefox ??/entries/3F2765F1A6D289C5E5EC0FFCA75E78C5841B5E48
514317345433   514317345745     501 50029 W 32510759  12288    firefox ??/entries/3F2765F1A6D289C5E5EC0FFCA75E78C5841B5E48
514317378884   514317379145     501 50029 W 52784097  12288    firefox ??/entries/6C6295AECCB5609319F522ED0CA36C29E6F93019
514317379058   514317379315     501 50029 W 52784100  12288    firefox ??/entries/903467505F10F192F960226D5964D7B483F27D76
514317434188   514317434491     501 50029 R 51962104   4096    firefox ??/z05qnvsv.default/webappsstore.sqlite-wal
514317496527   514317497997     501 50029 W 52784103 552960    firefox ??/entries/293A5AFEE403D80A6E10EDEAAFDA618D08C73CB6
514317509245   514317509627     501 50029 R 24454348   4096    firefox ??/entries/32396D52486D0A818028C634C0515506ADD7341C
514317509842   514317510160     501 50029 R 52783495   4096    firefox ??/entries/32396D52486D0A818028C634C0515506ADD7341C
514317509943   514317510207     501 50029 R 24454347   4096    firefox ??/entries/32396D52486D0A818028C634C0515506ADD7341C
514317511160   514317511757     501 50029 R 52783481  57344    firefox ??/entries/32396D52486D0A818028C634C0515506ADD7341C
514317512387   514317512706     501 50029 R 32510509   4096    firefox ??/entries/DFB2F3316604831FDCF85B3610388A714602BA95
514317512916   514317513215     501 50029 R 52783474   4096    firefox ??/entries/DFB2F3316604831FDCF85B3610388A714602BA95
514317512998   514317513247     501 50029 R 32510507   8192    firefox ??/entries/DFB2F3316604831FDCF85B3610388A714602BA95
514317513908   514317514229     501 50029 R 52783473   4096    firefox ??/entries/DFB2F3316604831FDCF85B3610388A714602BA95
514317514796   514317514983     501 50029 W 52783495   4096    firefox ??/entries/32396D52486D0A818028C634C0515506ADD7341C
514317514947   514317515130     501 50029 W 24454347   8192    firefox ??/entries/32396D52486D0A818028C634C0515506ADD7341C
514317515370   514317515488     501 50029 W 52783474   4096    firefox ??/entries/DFB2F3316604831FDCF85B3610388A714602BA95
514317515428   514317515567     501 50029 W 32510507  12288    firefox ??/entries/DFB2F3316604831FDCF85B3610388A714602BA95
514317606484   514317607077     501 50029 W 52784238 163840    firefox ??/entries/8892806F76367D803A97032CBF352132EE9345BC
514317613716   514317614083     501 50029 W 52784278   4096    firefox ??/entries/79F03A22C8F9A1E7050D3CA13DB61637579129AF
514317614044   514317614287     501 50029 W 24454445   8192    firefox ??/entries/79F03A22C8F9A1E7050D3CA13DB61637579129AF
514317614338   514317614474     501 50029 W 52784279  12288    firefox ??/entries/F82D799F18B6FDC0E092D82FA1211AE26488C903
514317711084   514317711364     501 50029 W 52784282  12288    firefox ??/entries/065F22606EB2F8C4F10C8F11E6EC1854FCBC65DE
514317712416   514317712664     501 50029 W 52784285  12288    firefox ??/entries/F66AB616BE4EB152B5829C80D37A84992CC2773F
514317713893   514317714137     501 50029 W 52784288   4096    firefox ??/entries/D7012025EC0BE8954584457CB5590D38809D2705
514317714175   514317714363     501 50029 W 18953715   4096    firefox ??/entries/D7012025EC0BE8954584457CB5590D38809D2705
514319221843   514319223289     501 50029 W 52784318  12288    firefox ??/entries/3EA9A9040C0E1C5A4307D0D961297D0ED92026A6
514321751063   514321753140     501 50029 W 52783166  16384    firefox ??/entries/2B3EF6280AEAB4D6781C97A69AC2D9D7D8869531
514321751202   514321753262     501 50029 W 52783830   8192    firefox ??/entries/2B3EF6280AEAB4D6781C97A69AC2D9D7D8869531
514321754361   514321754606     501 50029 W 52783846   4096    firefox ??/entries/4C863284CDA7F859EB300BED16DBCEF9517F1824
514321754544   514321754807     501 50029 W 52784321  12288    firefox ??/entries/EEA406A3EDB6FA560F46193D3D75E47F81C0A6E4
514321754783   514321754980     501 50029 W 52784324  12288    firefox ??/entries/08173B858C70082E4D1D793627A8BC4183EEB870
514322751265   514322751410     501 50029 W 51962104   4096    firefox ??/z05qnvsv.default/webappsstore.sqlite-wal
514322751349   514322751828     501 50029 W 51964919 131072    firefox ??/z05qnvsv.default/webappsstore.sqlite-wal
514322752248   514322752557     501 50029 W 32641587  65536    firefox ??/z05qnvsv.default/webappsstore.sqlite
514323161388   514323164720     501 50029 W 52784327 946176    firefox ??/entries/1B9F4A136E09386C8B7357E9BA9DC4AAF6553545
514323260845   514323261364     501 50029 W 52784558 167936    firefox ??/entries/4A680F2BD7BCC209DC87D7A1D632EDFB109997C4
514327214587   514327217480     501 50029 R 52783050 262144    firefox ??/entries/2B3EF6280AEAB4D6781C97A69AC2D9D7D8869531
514327218144   514327218783     501 50029 R 52783114 212992    firefox ??/entries/2B3EF6280AEAB4D6781C97A69AC2D9D7D8869531
514327219843   514327220008     501 50029 W 52783166  16384    firefox ??/entries/2B3EF6280AEAB4D6781C97A69AC2D9D7D8869531
514327219925   514327220085     501 50029 W 52783830   8192    firefox ??/entries/2B3EF6280AEAB4D6781C97A69AC2D9D7D8869531
514327219992   514327220163     501 50029 W 52784599  12288    firefox ??/entries/7C2D70124E0199C3B9ED4AE336DAF041AC23282A
514327530899   514327533112     501 50029 W 52784602 307200    firefox ??/entries/4B17791051014684DBD43BC1D529297BACFDAA7F
514329175667   514329177136     501 50029 W 52783166  16384    firefox ??/entries/2B3EF6280AEAB4D6781C97A69AC2D9D7D8869531
514329175751   514329177210     501 50029 W 52783830   8192    firefox ??/entries/2B3EF6280AEAB4D6781C97A69AC2D9D7D8869531
514329212077   514329212205     501 50029 W 52784677  12288    firefox ??/entries/C361BB3AF3B1E8352FD863491D8C0A106A5EE45E
514330219420   514330221067     501 50029 R 25965893   4096    firefox ??/z05qnvsv.default/webappsstore.sqlite-wal
514330221200   514330221378     501 50029 W 25965893   4096    firefox ??/z05qnvsv.default/webappsstore.sqlite-wal
514330327251   514330327485     501 50029 W 52784680  32768    firefox ??/sessionstore-backups/recovery.jsonlz4.tmp
514333514425   514333518181     501 50029 W 52785037 1048576    firefox ??/entries/2E975D91A89478EFAD1CDA4DD695D9CFC5D49844
514333514593   514333519529     501 50029 W 52785293 667648    firefox ??/entries/2E975D91A89478EFAD1CDA4DD695D9CFC5D49844
514334180005   514334181568     501 50029 W 52783846   4096    firefox ??/entries/4C863284CDA7F859EB300BED16DBCEF9517F1824
514334180131   514334181657     501 50029 W 52783166  16384    firefox ??/entries/2B3EF6280AEAB4D6781C97A69AC2D9D7D8869531
514334180182   514334181713     501 50029 W 52783830   8192    firefox ??/entries/2B3EF6280AEAB4D6781C97A69AC2D9D7D8869531
514337773137   514337775963     501 50029 W 52785456 442368    firefox ??/entries/314787D242CD8E49D2DFFDC5E4559C932297BCA3
514339176627   514339178251     501 50029 W 52783166  16384    firefox ??/entries/2B3EF6280AEAB4D6781C97A69AC2D9D7D8869531
514339176757   514339178340     501 50029 W 52783830   8192    firefox ??/entries/2B3EF6280AEAB4D6781C97A69AC2D9D7D8869531
514339212960   514339213135     501 50029 W 52785564  12288    firefox ??/entries/A887AC4167A9D4DD540C6D98A8BEBAB94A485C21
514344181071   514344183129     501 50029 W 52783846   4096    firefox ??/entries/4C863284CDA7F859EB300BED16DBCEF9517F1824
514344181235   514344183222     501 50029 W 52783166  16384    firefox ??/entries/2B3EF6280AEAB4D6781C97A69AC2D9D7D8869531
514344181293   514344183275     501 50029 W 52783830   8192    firefox ??/entries/2B3EF6280AEAB4D6781C97A69AC2D9D7D8869531
514349927831   514349929959     501 50029 R 25969901   4096    firefox ??/z05qnvsv.default/webappsstore.sqlite-wal
514349930176   514349930764     501 50029 R 25969909   4096    firefox ??/z05qnvsv.default/webappsstore.sqlite-wal
514350344419   514350348048     501 50029 W 52788122 1048576    firefox ??/entries/83945CD8AD535EBD8B36BB9E5490DB4C8C774B29
514350344549   514350349905     501 50029 W 52788378 917504    firefox ??/entries/83945CD8AD535EBD8B36BB9E5490DB4C8C774B29
514352576540   514352579378     501 50029 W 52788602 450560    firefox ??/entries/1DC6F16D42FC14F9755BB3F182AD4065AA735FDC
514354938935   514354941081     501 50029 R 25980635   4096    firefox ??/z05qnvsv.default/webappsstore.sqlite-wal
514354941516   514354941846     501 50029 R 25980643   4096    firefox ??/z05qnvsv.default/webappsstore.sqlite-wal
514357218645   514357220200     501 50029 W 52783166  16384    firefox ??/entries/2B3EF6280AEAB4D6781C97A69AC2D9D7D8869531
514357218758   514357220282     501 50029 W 52783830   8192    firefox ??/entries/2B3EF6280AEAB4D6781C97A69AC2D9D7D8869531
514357218830   514357220340     501 50029 W 52788712  12288    firefox ??/entries/7922F9E2EE96B08AC1AF1E3EAA5332A489465531
514359942170   514359942578     501 50029 R 25980651   4096    firefox ??/z05qnvsv.default/webappsstore.sqlite-wal
514359942886   514359943219     501 50029 R 25980659   4096    firefox ??/z05qnvsv.default/webappsstore.sqlite-wal
514367554335   514367556740     501 50029 W 52788715 442368    firefox ??/entries/CD75A91EC0326717182B4BD780D63242A12F7F03
514368411478   514368413735     501 50029 W 53064215 1048576    firefox ??/entries/AF8F7CD601847E760608A8FD7FF53B7A102DDC90
514368411629   514368415525     501 50029 W 53064471 901120    firefox ??/entries/AF8F7CD601847E760608A8FD7FF53B7A102DDC90
514372521217   514372522638     501 50029 W 18953690   4096    firefox ??/cache/caches.sqlite
514372521360   514372522761     501 50029 W 53064739  61440    firefox ??/cache/caches.sqlite
514373348847   514373350468     501 50029 R 51962096   4096    firefox ??/z05qnvsv.default/webappsstore.sqlite-wal
514378556143   514378558107     501 50029 W 52783166  16384    firefox ??/entries/2B3EF6280AEAB4D6781C97A69AC2D9D7D8869531
514378556260   514378558184     501 50029 W 52783830   8192    firefox ??/entries/2B3EF6280AEAB4D6781C97A69AC2D9D7D8869531
514378556346   514378558221     501 50029 W 53064757  12288    firefox ??/entries/107EEC5F37D84376886566D5CF2756C1E3ABDC91
514378594980   514378595131     501 50029 W 53064760  12288    firefox ??/entries/FB335E013D80E4E6A2D5B59743F975F1C5373375
514378613408   514378613537     501 50029 W 52783862   4096    firefox ??/https+++www.youtube.com/.metadata-v2


