STIME          TIME             UID   PID D    BLOCK   SIZE       COMM PATHNAME
451852255192   451852255596     501 24798 R 17408404   8192     Safari ??/CombinedFavoritesGridViewController.nib/CombinedFavoritesGridViewController.nib/..namedfork/rsrc
451852269614   451852269962     501 24798 R 19810523  24576     Safari ??/Images/99CD2175108D157588C04758296D1CFC.png
451852309662   451852310092     501 24798 R 31187435  20480     Safari ??/Images/75E0976AAB76EE8B1E6DC192B8BD066E.png
451852311120   451852311451     501 24798 R  7964472   8192     Safari ??/Images/5E715D15EEA6598F01EB7B2555336606.png
451852312223   451852312494     501 24798 R 26181298   4096     Safari ??/Images/6498BB85855FD9F497A28B8654A72D04.png
451852313406   451852313677     501 24798 R 34439442   8192     Safari ??/Images/114A6C55D97ECF773753311EEF3E3A2D.png
451852314355   451852314573     501 24798 R 31818293   4096     Safari ??/Images/FE15178248B3B214801C7143EB468167.png
451852315406   451852315668     501 24798 R 47300703   4096     Safari ??/Images/96C849B03AEFAF7EF9D30158754F0019.png
451852316333   451852316546     501 24798 R 26181223   4096     Safari ??/Images/57128A651A4AEBAF10852E7043A2522F.png
451852317055   451852317323     501 24798 R 32521512  12288     Safari ??/Images/07871D5393AB4F34FCA5EAA21BDC71AA.png
451852318018   451852318391     501 24798 R 53549815  20480     Safari ??/Images/012EE55FD4B63B051507A1958F2410E5.png
451852319033   451852319277     501 24798 R 55362238   4096     Safari ??/Images/AEF7809697DD382E694B424D2560B04D.png
451852319834   451852320081     501 24798 R 26614953   8192     Safari ??/Images/6250F54A77AA563C4C8F56CBA4C792D7.png
451852320844   451852321120     501 24798 R 46746180   8192     Safari ??/Images/0A137B375CC3881A70E186CE2172C8D1.png
451852321950   451852322183     501 24798 R 22393992   4096     Safari ??/Images/714D3D9A432F112988EBB3B885751FBD.png
451852322744   451852322943     501 24798 R 40129888   4096     Safari ??/Images/0D4B5B80C281851A926849DFF33D961B.png
451852323579   451852323771     501 24798 R 29226882   4096     Safari ??/Images/3992018492EEFBAC137AF7F61CF617A3.png
451852404200   451852404696     501 24798 R 59120585   8192     Safari ??/Contents/Info.plist
451852987688   451852987934     501 24798 R 25231582   4096     Safari ??/Favicon_Cache/favicons.db
451853005687   451853005902     501 24798 R 49229585   4096     Safari ??/GeoServices/Experiments.pbd
451853007694   451853007961     501 24798 R 57070900   4096     Safari ??/GeoServices/networkDefaults.plist
451853027780   451853028022     501 24798 R 43211142   4096     Safari ??/Favicon_Cache/favicons.db
451853068250   451853068520     501 24798 R 39706062   4096     Safari ??/Favicon_Cache/favicons.db
451853274838   451853275409     501 24798 R 39706051   4096     Safari ??/Favicon_Cache/favicons.db
451853319732   451853320021     501 24798 R 25251214   4096     Safari ??/Favicon_Cache/favicons.db
451853320115   451853320346     501 24798 R 59258203   4096     Safari ??/Favicon_Cache/favicons.db
451853320907   451853321160     501 24798 R 34429690   8192     Safari ??/favicons/4105606AC293900FD92E7C917A0C6C3A
451853728853   451853729060     501 24798 R 51440529   4096     Safari ??/tokruleLE.data/tokruleLE.data/..namedfork/rsrc
451854312521   451854312797     501 24798 R 33290149   4096     Safari ??/Touch_Icons_Cache/TouchIconCacheSettings.db-wal
451854805423   451854805721     501 24798 R 40653937   8192     Safari ??/Intel_HD_Graphics_4000/functions.data
451854805486   451854805750     501 24798 R 40659318   8192     Safari ??/Intel_HD_Graphics_4000/functions.data
451854805856   451854806130     501 24798 R 40653935   8192     Safari ??/Intel_HD_Graphics_4000/functions.data
451854806343   451854806639     501 24798 R 40659320   8192     Safari ??/Intel_HD_Graphics_4000/functions.data
451854809174   451854809426     501 24798 R 32521321   4096     Safari ??/Safari/CloudAutoFillCorrections.db
451854849968   451854850297     501 24798 R 18595908   4096     Safari ??/Safari/CloudAutoFillCorrections.db
451854890433   451854890756     501 24798 R 39706049   4096     Safari ??/Favicon_Cache/favicons.db
451854890433   451854890770     501 24798 R 18599551   4096     Safari ??/Safari/CloudAutoFillCorrections.db
451854890861   451854891139     501 24798 R 51102324   4096     Safari ??/Favicon_Cache/favicons.db
451856400265   451856400404     501 24798 W 33302204   4096     Safari ??/Images/C0169FC5888AEE1B5AA704694CAD7F3F.png.sb-3c78ba9e-78Dkwj
451856921746   451856922146     501 24798 R  3908277   4096     Safari ??/Contents/Info.plist
451856922437   451856922781     501 24798 R  5826232   4096     Safari ??/MacOS/npalicdo
451856922901   451856923265     501 24798 R  5826233   4096     Safari ??/MacOS/npalicdo
451856923614   451856923888     501 24798 R  5827954   4096     Safari ??/en.lproj/InfoPlist.strings
451856924282   451856924608     501 24798 R 17248431   4096     Safari ??/Contents/Info.plist
451856924896   451856925288     501 24798 R 17248432   4096     Safari ??/MacOS/ZoomUsPlugIn
451856925455   451856925777     501 24798 R 17248449   4096     Safari ??/MacOS/ZoomUsPlugIn
451856926376   451856926639     501 24798 R  1264663   4096     Safari ??/Contents/Info.plist
451856926915   451856927152     501 24798 R  1264686   4096     Safari ??/MacOS/aliedit
451856927247   451856927502     501 24798 R  1264687   4096     Safari ??/MacOS/aliedit
451856927839   451856928071     501 24798 R  1264713   4096     Safari ??/en.lproj/InfoPlist.strings
451856928385   451856928607     501 24798 R  3100534   4096     Safari ??/Contents/Info.plist
451856928839   451856929145     501 24798 R  3100535   4096     Safari ??/MacOS/UPEditorSafari
451856929233   451856929454     501 24798 R  3100585   4096     Safari ??/MacOS/UPEditorSafari
451856929819   451856930044     501 24798 R 21468633   4096     Safari ??/Contents/Info.plist
451856930305   451856930531     501 24798 R 21468634   4096     Safari ??/MacOS/googletalkbrowserplugin
451856930620   451856930918     501 24798 R 21468635   4096     Safari ??/MacOS/googletalkbrowserplugin
451856931372   451856931597     501 24798 R 15370076   4096     Safari ??/Contents/Info.plist
451856931848   451856932114     501 24798 R 15369403   4096     Safari ??/MacOS/AdobeAAMDetect
451856932210   451856932468     501 24798 R 15369404   4096     Safari ??/MacOS/AdobeAAMDetect
451856932807   451856933032     501 24798 R 15370075   4096     Safari ??/English.lproj/InfoPlist.strings
451856933570   451856933795     501 24798 R 29398728   4096     Safari ??/Contents/Info.plist
451856934172   451856934405     501 24798 R 21468792   4096     Safari ??/Contents/Info.plist
451856934652   451856934961     501 24798 R 21468793   4096     Safari ??/MacOS/o1dbrowserplugin
451856935057   451856935174     501 24798 R 21468794   4096     Safari ??/MacOS/o1dbrowserplugin
451856935639   451856935913     501 24798 R  3964695   4096     Safari ??/Contents/Info.plist
451856936175   451856936410     501 24798 R  3972254   4096     Safari ??/MacOS/SharePointBrowserPlugin
451856936507   451856936806     501 24798 R  3972255   4096     Safari ??/MacOS/SharePointBrowserPlugin
451856937317   451856937543     501 24798 R 29398803   4096     Safari ??/Contents/Info.plist
451856937812   451856938036     501 24798 R 29398804   4096     Safari ??/MacOS/AdobePDFViewerNPAPI
451856938669   451856938897     501 24798 R 59086728   4096     Safari ??/Contents/Info.plist
451856939146   451856939416     501 24798 R 36984459   4096     Safari ??/MacOS/MeetingJoinPlugin
451856939502   451856939765     501 24798 R 36984460   4096     Safari ??/MacOS/MeetingJoinPlugin
451856940260   451856940531     501 24798 R 15005175   4096     Safari ??/Contents/Info.plist
451856940790   451856941016     501 24798 R 15005217   4096     Safari ??/MacOS/CS_ChemDraw_Pro
451856941771   451856941998     501 24798 R  3972405   4096     Safari ??/Contents/Info.plist
451856942362   451856942642     501 24798 R 45901642   8192     Safari ??/Contents/Enabled.plist
451856942936   451856943205     501 24798 R 46337715   4096     Safari ??/lib/libnpjp2.dylib
451857149269   451857149631     501 24798 R 59118419   4096     Safari ??/AddressBookAutoFillCellView.nib/AddressBookAutoFillCellView.nib/..namedfork/rsrc
451857150051   451857150312     501 24798 R 59118435   4096     Safari ??/CreditCardAutoFillCellView.nib/CreditCardAutoFillCellView.nib/..namedfork/rsrc
451857150694   451857150962     501 24798 R 59118433   4096     Safari ??/CredentialListCommandAutoFillCellView.nib/CredentialListCommandAutoFillCellView.nib/..namedfork/rsrc
451857151629   451857151872     501 24798 R 59118441   4096     Safari ??/PasswordGenerationAssistanceAutoFillCellView.nib/PasswordGenerationAssistanceAutoFillCellView.nib/..namedfork/rsrc
451857152210   451857152533     501 24798 R 59118431   4096     Safari ??/CaptionAutoFillCellView.nib/CaptionAutoFillCellView.nib/..namedfork/rsrc
451857153427   451857153686     501 24798 R 59118439   4096     Safari ??/OneTimeCodeAutoFillCellView.nib/OneTimeCodeAutoFillCellView.nib/..namedfork/rsrc
451857400967   451857401226     501 24798 R 21119805   4096     Safari ??/dyld/dyld_shared_cache_x86_64
451858332201   451858332603     501 24798 W 33302541   4096     Safari ??/Images/CDACD3BD8A43FD41221D988AF35F362A.png
451858381218   451858381347     501 24798 W 25258027   8192     Safari ??/Images/F156D5B5031A7759F68DE035E3285B92.png
451862174011   451862175752     501 24798 R 33302556   4096     Safari ??/Touch_Icons_Cache/TouchIconCacheSettings.db-wal
451862177440   451862177599     501 24798 W 33302907   4096     Safari ??/Images/AB3201C6103205C14F6E56B11B2FCD46.png
451862400425   451862400648     501 24798 W 33302908   4096     Safari ??/(A_Document_Being_Saved_By_Safari)/TopSites.plist
451863299977   451863301413     501 24798 W 18958090   4096     Safari ??/LocalStorage/https_www.google.com_0.localstorage-wal
451863322943   451863323477     501 24798 R 33290191  12288     Safari ??/LocalStorage/https_www.google.com_0.localstorage-shm
451863323675   451863324183     501 24798 R 33290194  16384     Safari ??/LocalStorage/https_www.google.com_0.localstorage-shm
451865047581   451865047741     501 24798 W 33302909   8192     Safari ??/(A_Document_Being_Saved_By_Safari)/CacheSettings.plist
451866580433   451866582008     501 24798 W 33302911   4096     Safari ??/(A_Document_Being_Saved_By_Safari)/SearchDescriptions.plist
451873204956   451873205205     501 24798 R 59118419   4096     Safari ??/AddressBookAutoFillCellView.nib/AddressBookAutoFillCellView.nib/..namedfork/rsrc
451873205542   451873205752     501 24798 R 59118435   4096     Safari ??/CreditCardAutoFillCellView.nib/CreditCardAutoFillCellView.nib/..namedfork/rsrc
451873206039   451873206283     501 24798 R 59118433   4096     Safari ??/CredentialListCommandAutoFillCellView.nib/CredentialListCommandAutoFillCellView.nib/..namedfork/rsrc
451873206613   451873206874     501 24798 R 59118441   4096     Safari ??/PasswordGenerationAssistanceAutoFillCellView.nib/PasswordGenerationAssistanceAutoFillCellView.nib/..namedfork/rsrc
451873207178   451873207419     501 24798 R 59118431   4096     Safari ??/CaptionAutoFillCellView.nib/CaptionAutoFillCellView.nib/..namedfork/rsrc
451873208025   451873208248     501 24798 R 59118439   4096     Safari ??/OneTimeCodeAutoFillCellView.nib/OneTimeCodeAutoFillCellView.nib/..namedfork/rsrc
451881879107   451881880663     501 24798 R 59118419   4096     Safari ??/AddressBookAutoFillCellView.nib/AddressBookAutoFillCellView.nib/..namedfork/rsrc
451881881090   451881881295     501 24798 R 59118435   4096     Safari ??/CreditCardAutoFillCellView.nib/CreditCardAutoFillCellView.nib/..namedfork/rsrc
451881881608   451881881899     501 24798 R 59118433   4096     Safari ??/CredentialListCommandAutoFillCellView.nib/CredentialListCommandAutoFillCellView.nib/..namedfork/rsrc
451881882255   451881882520     501 24798 R 59118441   4096     Safari ??/PasswordGenerationAssistanceAutoFillCellView.nib/PasswordGenerationAssistanceAutoFillCellView.nib/..namedfork/rsrc
451881882842   451881883168     501 24798 R 59118431   4096     Safari ??/CaptionAutoFillCellView.nib/CaptionAutoFillCellView.nib/..namedfork/rsrc
451881883801   451881884033     501 24798 R 59118439   4096     Safari ??/OneTimeCodeAutoFillCellView.nib/OneTimeCodeAutoFillCellView.nib/..namedfork/rsrc
451882250176   451882251715     501 24798 R 33289176   4096     Safari ??/com.apple.Safari.savedState/data.data
451890714688   451890716396     501 24798 R 59118419   4096     Safari ??/AddressBookAutoFillCellView.nib/AddressBookAutoFillCellView.nib/..namedfork/rsrc
451890716943   451890717377     501 24798 R 59118435   4096     Safari ??/CreditCardAutoFillCellView.nib/CreditCardAutoFillCellView.nib/..namedfork/rsrc
451890717899   451890718379     501 24798 R 59118433   4096     Safari ??/CredentialListCommandAutoFillCellView.nib/CredentialListCommandAutoFillCellView.nib/..namedfork/rsrc
451890718913   451890719256     501 24798 R 59118441   4096     Safari ??/PasswordGenerationAssistanceAutoFillCellView.nib/PasswordGenerationAssistanceAutoFillCellView.nib/..namedfork/rsrc
451890719640   451890719932     501 24798 R 59118431   4096     Safari ??/CaptionAutoFillCellView.nib/CaptionAutoFillCellView.nib/..namedfork/rsrc
451890720500   451890720707     501 24798 R 59118439   4096     Safari ??/OneTimeCodeAutoFillCellView.nib/OneTimeCodeAutoFillCellView.nib/..namedfork/rsrc
451899467267   451899467627     501 24798 R 18958090   4096     Safari ??/LocalStorage/https_www.google.com_0.localstorage-wal
451899467306   451899467747     501 24798 R 25258029   4096     Safari ??/LocalStorage/https_www.google.com_0.localstorage-wal
451899468088   451899468399     501 24798 R 25258030   4096     Safari ??/LocalStorage/https_www.google.com_0.localstorage-wal
451899468633   451899468728     501 24798 W 59263035   4096     Safari ??/LocalStorage/https_www.google.com_0.localstorage
451899468697   451899468855     501 24798 W 59263036   4096     Safari ??/LocalStorage/https_www.google.com_0.localstorage
451899481602   451899481723     501 24798 W 33290190   4096     Safari ??/LocalStorage/https_www.google.com_0.localstorage-shm
451902525762   451902527321     501 24798 R 33289177   4096     Safari ??/com.apple.Safari.savedState/windows.plist
451902527538   451902527635     501 24798 W 33289177   4096     Safari ??/com.apple.Safari.savedState/windows.plist


