STIME          TIME             UID   PID D    BLOCK   SIZE       COMM PATHNAME
452841535152   452841535396     501 24798 R 25245485   4096     Safari ??/Favicon_Cache/favicons.db
452841535487   452841535688     501 24798 R 25251215   4096     Safari ??/Favicon_Cache/favicons.db
452841535757   452841535999     501 24798 R 39333016   4096     Safari ??/Favicon_Cache/favicons.db
452841536226   452841536453     501 24798 R 39704748   4096     Safari ??/Favicon_Cache/favicons.db
452841536790   452841537004     501 24798 R 30457636   4096     Safari ??/Favicon_Cache/favicons.db
452841540609   452841540915     501 24798 R 58839086   8192     Safari ??/favicons/0DE696709804AC3188606DD8DEEFADC4
452841840272   452841840795     501 24798 R 51497826   8192     Safari ??/com.apple.datadetectorscore.cache.urlifier.system/com.apple.datadetectorscore.cache.urlifier.system/..namedfork/rsrc
452841844165   452841844549     501 24798 R 23522208   8192     Safari ??/dyld/dyld_shared_cache_x86_64
452842112172   452842112454     501 24798 R 55544503   4096     Safari ??/Safari/PerSitePreferences.db
452842112780   452842112973     501 24798 R 55544500   4096     Safari ??/Safari/PerSitePreferences.db
452842113694   452842113903     501 24798 R 33429408   4096     Safari ??/Google/malware,osx,url_expression
452842113994   452842114313     501 24798 R 33431795  16384     Safari ??/Google/social_engineering,osx,url_expression
452842114425   452842114740     501 24798 R 33431790  16384     Safari ??/Google/social_engineering,osx,url_expression
452842114811   452842115086     501 24798 R 33431788   8192     Safari ??/Google/social_engineering,osx,url_expression
452842115161   452842115486     501 24798 R 33430273  16384     Safari ??/Google/social_engineering,osx,url_expression
452842115550   452842115847     501 24798 R 33430189  16384     Safari ??/Google/social_engineering,osx,url_expression
452842115909   452842116171     501 24798 R 33430147  16384     Safari ??/Google/social_engineering,osx,url_expression
452842116302   452842116816     501 24798 R 33430168  16384     Safari ??/Google/social_engineering,osx,url_expression
452842116918   452842117235     501 24798 R 33430178  16384     Safari ??/Google/social_engineering,osx,url_expression
452842117298   452842117584     501 24798 R 33430173  16384     Safari ??/Google/social_engineering,osx,url_expression
452842117693   452842117797     501 24798 R 33430172   4096     Safari ??/Google/social_engineering,osx,url_expression
452842117861   452842118191     501 24798 R 33430357  16384     Safari ??/Google/social_engineering,osx,url_expression
452842118250   452842118546     501 24798 R 33430315  16384     Safari ??/Google/social_engineering,osx,url_expression
452842118604   452842118908     501 24798 R 33430336  16384     Safari ??/Google/social_engineering,osx,url_expression
452842118968   452842119266     501 24798 R 33430346  16384     Safari ??/Google/social_engineering,osx,url_expression
452842119325   452842119617     501 24798 R 33430341  16384     Safari ??/Google/social_engineering,osx,url_expression
452842119693   452842119754     501 24798 R 33430340   4096     Safari ??/Google/social_engineering,osx,url_expression
452842119833   452842120137     501 24798 R 33431197  16384     Safari ??/Google/social_engineering,osx,url_expression
452842120199   452842120466     501 24798 R 33431155  16384     Safari ??/Google/social_engineering,osx,url_expression
452842120523   452842120801     501 24798 R 33431134  16384     Safari ??/Google/social_engineering,osx,url_expression
452842120859   452842121130     501 24798 R 33431123  16384     Safari ??/Google/social_engineering,osx,url_expression
452842121222   452842121502     501 24798 R 33431118  16384     Safari ??/Google/social_engineering,osx,url_expression
452842121558   452842121640     501 24798 R 33431122   4096     Safari ??/Google/social_engineering,osx,url_expression
452842121942   452842122246     501 24798 R 33432209  16384     Safari ??/Google/unwanted_software,osx,url_expression
452842122303   452842122536     501 24798 R 33432213   4096     Safari ??/Google/unwanted_software,osx,url_expression
452842122592   452842122907     501 24798 R 33432154  16384     Safari ??/Google/unwanted_software,osx,url_expression
452842122967   452842123251     501 24798 R 33432151  12288     Safari ??/Google/unwanted_software,osx,url_expression
452842123330   452842123644     501 24798 R 33432158  12288     Safari ??/Google/unwanted_software,osx,url_expression
452842123718   452842124044     501 24798 R 33432189  12288     Safari ??/Google/unwanted_software,osx,url_expression
452842621255   452842621557     501 24798 R 55544489   4096     Safari ??/Safari/CloudAutoFillCorrections.db
452842701798   452842702094     501 24798 R 32521321   4096     Safari ??/Safari/CloudAutoFillCorrections.db
452842702203   452842702444     501 24798 R 18595908   4096     Safari ??/Safari/CloudAutoFillCorrections.db
452842702516   452842702710     501 24798 R 18599551   4096     Safari ??/Safari/CloudAutoFillCorrections.db
452842847225   452842847484     501 24798 R 25231982   4096     Safari ??/Safari/AutoFillCorrections.db
452842847636   452842847893     501 24798 R 55544486   4096     Safari ??/Safari/CloudAutoFillCorrections.db
452842848123   452842848369     501 24798 R 55544487   4096     Safari ??/Safari/CloudAutoFillCorrections.db
452843519270   452843519367     501 24798 W 33545925   4096     Safari ??/LocalStorage/https_www.bing.com_0.localstorage-journal
452843519606   452843519688     501 24798 W 18958938   4096     Safari ??/LocalStorage/https_www.bing.com_0.localstorage
452843523188   452843523334     501 24798 W 33545926   4096     Safari ??/LocalStorage/https_www.bing.com_0.localstorage-wal
452843718022   452843718278     501 24798 R 51091893   4096     Safari ??/Favicon_Cache/favicons.db
452843718382   452843718616     501 24798 R 51111036   4096     Safari ??/Favicon_Cache/favicons.db
452843718689   452843718927     501 24798 R 25231583   4096     Safari ??/Favicon_Cache/favicons.db
452843719279   452843719547     501 24798 R 59263578   4096     Safari ??/Favicon_Cache/favicons.db
452843719614   452843719858     501 24798 R 51110987   4096     Safari ??/Favicon_Cache/favicons.db
452843719982   452843720219     501 24798 R 59263587   4096     Safari ??/Favicon_Cache/favicons.db
452843720361   452843720620     501 24798 R 39706068   4096     Safari ??/Favicon_Cache/favicons.db
452843721021   452843721255     501 24798 R 39706102   4096     Safari ??/Favicon_Cache/favicons.db
452843722209   452843722488     501 24798 R 32517748   8192     Safari ??/Favicon_Cache/favicons.db-wal
452843722591   452843722833     501 24798 R 25245486   4096     Safari ??/Favicon_Cache/favicons.db
452843723059   452843723295     501 24798 R 39706077   4096     Safari ??/Favicon_Cache/favicons.db
452843723362   452843723584     501 24798 R 39333015   4096     Safari ??/Favicon_Cache/favicons.db
452843911887   452843912146     501 24798 R 39704824   4096     Safari ??/Favicon_Cache/favicons.db
452843912247   452843912485     501 24798 R 59263582   4096     Safari ??/Favicon_Cache/favicons.db
452843913286   452843913525     501 24798 R 39706049   4096     Safari ??/Favicon_Cache/favicons.db
452843913606   452843913878     501 24798 R 51102324   4096     Safari ??/Favicon_Cache/favicons.db
452845154382   452845155954     501 24798 W 33554138 647168     Safari ??/ResourceLoadStatistics/full_browsing_session_resourceLog.plist
452846521888   452846522179     501 24798 R 59118419   4096     Safari ??/AddressBookAutoFillCellView.nib/AddressBookAutoFillCellView.nib/..namedfork/rsrc
452846522803   452846523038     501 24798 R 59118435   4096     Safari ??/CreditCardAutoFillCellView.nib/CreditCardAutoFillCellView.nib/..namedfork/rsrc
452846523390   452846523665     501 24798 R 59118433   4096     Safari ??/CredentialListCommandAutoFillCellView.nib/CredentialListCommandAutoFillCellView.nib/..namedfork/rsrc
452846524288   452846524550     501 24798 R 59118441   4096     Safari ??/PasswordGenerationAssistanceAutoFillCellView.nib/PasswordGenerationAssistanceAutoFillCellView.nib/..namedfork/rsrc
452846525156   452846525414     501 24798 R 59118431   4096     Safari ??/CaptionAutoFillCellView.nib/CaptionAutoFillCellView.nib/..namedfork/rsrc
452846526343   452846526563     501 24798 R 59118439   4096     Safari ??/OneTimeCodeAutoFillCellView.nib/OneTimeCodeAutoFillCellView.nib/..namedfork/rsrc
452848012069   452848012349     501 24798 R  3908277   4096     Safari ??/Contents/Info.plist
452848012622   452848012900     501 24798 R  5826232   4096     Safari ??/MacOS/npalicdo
452848013014   452848013322     501 24798 R  5826233   4096     Safari ??/MacOS/npalicdo
452848013690   452848013962     501 24798 R  5827954   4096     Safari ??/en.lproj/InfoPlist.strings
452848015799   452848016042     501 24798 R 17248431   4096     Safari ??/Contents/Info.plist
452848016358   452848016627     501 24798 R 17248432   4096     Safari ??/MacOS/ZoomUsPlugIn
452848016741   452848016992     501 24798 R 17248449   4096     Safari ??/MacOS/ZoomUsPlugIn
452848018427   452848018669     501 24798 R  1264663   4096     Safari ??/Contents/Info.plist
452848018951   452848019182     501 24798 R  1264686   4096     Safari ??/MacOS/aliedit
452848019265   452848019529     501 24798 R  1264687   4096     Safari ??/MacOS/aliedit
452848020497   452848020728     501 24798 R  1264713   4096     Safari ??/en.lproj/InfoPlist.strings
452848022844   452848023079     501 24798 R  3100534   4096     Safari ??/Contents/Info.plist
452848023321   452848023624     501 24798 R  3100535   4096     Safari ??/MacOS/UPEditorSafari
452848023713   452848023956     501 24798 R  3100585   4096     Safari ??/MacOS/UPEditorSafari
452848026007   452848026230     501 24798 R 21468633   4096     Safari ??/Contents/Info.plist
452848026493   452848026714     501 24798 R 21468634   4096     Safari ??/MacOS/googletalkbrowserplugin
452848026809   452848027119     501 24798 R 21468635   4096     Safari ??/MacOS/googletalkbrowserplugin
452848029645   452848029864     501 24798 R 15370076   4096     Safari ??/Contents/Info.plist
452848030116   452848030386     501 24798 R 15369403   4096     Safari ??/MacOS/AdobeAAMDetect
452848030469   452848030730     501 24798 R 15369404   4096     Safari ??/MacOS/AdobeAAMDetect
452848031104   452848031340     501 24798 R 15370075   4096     Safari ??/English.lproj/InfoPlist.strings
452848032564   452848032800     501 24798 R 29398728   4096     Safari ??/Contents/Info.plist
452848034602   452848034841     501 24798 R 21468792   4096     Safari ??/Contents/Info.plist
452848035091   452848035434     501 24798 R 21468793   4096     Safari ??/MacOS/o1dbrowserplugin
452848035516   452848035649     501 24798 R 21468794   4096     Safari ??/MacOS/o1dbrowserplugin
452848037246   452848037512     501 24798 R  3964695   4096     Safari ??/Contents/Info.plist
452848037791   452848038023     501 24798 R  3972254   4096     Safari ??/MacOS/SharePointBrowserPlugin
452848038115   452848038428     501 24798 R  3972255   4096     Safari ??/MacOS/SharePointBrowserPlugin
452848040672   452848040888     501 24798 R 29398803   4096     Safari ??/Contents/Info.plist
452848041175   452848041370     501 24798 R 29398804   4096     Safari ??/MacOS/AdobePDFViewerNPAPI
452848044924   452848045140     501 24798 R 59086728   4096     Safari ??/Contents/Info.plist
452848045395   452848045668     501 24798 R 36984459   4096     Safari ??/MacOS/MeetingJoinPlugin
452848045757   452848046022     501 24798 R 36984460   4096     Safari ??/MacOS/MeetingJoinPlugin
452848049390   452848049629     501 24798 R 15005175   4096     Safari ??/Contents/Info.plist
452848049878   452848050083     501 24798 R 15005217   4096     Safari ??/MacOS/CS_ChemDraw_Pro
452848052265   452848052504     501 24798 R  3972405   4096     Safari ??/Contents/Info.plist
452848054581   452848054854     501 24798 R 45901642   8192     Safari ??/Contents/Enabled.plist
452848055476   452848055723     501 24798 R 46337715   4096     Safari ??/lib/libnpjp2.dylib
452848063319   452848063550     501 24798 R 33429401   4096     Safari ??/Google/malware,osx,url_expression
452848063641   452848063954     501 24798 R 33429412  12288     Safari ??/Google/malware,osx,url_expression
452848064038   452848064332     501 24798 R 33429405   8192     Safari ??/Google/malware,osx,url_expression
452848064405   452848064642     501 24798 R 33429428   4096     Safari ??/Google/malware,osx,url_expression
452848064720   452848065002     501 24798 R 33429916  16384     Safari ??/Google/social_engineering,osx,url_expression
452848065104   452848065502     501 24798 R 33429901  49152     Safari ??/Google/social_engineering,osx,url_expression
452848065608   452848066000     501 24798 R 33429681  49152     Safari ??/Google/social_engineering,osx,url_expression
452848066076   452848066455     501 24798 R 33429724  45056     Safari ??/Google/social_engineering,osx,url_expression
452848066534   452848066901     501 24798 R 33429703  40960     Safari ??/Google/social_engineering,osx,url_expression
452848066978   452848067337     501 24798 R 33429693  36864     Safari ??/Google/social_engineering,osx,url_expression
452848067427   452848067542     501 24798 R 33429702   4096     Safari ??/Google/social_engineering,osx,url_expression
452848067622   452848068043     501 24798 R 33432097  40960     Safari ??/Google/social_engineering,osx,url_expression
452848068126   452848068540     501 24798 R 33432086  40960     Safari ??/Google/social_engineering,osx,url_expression
452848068614   452848068720     501 24798 R 33432096   4096     Safari ??/Google/social_engineering,osx,url_expression
452848068798   452848069182     501 24798 R 33430564  40960     Safari ??/Google/social_engineering,osx,url_expression
452848069254   452848069621     501 24798 R 33430585  40960     Safari ??/Google/social_engineering,osx,url_expression
452848069683   452848070027     501 24798 R 33430596  36864     Safari ??/Google/social_engineering,osx,url_expression
452848070086   452848070372     501 24798 R 33430605  20480     Safari ??/Google/social_engineering,osx,url_expression
452848070444   452848070792     501 24798 R 33430019  36864     Safari ??/Google/social_engineering,osx,url_expression
452848070859   452848071203     501 24798 R 33429977  36864     Safari ??/Google/social_engineering,osx,url_expression
452848071269   452848071617     501 24798 R 33429956  36864     Safari ??/Google/social_engineering,osx,url_expression
452848071688   452848072038     501 24798 R 33429945  36864     Safari ??/Google/social_engineering,osx,url_expression
452848072099   452848072202     501 24798 R 33429954   8192     Safari ??/Google/social_engineering,osx,url_expression
452848072265   452848072641     501 24798 R 33431699  36864     Safari ??/Google/social_engineering,osx,url_expression
452848072709   452848073096     501 24798 R 33431657  36864     Safari ??/Google/social_engineering,osx,url_expression
452848073171   452848073560     501 24798 R 33431678  36864     Safari ??/Google/social_engineering,osx,url_expression
452848073625   452848073999     501 24798 R 33431688  32768     Safari ??/Google/social_engineering,osx,url_expression
452848074063   452848074157     501 24798 R 33431687   4096     Safari ??/Google/social_engineering,osx,url_expression
452848074226   452848074605     501 24798 R 33431846  36864     Safari ??/Google/social_engineering,osx,url_expression
452848074668   452848075036     501 24798 R 33431856  32768     Safari ??/Google/social_engineering,osx,url_expression
452848075094   452848075184     501 24798 R 33431855   4096     Safari ??/Google/social_engineering,osx,url_expression
452848075248   452848075541     501 24798 R 33432071  16384     Safari ??/Google/social_engineering,osx,url_expression
452848075604   452848075945     501 24798 R 33429998  36864     Safari ??/Google/social_engineering,osx,url_expression
452848076007   452848076346     501 24798 R 33429987  36864     Safari ??/Google/social_engineering,osx,url_expression
452848076405   452848076511     501 24798 R 33429996   8192     Safari ??/Google/social_engineering,osx,url_expression
452848076584   452848076972     501 24798 R 33431909  36864     Safari ??/Google/social_engineering,osx,url_expression
452848077037   452848077413     501 24798 R 33431930  36864     Safari ??/Google/social_engineering,osx,url_expression
452848077473   452848077848     501 24798 R 33431919  36864     Safari ??/Google/social_engineering,osx,url_expression
452848077908   452848078017     501 24798 R 33431928   8192     Safari ??/Google/social_engineering,osx,url_expression
452848078079   452848078305     501 24798 R 33432142   4096     Safari ??/Google/unwanted_software,osx,url_expression
452848078362   452848078654     501 24798 R 33432131  16384     Safari ??/Google/unwanted_software,osx,url_expression
452848078710   452848078933     501 24798 R 33432135   4096     Safari ??/Google/unwanted_software,osx,url_expression
452848078993   452848079302     501 24798 R 33432167   8192     Safari ??/Google/unwanted_software,osx,url_expression
452848079377   452848079709     501 24798 R 33432144  16384     Safari ??/Google/unwanted_software,osx,url_expression
452848079785   452848080077     501 24798 R 33432218  12288     Safari ??/Google/unwanted_software,osx,url_expression
452848080269   452848080652     501 24798 R 33430397  36864     Safari ??/Google/social_engineering,osx,url_expression
452848080729   452848081114     501 24798 R 33430376  36864     Safari ??/Google/social_engineering,osx,url_expression
452848081176   452848081547     501 24798 R 33430386  32768     Safari ??/Google/social_engineering,osx,url_expression
452848081607   452848081890     501 24798 R 33430394  12288     Safari ??/Google/social_engineering,osx,url_expression
452848081955   452848082372     501 24798 R 33431310  36864     Safari ??/Google/social_engineering,osx,url_expression
452848082438   452848082753     501 24798 R 33431305  20480     Safari ??/Google/social_engineering,osx,url_expression
452848082828   452848083176     501 24798 R 33430124  36864     Safari ??/Google/social_engineering,osx,url_expression
452848083238   452848083603     501 24798 R 33430134  32768     Safari ??/Google/social_engineering,osx,url_expression
452848083664   452848083935     501 24798 R 33430142  20480     Safari ??/Google/social_engineering,osx,url_expression
452848084009   452848084397     501 24798 R 33431888  36864     Safari ??/Google/social_engineering,osx,url_expression
452848084536   452848084944     501 24798 R 33431877  36864     Safari ??/Google/social_engineering,osx,url_expression
452848085017   452848085353     501 24798 R 33431872  20480     Safari ??/Google/social_engineering,osx,url_expression
452848085427   452848085780     501 24798 R 33430061  36864     Safari ??/Google/social_engineering,osx,url_expression
452848085844   452848086174     501 24798 R 33430082  32768     Safari ??/Google/social_engineering,osx,url_expression
452848086239   452848086575     501 24798 R 33430092  32768     Safari ??/Google/social_engineering,osx,url_expression
452848086639   452848086919     501 24798 R 33430100  20480     Safari ??/Google/social_engineering,osx,url_expression
452848086994   452848087324     501 24798 R 33430544  32768     Safari ??/Google/social_engineering,osx,url_expression
452848087383   452848087700     501 24798 R 33430533  32768     Safari ??/Google/social_engineering,osx,url_expression
452848087757   452848088042     501 24798 R 33430528  20480     Safari ??/Google/social_engineering,osx,url_expression
452848088104   452848088467     501 24798 R 33430922  32768     Safari ??/Google/social_engineering,osx,url_expression
452848088532   452848088874     501 24798 R 33430932  32768     Safari ??/Google/social_engineering,osx,url_expression
452848088938   452848089214     501 24798 R 33430940  20480     Safari ??/Google/social_engineering,osx,url_expression
452848089292   452848089651     501 24798 R 33431667  32768     Safari ??/Google/social_engineering,osx,url_expression
452848089710   452848089938     501 24798 R 33431666   4096     Safari ??/Google/social_engineering,osx,url_expression
452848090003   452848090226     501 24798 R 33432161   4096     Safari ??/Google/unwanted_software,osx,url_expression
452848090284   452848090562     501 24798 R 33432196   8192     Safari ??/Google/unwanted_software,osx,url_expression
452848090616   452848090837     501 24798 R 33432150   4096     Safari ??/Google/unwanted_software,osx,url_expression
452848090894   452848091115     501 24798 R 33432148   4096     Safari ??/Google/unwanted_software,osx,url_expression
452848091171   452848091393     501 24798 R 33432181   4096     Safari ??/Google/unwanted_software,osx,url_expression
452848091578   452848091969     501 24798 R 33431982  36864     Safari ??/Google/social_engineering,osx,url_expression
452848092037   452848092359     501 24798 R 33431991  20480     Safari ??/Google/social_engineering,osx,url_expression
452848092426   452848092737     501 24798 R 33429546  16384     Safari ??/Google/social_engineering,osx,url_expression
452848092807   452848093156     501 24798 R 33431799  32768     Safari ??/Google/social_engineering,osx,url_expression
452848093223   452848093448     501 24798 R 33431807   4096     Safari ??/Google/social_engineering,osx,url_expression
452848093510   452848093852     501 24798 R 33430113  36864     Safari ??/Google/social_engineering,osx,url_expression
452848093910   452848094012     501 24798 R 33430122   8192     Safari ??/Google/social_engineering,osx,url_expression
452848094077   452848094419     501 24798 R 33430470  36864     Safari ??/Google/social_engineering,osx,url_expression
452848094478   452848094754     501 24798 R 33430465  20480     Safari ??/Google/social_engineering,osx,url_expression
452848094909   452848095261     501 24798 R 33429641  36864     Safari ??/Google/social_engineering,osx,url_expression
452848095327   452848095671     501 24798 R 33429620  36864     Safari ??/Google/social_engineering,osx,url_expression
452848095732   452848096073     501 24798 R 33429609  36864     Safari ??/Google/social_engineering,osx,url_expression
452848096131   452848096245     501 24798 R 33429618   8192     Safari ??/Google/social_engineering,osx,url_expression
452848096308   452848096654     501 24798 R 33429966  36864     Safari ??/Google/social_engineering,osx,url_expression
452848096713   452848096809     501 24798 R 33429965   4096     Safari ??/Google/social_engineering,osx,url_expression
452848096871   452848097253     501 24798 R 33432014  36864     Safari ??/Google/social_engineering,osx,url_expression
452848097313   452848097695     501 24798 R 33432024  36864     Safari ??/Google/social_engineering,osx,url_expression
452848097754   452848098048     501 24798 R 33432033  20480     Safari ??/Google/social_engineering,osx,url_expression
452848098117   452848098444     501 24798 R 33431971  20480     Safari ??/Google/social_engineering,osx,url_expression
452848098524   452848098875     501 24798 R 33429662  36864     Safari ??/Google/social_engineering,osx,url_expression
452848098937   452848099281     501 24798 R 33429672  36864     Safari ??/Google/social_engineering,osx,url_expression
452848099341   452848099445     501 24798 R 33429671   4096     Safari ??/Google/social_engineering,osx,url_expression
452848099516   452848099862     501 24798 R 33431174  36864     Safari ??/Google/social_engineering,osx,url_expression
452848099923   452848100274     501 24798 R 33431163  36864     Safari ??/Google/social_engineering,osx,url_expression
452848100331   452848100427     501 24798 R 33431172   8192     Safari ??/Google/social_engineering,osx,url_expression
452848100497   452848100720     501 24798 R 33432223   4096     Safari ??/Google/unwanted_software,osx,url_expression
452848113987   452848114401     501 24798 R 33429473  36864     Safari ??/Google/social_engineering,osx,url_expression
452848114499   452848114897     501 24798 R 33429494  36864     Safari ??/Google/social_engineering,osx,url_expression
452848114986   452848115435     501 24798 R 33429504  36864     Safari ??/Google/social_engineering,osx,url_expression
452848115525   452848115838     501 24798 R 33429513  20480     Safari ??/Google/social_engineering,osx,url_expression
452848115918   452848116269     501 24798 R 33429483  36864     Safari ??/Google/social_engineering,osx,url_expression
452848116329   452848116429     501 24798 R 33429482   4096     Safari ??/Google/social_engineering,osx,url_expression
452848116514   452848116906     501 24798 R 33431237  36864     Safari ??/Google/social_engineering,osx,url_expression
452848116974   452848117383     501 24798 R 33431216  36864     Safari ??/Google/social_engineering,osx,url_expression
452848117485   452848117920     501 24798 R 33431205  36864     Safari ??/Google/social_engineering,osx,url_expression
452848117988   452848118132     501 24798 R 33431214   8192     Safari ??/Google/social_engineering,osx,url_expression
452848118236   452848118625     501 24798 R 33429578  36864     Safari ??/Google/social_engineering,osx,url_expression
452848118700   452848119117     501 24798 R 33429567  36864     Safari ??/Google/social_engineering,osx,url_expression
452848119177   452848119320     501 24798 R 33429576   8192     Safari ??/Google/social_engineering,osx,url_expression
452848119410   452848119717     501 24798 R 33432125   8192     Safari ??/Google/unwanted_software,osx,url_expression
452848119798   452848120061     501 24798 R 33432129   4096     Safari ??/Google/unwanted_software,osx,url_expression
452848352771   452848353026     501 24798 R 33429415   4096     Safari ??/Google/malware,osx,url_expression
452848353113   452848353509     501 24798 R 33431294  36864     Safari ??/Google/social_engineering,osx,url_expression
452848353597   452848353852     501 24798 R 33429492   8192     Safari ??/Google/social_engineering,osx,url_expression
452848353941   452848354300     501 24798 R 33431142  36864     Safari ??/Google/social_engineering,osx,url_expression
452848354377   452848354659     501 24798 R 33431151  16384     Safari ??/Google/social_engineering,osx,url_expression
452848354742   452848355122     501 24798 R 33431258  36864     Safari ??/Google/social_engineering,osx,url_expression
452848355200   452848355645     501 24798 R 33431247  36864     Safari ??/Google/social_engineering,osx,url_expression
452848355720   452848355824     501 24798 R 33431256   8192     Safari ??/Google/social_engineering,osx,url_expression
452848355891   452848356329     501 24798 R 33430323  36864     Safari ??/Google/social_engineering,osx,url_expression
452848356390   452848356698     501 24798 R 33430332  16384     Safari ??/Google/social_engineering,osx,url_expression
452848356785   452848357173     501 24798 R 33430691  36864     Safari ??/Google/social_engineering,osx,url_expression
452848357243   452848357629     501 24798 R 33430733  36864     Safari ??/Google/social_engineering,osx,url_expression
452848357705   452848358088     501 24798 R 33430712  36864     Safari ??/Google/social_engineering,osx,url_expression
452848358155   452848358532     501 24798 R 33430722  36864     Safari ??/Google/social_engineering,osx,url_expression
452848358594   452848358883     501 24798 R 33430731   8192     Safari ??/Google/social_engineering,osx,url_expression
452848358957   452848359333     501 24798 R 33430754  36864     Safari ??/Google/social_engineering,osx,url_expression
452848359408   452848359792     501 24798 R 33430743  36864     Safari ??/Google/social_engineering,osx,url_expression
452848359852   452848359957     501 24798 R 33430752   8192     Safari ??/Google/social_engineering,osx,url_expression
452848360021   452848360404     501 24798 R 33430817  36864     Safari ??/Google/social_engineering,osx,url_expression
452848360474   452848360894     501 24798 R 33430796  36864     Safari ??/Google/social_engineering,osx,url_expression
452848360962   452848361347     501 24798 R 33430806  36864     Safari ??/Google/social_engineering,osx,url_expression
452848361420   452848361516     501 24798 R 33430805   4096     Safari ??/Google/social_engineering,osx,url_expression
452848361597   452848361936     501 24798 R 33432170  16384     Safari ??/Google/unwanted_software,osx,url_expression
452848362008   452848362101     501 24798 R 33432174   4096     Safari ??/Google/unwanted_software,osx,url_expression
452848362166   452848362474     501 24798 R 33432176  12288     Safari ??/Google/unwanted_software,osx,url_expression
452848383946   452848384391     501 24798 R 33430229  36864     Safari ??/Google/social_engineering,osx,url_expression
452848384485   452848384881     501 24798 R 33430250  36864     Safari ??/Google/social_engineering,osx,url_expression
452848384958   452848385358     501 24798 R 33430239  36864     Safari ??/Google/social_engineering,osx,url_expression
452848385446   452848385545     501 24798 R 33430238   4096     Safari ??/Google/social_engineering,osx,url_expression
452848385626   452848386072     501 24798 R 33431342  36864     Safari ??/Google/social_engineering,osx,url_expression
452848386141   452848386525     501 24798 R 33431331  36864     Safari ??/Google/social_engineering,osx,url_expression
452848386594   452848386715     501 24798 R 33431340   8192     Safari ??/Google/social_engineering,osx,url_expression
452848386802   452848387207     501 24798 R 33430649  36864     Safari ??/Google/social_engineering,osx,url_expression
452848387285   452848387731     501 24798 R 33430670  36864     Safari ??/Google/social_engineering,osx,url_expression
452848387802   452848388205     501 24798 R 33430659  36864     Safari ??/Google/social_engineering,osx,url_expression
452848388268   452848388400     501 24798 R 33430658   4096     Safari ??/Google/social_engineering,osx,url_expression
452848388496   452848388932     501 24798 R 33431819  36864     Safari ??/Google/social_engineering,osx,url_expression
452848388997   452848389252     501 24798 R 33431918   4096     Safari ??/Google/social_engineering,osx,url_expression
452848753252   452848753723     501 24798 R 33429808  40960     Safari ??/Google/social_engineering,osx,url_expression
452848753812   452848754165     501 24798 R 33429830  36864     Safari ??/Google/social_engineering,osx,url_expression
452848754245   452848754604     501 24798 R 33429819  36864     Safari ??/Google/social_engineering,osx,url_expression
452848754687   452848754811     501 24798 R 33429828   8192     Safari ??/Google/social_engineering,osx,url_expression
452848754892   452848755247     501 24798 R 33429452  36864     Safari ??/Google/social_engineering,osx,url_expression
452848755316   452848755733     501 24798 R 33429441  36864     Safari ??/Google/social_engineering,osx,url_expression
452848755806   452848756189     501 24798 R 33429436  20480     Safari ??/Google/social_engineering,osx,url_expression
452848756297   452848756612     501 24798 R 33431886   8192     Safari ??/Google/social_engineering,osx,url_expression
452848756724   452848757145     501 24798 R 33431467  40960     Safari ??/Google/social_engineering,osx,url_expression
452848757219   452848757661     501 24798 R 33431478  36864     Safari ??/Google/social_engineering,osx,url_expression
452848757724   452848757849     501 24798 R 33431477   4096     Safari ??/Google/social_engineering,osx,url_expression
452848757946   452848758273     501 24798 R 33432137  12288     Safari ??/Google/unwanted_software,osx,url_expression
452848758351   452848758618     501 24798 R 33432202   4096     Safari ??/Google/unwanted_software,osx,url_expression
452848808377   452848808860     501 24798 R 33430889  40960     Safari ??/Google/social_engineering,osx,url_expression
452848808982   452848809379     501 24798 R 33430501  40960     Safari ??/Google/social_engineering,osx,url_expression
452848809511   452848809899     501 24798 R 33430490  40960     Safari ??/Google/social_engineering,osx,url_expression
452848809995   452848810360     501 24798 R 33429787  40960     Safari ??/Google/social_engineering,osx,url_expression
452848810440   452848810804     501 24798 R 33429776  40960     Safari ??/Google/social_engineering,osx,url_expression
452848810871   452848810979     501 24798 R 33429786   4096     Safari ??/Google/social_engineering,osx,url_expression
452848811075   452848811475     501 24798 R 33430679  40960     Safari ??/Google/social_engineering,osx,url_expression
452848811597   452848811830     501 24798 R 33432165   4096     Safari ??/Google/unwanted_software,osx,url_expression
452852929238   452852929321     501 24798 W 33555283   4096     Safari ??/(A_Document_Being_Saved_By_Safari)/LastSession.plist
452854616960   452854618406     501 24798 W 33555284   8192     Safari ??/(A_Document_Being_Saved_By_Safari)/CacheSettings.plist
452855689085   452855689413     501 24798 R 23485892   4096     Safari ??/dyld/dyld_shared_cache_x86_64
452855726778   452855727077     501 24798 R 23485604   4096     Safari ??/dyld/dyld_shared_cache_x86_64
452855727192   452855727473     501 24798 R 23485709   4096     Safari ??/dyld/dyld_shared_cache_x86_64
452856480583   452856480895     501 24798 R 23485717   4096     Safari ??/dyld/dyld_shared_cache_x86_64
452857549763   452857550133     501 24798 R 33555314   4096     Safari ??/LocalStorage/https_www.bing.com_0.localstorage-wal
452863356049   452863356594     501 24798 R 59118419   4096     Safari ??/AddressBookAutoFillCellView.nib/AddressBookAutoFillCellView.nib/..namedfork/rsrc
452863357021   452863357263     501 24798 R 59118435   4096     Safari ??/CreditCardAutoFillCellView.nib/CreditCardAutoFillCellView.nib/..namedfork/rsrc
452863357672   452863357953     501 24798 R 59118433   4096     Safari ??/CredentialListCommandAutoFillCellView.nib/CredentialListCommandAutoFillCellView.nib/..namedfork/rsrc
452863358338   452863358614     501 24798 R 59118441   4096     Safari ??/PasswordGenerationAssistanceAutoFillCellView.nib/PasswordGenerationAssistanceAutoFillCellView.nib/..namedfork/rsrc
452863358982   452863359255     501 24798 R 59118431   4096     Safari ??/CaptionAutoFillCellView.nib/CaptionAutoFillCellView.nib/..namedfork/rsrc
452863359998   452863360231     501 24798 R 59118439   4096     Safari ??/OneTimeCodeAutoFillCellView.nib/OneTimeCodeAutoFillCellView.nib/..namedfork/rsrc
452869058647   452869060254     501 24798 R 33556398   4096     Safari ??/LocalStorage/https_www.bing.com_0.localstorage-wal
452871534082   452871535667     501 24798 R 18960191   4096     Safari ??/com.apple.Safari.savedState/data.data
452872955116   452872955346     501 24798 R 23485897   4096     Safari ??/dyld/dyld_shared_cache_x86_64
452872957705   452872958018     501 24798 R 23485520  16384     Safari ??/dyld/dyld_shared_cache_x86_64
452872979018   452872979218     501 24798 R 23486076   4096     Safari ??/dyld/dyld_shared_cache_x86_64
452872979337   452872979542     501 24798 R 23485150   4096     Safari ??/dyld/dyld_shared_cache_x86_64
452873035872   452873036075     501 24798 R 30602529   4096     Safari ??/dyld/dyld_shared_cache_x86_64
452873402198   452873402593     501 24798 R 56870479  28672     Safari ??/dyld/dyld_shared_cache_x86_64
452877058980   452877059578     501 24798 R 33556703   4096     Safari ??/LocalStorage/https_www.bing.com_0.localstorage-wal
452878728765   452878729020     501 24798 R 59118419   4096     Safari ??/AddressBookAutoFillCellView.nib/AddressBookAutoFillCellView.nib/..namedfork/rsrc
452878729365   452878729637     501 24798 R 59118435   4096     Safari ??/CreditCardAutoFillCellView.nib/CreditCardAutoFillCellView.nib/..namedfork/rsrc
452878729961   452878730204     501 24798 R 59118433   4096     Safari ??/CredentialListCommandAutoFillCellView.nib/CredentialListCommandAutoFillCellView.nib/..namedfork/rsrc
452878730513   452878730758     501 24798 R 59118441   4096     Safari ??/PasswordGenerationAssistanceAutoFillCellView.nib/PasswordGenerationAssistanceAutoFillCellView.nib/..namedfork/rsrc
452878731069   452878731295     501 24798 R 59118431   4096     Safari ??/CaptionAutoFillCellView.nib/CaptionAutoFillCellView.nib/..namedfork/rsrc
452878731882   452878732078     501 24798 R 59118439   4096     Safari ??/OneTimeCodeAutoFillCellView.nib/OneTimeCodeAutoFillCellView.nib/..namedfork/rsrc
452882137125   452882137508     501 24798 R 54391675  12288     Safari ??/langid.inv/langid.inv/..namedfork/rsrc
452892024074   452892024370     501 24798 R 23481982   4096     Safari ??/dyld/dyld_shared_cache_x86_64
452897852352   452897852693     501 24798 R 33556712   4096     Safari ??/LocalStorage/https_www.bing.com_0.localstorage-wal
452901904100   452901905712     501 24798 R 33556539   4096     Safari ??/com.apple.Safari.savedState/data.data
452910308496   452910310700     501 24798 R 59118419   4096     Safari ??/AddressBookAutoFillCellView.nib/AddressBookAutoFillCellView.nib/..namedfork/rsrc
452910311248   452910311689     501 24798 R 59118435   4096     Safari ??/CreditCardAutoFillCellView.nib/CreditCardAutoFillCellView.nib/..namedfork/rsrc
452910312221   452910312596     501 24798 R 59118433   4096     Safari ??/CredentialListCommandAutoFillCellView.nib/CredentialListCommandAutoFillCellView.nib/..namedfork/rsrc
452910312983   452910313284     501 24798 R 59118441   4096     Safari ??/PasswordGenerationAssistanceAutoFillCellView.nib/PasswordGenerationAssistanceAutoFillCellView.nib/..namedfork/rsrc
452910313620   452910313908     501 24798 R 59118431   4096     Safari ??/CaptionAutoFillCellView.nib/CaptionAutoFillCellView.nib/..namedfork/rsrc
452910314540   452910314747     501 24798 R 59118439   4096     Safari ??/OneTimeCodeAutoFillCellView.nib/OneTimeCodeAutoFillCellView.nib/..namedfork/rsrc
452911444146   452911445925     501 24798 R 38386202  28672     Safari ??/dyld/dyld_shared_cache_x86_64
452920217589   452920217791     501 24798 R 50266974   4096     Safari ??/TabSnapshots/Metadata.db
452920248121   452920248381     501 24798 W 33558762  40960     Safari ??/LocalStorage/https_www.bing.com_0.localstorage-wal
452920248319   452920248602     501 24798 W 33559210  45056     Safari ??/LocalStorage/https_www.bing.com_0.localstorage-wal
452920273779   452920273877     501 24798 W 18958938   4096     Safari ??/LocalStorage/https_www.bing.com_0.localstorage
452920273927   452920274096     501 24798 W 33559226  24576     Safari ??/LocalStorage/https_www.bing.com_0.localstorage
452920283582   452920283715     501 24798 W 33556520   4096     Safari ??/LocalStorage/https_www.bing.com_0.localstorage-shm
452920283649   452920283777     501 24798 W 33556524   8192     Safari ??/LocalStorage/https_www.bing.com_0.localstorage-shm
452921949437   452921949694     501 24798 R 33289177   4096     Safari ??/com.apple.Safari.savedState/windows.plist
452922120764   452922121258     501 24798 W 33289177   4096     Safari ??/com.apple.Safari.savedState/windows.plist


