STIME          TIME             UID   PID D    BLOCK   SIZE       COMM PATHNAME
514707538034   514707539682     501 48300 R 53342777   8192     Safari ??/favicons/238F7B5C5B4D2741FF848BBBD9606287
514707673460   514707675115     501 48300 R 23522207  12288     Safari ??/dyld/dyld_shared_cache_x86_64
514707675453   514707675689     501 48300 R 42910908   4096     Safari ??/Latn/Dict1.dat
514707690268   514707690566     501 48300 R 51984357   4096     Safari ??/Google/malware,osx,url_expression
514707690672   514707690952     501 48300 R 51984334   4096     Safari ??/Google/malware,osx,url_expression
514707691059   514707691436     501 48300 R 52040038  28672     Safari ??/Google/social_engineering,osx,url_expression
514707691533   514707691904     501 48300 R 52040059  28672     Safari ??/Google/social_engineering,osx,url_expression
514707692010   514707692380     501 48300 R 52040070  28672     Safari ??/Google/social_engineering,osx,url_expression
514707692459   514707692770     501 48300 R 52040066  16384     Safari ??/Google/social_engineering,osx,url_expression
514707692842   514707693189     501 48300 R 52040374  28672     Safari ??/Google/social_engineering,osx,url_expression
514707693253   514707693605     501 48300 R 52040353  28672     Safari ??/Google/social_engineering,osx,url_expression
514707693688   514707694039     501 48300 R 52040343  28672     Safari ??/Google/social_engineering,osx,url_expression
514707694110   514707694430     501 48300 R 52040338  20480     Safari ??/Google/social_engineering,osx,url_expression
514707694499   514707694772     501 48300 R 52040336   8192     Safari ??/Google/social_engineering,osx,url_expression
514707694841   514707695171     501 48300 R 52038739  32768     Safari ??/Google/social_engineering,osx,url_expression
514707695261   514707695608     501 48300 R 52038209  32768     Safari ??/Google/social_engineering,osx,url_expression
514707695677   514707696001     501 48300 R 52038167  32768     Safari ??/Google/social_engineering,osx,url_expression
514707696067   514707696405     501 48300 R 52038146  32768     Safari ??/Google/social_engineering,osx,url_expression
514707696484   514707696884     501 48300 R 52038156  32768     Safari ??/Google/social_engineering,osx,url_expression
514707696949   514707697046     501 48300 R 52038154   8192     Safari ??/Google/social_engineering,osx,url_expression
514707697123   514707697400     501 48300 R 52040751   8192     Safari ??/Google/unwanted_software,osx,url_expression
514707697465   514707697751     501 48300 R 52040763  12288     Safari ??/Google/unwanted_software,osx,url_expression
514707697816   514707698170     501 48300 R 52040683  20480     Safari ??/Google/unwanted_software,osx,url_expression
514708828848   514708830450     501 48300 R 51974547   8192     Safari ??/Favicon_Cache/favicons.db-wal
514708830593   514708830871     501 48300 R 25245486   4096     Safari ??/Favicon_Cache/favicons.db
514708830977   514708831271     501 48300 R 25231579   4096     Safari ??/Favicon_Cache/favicons.db
514708831362   514708831619     501 48300 R 25251222   4096     Safari ??/Favicon_Cache/favicons.db
514708831755   514708831998     501 48300 R 51974553   4096     Safari ??/Favicon_Cache/favicons.db-wal
514708877215   514708877610     501 48300 R 38386393   4096     Safari ??/dyld/dyld_shared_cache_x86_64
514710226597   514710226884     501 48300 R 51984339   4096     Safari ??/Google/malware,osx,url_expression
514710226974   514710227214     501 48300 R 51984343   4096     Safari ??/Google/malware,osx,url_expression
514710227319   514710227630     501 48300 R 52039201  16384     Safari ??/Google/social_engineering,osx,url_expression
514710227729   514710228134     501 48300 R 52039212  32768     Safari ??/Google/social_engineering,osx,url_expression
514710228217   514710228315     501 48300 R 52039220   4096     Safari ??/Google/social_engineering,osx,url_expression
514710228407   514710228778     501 48300 R 52038545  32768     Safari ??/Google/social_engineering,osx,url_expression
514710228856   514710229187     501 48300 R 52038503  32768     Safari ??/Google/social_engineering,osx,url_expression
514710229262   514710229616     501 48300 R 52038482  32768     Safari ??/Google/social_engineering,osx,url_expression
514710229695   514710230074     501 48300 R 52038492  32768     Safari ??/Google/social_engineering,osx,url_expression
514710230147   514710230409     501 48300 R 52038500  12288     Safari ??/Google/social_engineering,osx,url_expression
514710230494   514710230826     501 48300 R 52038881  32768     Safari ??/Google/social_engineering,osx,url_expression
514710230905   514710231255     501 48300 R 52038923  32768     Safari ??/Google/social_engineering,osx,url_expression
514710231331   514710231675     501 48300 R 52038902  32768     Safari ??/Google/social_engineering,osx,url_expression
514710231753   514710232106     501 48300 R 52038912  32768     Safari ??/Google/social_engineering,osx,url_expression
514710232180   514710232446     501 48300 R 52038920  12288     Safari ??/Google/social_engineering,osx,url_expression
514710232519   514710232878     501 48300 R 52037999  32768     Safari ??/Google/social_engineering,osx,url_expression
514710232949   514710233335     501 48300 R 52038020  32768     Safari ??/Google/social_engineering,osx,url_expression
514710233403   514710233759     501 48300 R 52038009  32768     Safari ??/Google/social_engineering,osx,url_expression
514710233829   514710234112     501 48300 R 52038017  12288     Safari ??/Google/social_engineering,osx,url_expression
514710234198   514710234565     501 48300 R 52037663  32768     Safari ??/Google/social_engineering,osx,url_expression
514710234637   514710235006     501 48300 R 52037642  32768     Safari ??/Google/social_engineering,osx,url_expression
514710235080   514710235441     501 48300 R 52037652  32768     Safari ??/Google/social_engineering,osx,url_expression
514710235510   514710235608     501 48300 R 52037650   8192     Safari ??/Google/social_engineering,osx,url_expression
514710235691   514710236017     501 48300 R 52040696  20480     Safari ??/Google/unwanted_software,osx,url_expression
514710236090   514710236412     501 48300 R 52040709  20480     Safari ??/Google/unwanted_software,osx,url_expression
514710236483   514710236778     501 48300 R 52040676  12288     Safari ??/Google/unwanted_software,osx,url_expression
514710236837   514710237110     501 48300 R 52040664   8192     Safari ??/Google/unwanted_software,osx,url_expression
514716428378   514716429159     501 48300 R 53349265   4096     Safari ??/LocalStorage/https_www.youtube.com_0.localstorage-wal
514718302805   514718304122     501 48300 W 53349753   8192     Safari ??/(A_Document_Being_Saved_By_Safari)/LastSession.plist
514719487774   514719488276     501 48300 W 53349756   4096     Safari ??/(A_Document_Being_Saved_By_Safari)/SearchDescriptions.plist
514719487899   514719488387     501 48300 W 53349757   8192     Safari ??/(A_Document_Being_Saved_By_Safari)/CacheSettings.plist
514722813525   514722814898     501 48300 R 53347711   4096     Safari ??/com.apple.Safari.savedState/data.data


